Calling target program-options parser
[13:42:20.333] [bmv2] [D] [thread 3169] Set default default entry for table 'tbl_srcRoute_finish': MyIngress.srcRoute_finish - 
[13:42:20.333] [bmv2] [D] [thread 3169] Set default default entry for table 'tbl_srcRoute_nhop': MyIngress.srcRoute_nhop - 
[13:42:20.333] [bmv2] [D] [thread 3169] Set default default entry for table 'tbl_update_ttl': MyIngress.update_ttl - 
[13:42:20.333] [bmv2] [D] [thread 3169] Set default default entry for table 'tbl_drop': MyIngress.drop - 
Adding interface s2-eth1 as port 1
[13:42:20.334] [bmv2] [D] [thread 3169] Adding interface s2-eth1 as port 1
Adding interface s2-eth2 as port 2
[13:42:20.336] [bmv2] [D] [thread 3169] Adding interface s2-eth2 as port 2
Server listening on 0.0.0.0:50052
[13:42:20.338] [bmv2] [I] [thread 3169] Starting Thrift server on port 9091
[13:42:20.338] [bmv2] [I] [thread 3169] Thrift server was started
[13:42:20.566] [bmv2] [D] [thread 3179] [0.0] [cxt 0] Processing packet received on port 2
[13:42:20.566] [bmv2] [D] [thread 3179] [0.0] [cxt 0] Parser 'parser': start
[13:42:20.566] [bmv2] [D] [thread 3179] [0.0] [cxt 0] Parser 'parser' entering state 'start'
[13:42:20.566] [bmv2] [D] [thread 3179] [0.0] [cxt 0] Extracting header 'ethernet'
[13:42:20.566] [bmv2] [D] [thread 3179] [0.0] [cxt 0] Parser state 'start': key is 86dd
[13:42:20.566] [bmv2] [T] [thread 3179] [0.0] [cxt 0] Bytes parsed: 14
[13:42:20.566] [bmv2] [D] [thread 3179] [0.0] [cxt 0] Parser 'parser': end
[13:42:20.566] [bmv2] [D] [thread 3179] [0.0] [cxt 0] Pipeline 'ingress': start
[13:42:20.566] [bmv2] [T] [thread 3179] [0.0] [cxt 0] source_routing.p4(126) Condition "hdr.srcRoutes[0].isValid()" (node_2) is false
[13:42:20.566] [bmv2] [T] [thread 3179] [0.0] [cxt 0] Applying table 'tbl_drop'
[13:42:20.566] [bmv2] [D] [thread 3179] [0.0] [cxt 0] Looking up key:

[13:42:20.566] [bmv2] [D] [thread 3179] [0.0] [cxt 0] Table 'tbl_drop': miss
[13:42:20.566] [bmv2] [D] [thread 3179] [0.0] [cxt 0] Action entry is MyIngress.drop - 
[13:42:20.566] [bmv2] [T] [thread 3179] [0.0] [cxt 0] Action MyIngress.drop
[13:42:20.566] [bmv2] [T] [thread 3179] [0.0] [cxt 0] source_routing.p4(109) Primitive mark_to_drop(standard_metadata)
[13:42:20.567] [bmv2] [D] [thread 3179] [0.0] [cxt 0] Pipeline 'ingress': end
[13:42:20.567] [bmv2] [D] [thread 3179] [0.0] [cxt 0] Egress port is 511
[13:42:20.567] [bmv2] [D] [thread 3179] [0.0] [cxt 0] Dropping packet at the end of ingress
[13:42:20.866] [bmv2] [D] [thread 3179] [1.0] [cxt 0] Processing packet received on port 1
[13:42:20.866] [bmv2] [D] [thread 3179] [1.0] [cxt 0] Parser 'parser': start
[13:42:20.866] [bmv2] [D] [thread 3179] [1.0] [cxt 0] Parser 'parser' entering state 'start'
[13:42:20.866] [bmv2] [D] [thread 3179] [1.0] [cxt 0] Extracting header 'ethernet'
[13:42:20.866] [bmv2] [D] [thread 3179] [1.0] [cxt 0] Parser state 'start': key is 86dd
[13:42:20.866] [bmv2] [T] [thread 3179] [1.0] [cxt 0] Bytes parsed: 14
[13:42:20.866] [bmv2] [D] [thread 3179] [1.0] [cxt 0] Parser 'parser': end
[13:42:20.866] [bmv2] [D] [thread 3179] [1.0] [cxt 0] Pipeline 'ingress': start
[13:42:20.866] [bmv2] [T] [thread 3179] [1.0] [cxt 0] source_routing.p4(126) Condition "hdr.srcRoutes[0].isValid()" (node_2) is false
[13:42:20.866] [bmv2] [T] [thread 3179] [1.0] [cxt 0] Applying table 'tbl_drop'
[13:42:20.866] [bmv2] [D] [thread 3179] [1.0] [cxt 0] Looking up key:

[13:42:20.866] [bmv2] [D] [thread 3179] [1.0] [cxt 0] Table 'tbl_drop': miss
[13:42:20.866] [bmv2] [D] [thread 3179] [1.0] [cxt 0] Action entry is MyIngress.drop - 
[13:42:20.866] [bmv2] [T] [thread 3179] [1.0] [cxt 0] Action MyIngress.drop
[13:42:20.866] [bmv2] [T] [thread 3179] [1.0] [cxt 0] source_routing.p4(109) Primitive mark_to_drop(standard_metadata)
[13:42:20.866] [bmv2] [D] [thread 3179] [1.0] [cxt 0] Pipeline 'ingress': end
[13:42:20.866] [bmv2] [D] [thread 3179] [1.0] [cxt 0] Egress port is 511
[13:42:20.866] [bmv2] [D] [thread 3179] [1.0] [cxt 0] Dropping packet at the end of ingress
[13:42:20.866] [bmv2] [D] [thread 3179] [2.0] [cxt 0] Processing packet received on port 1
[13:42:20.866] [bmv2] [D] [thread 3179] [2.0] [cxt 0] Parser 'parser': start
[13:42:20.866] [bmv2] [D] [thread 3179] [2.0] [cxt 0] Parser 'parser' entering state 'start'
[13:42:20.866] [bmv2] [D] [thread 3179] [2.0] [cxt 0] Extracting header 'ethernet'
[13:42:20.866] [bmv2] [D] [thread 3179] [2.0] [cxt 0] Parser state 'start': key is 86dd
[13:42:20.866] [bmv2] [T] [thread 3179] [2.0] [cxt 0] Bytes parsed: 14
[13:42:20.866] [bmv2] [D] [thread 3179] [2.0] [cxt 0] Parser 'parser': end
[13:42:20.866] [bmv2] [D] [thread 3179] [2.0] [cxt 0] Pipeline 'ingress': start
[13:42:20.866] [bmv2] [T] [thread 3179] [2.0] [cxt 0] source_routing.p4(126) Condition "hdr.srcRoutes[0].isValid()" (node_2) is false
[13:42:20.866] [bmv2] [T] [thread 3179] [2.0] [cxt 0] Applying table 'tbl_drop'
[13:42:20.866] [bmv2] [D] [thread 3179] [2.0] [cxt 0] Looking up key:

[13:42:20.866] [bmv2] [D] [thread 3179] [2.0] [cxt 0] Table 'tbl_drop': miss
[13:42:20.866] [bmv2] [D] [thread 3179] [2.0] [cxt 0] Action entry is MyIngress.drop - 
[13:42:20.866] [bmv2] [T] [thread 3179] [2.0] [cxt 0] Action MyIngress.drop
[13:42:20.866] [bmv2] [T] [thread 3179] [2.0] [cxt 0] source_routing.p4(109) Primitive mark_to_drop(standard_metadata)
[13:42:20.866] [bmv2] [D] [thread 3179] [2.0] [cxt 0] Pipeline 'ingress': end
[13:42:20.866] [bmv2] [D] [thread 3179] [2.0] [cxt 0] Egress port is 511
[13:42:20.866] [bmv2] [D] [thread 3179] [2.0] [cxt 0] Dropping packet at the end of ingress
[13:42:20.987] [bmv2] [D] [thread 3179] [3.0] [cxt 0] Processing packet received on port 1
[13:42:20.987] [bmv2] [D] [thread 3179] [3.0] [cxt 0] Parser 'parser': start
[13:42:20.987] [bmv2] [D] [thread 3179] [3.0] [cxt 0] Parser 'parser' entering state 'start'
[13:42:20.987] [bmv2] [D] [thread 3179] [3.0] [cxt 0] Extracting header 'ethernet'
[13:42:20.987] [bmv2] [D] [thread 3179] [3.0] [cxt 0] Parser state 'start': key is 86dd
[13:42:20.987] [bmv2] [T] [thread 3179] [3.0] [cxt 0] Bytes parsed: 14
[13:42:20.987] [bmv2] [D] [thread 3179] [3.0] [cxt 0] Parser 'parser': end
[13:42:20.987] [bmv2] [D] [thread 3179] [3.0] [cxt 0] Pipeline 'ingress': start
[13:42:20.987] [bmv2] [T] [thread 3179] [3.0] [cxt 0] source_routing.p4(126) Condition "hdr.srcRoutes[0].isValid()" (node_2) is false
[13:42:20.987] [bmv2] [T] [thread 3179] [3.0] [cxt 0] Applying table 'tbl_drop'
[13:42:20.987] [bmv2] [D] [thread 3179] [3.0] [cxt 0] Looking up key:

[13:42:20.987] [bmv2] [D] [thread 3179] [3.0] [cxt 0] Table 'tbl_drop': miss
[13:42:20.987] [bmv2] [D] [thread 3179] [3.0] [cxt 0] Action entry is MyIngress.drop - 
[13:42:20.987] [bmv2] [T] [thread 3179] [3.0] [cxt 0] Action MyIngress.drop
[13:42:20.987] [bmv2] [T] [thread 3179] [3.0] [cxt 0] source_routing.p4(109) Primitive mark_to_drop(standard_metadata)
[13:42:20.987] [bmv2] [D] [thread 3179] [3.0] [cxt 0] Pipeline 'ingress': end
[13:42:20.987] [bmv2] [D] [thread 3179] [3.0] [cxt 0] Egress port is 511
[13:42:20.987] [bmv2] [D] [thread 3179] [3.0] [cxt 0] Dropping packet at the end of ingress
[13:42:20.987] [bmv2] [D] [thread 3179] [4.0] [cxt 0] Processing packet received on port 1
[13:42:20.987] [bmv2] [D] [thread 3179] [4.0] [cxt 0] Parser 'parser': start
[13:42:20.987] [bmv2] [D] [thread 3179] [4.0] [cxt 0] Parser 'parser' entering state 'start'
[13:42:20.987] [bmv2] [D] [thread 3179] [4.0] [cxt 0] Extracting header 'ethernet'
[13:42:20.987] [bmv2] [D] [thread 3179] [4.0] [cxt 0] Parser state 'start': key is 86dd
[13:42:20.987] [bmv2] [T] [thread 3179] [4.0] [cxt 0] Bytes parsed: 14
[13:42:20.987] [bmv2] [D] [thread 3179] [4.0] [cxt 0] Parser 'parser': end
[13:42:20.987] [bmv2] [D] [thread 3179] [4.0] [cxt 0] Pipeline 'ingress': start
[13:42:20.987] [bmv2] [T] [thread 3179] [4.0] [cxt 0] source_routing.p4(126) Condition "hdr.srcRoutes[0].isValid()" (node_2) is false
[13:42:20.987] [bmv2] [T] [thread 3179] [4.0] [cxt 0] Applying table 'tbl_drop'
[13:42:20.987] [bmv2] [D] [thread 3179] [4.0] [cxt 0] Looking up key:

[13:42:20.987] [bmv2] [D] [thread 3179] [4.0] [cxt 0] Table 'tbl_drop': miss
[13:42:20.987] [bmv2] [D] [thread 3179] [4.0] [cxt 0] Action entry is MyIngress.drop - 
[13:42:20.987] [bmv2] [T] [thread 3179] [4.0] [cxt 0] Action MyIngress.drop
[13:42:20.987] [bmv2] [T] [thread 3179] [4.0] [cxt 0] source_routing.p4(109) Primitive mark_to_drop(standard_metadata)
[13:42:20.987] [bmv2] [D] [thread 3179] [4.0] [cxt 0] Pipeline 'ingress': end
[13:42:20.987] [bmv2] [D] [thread 3179] [4.0] [cxt 0] Egress port is 511
[13:42:20.987] [bmv2] [D] [thread 3179] [4.0] [cxt 0] Dropping packet at the end of ingress
[13:42:21.206] [bmv2] [D] [thread 3179] [5.0] [cxt 0] Processing packet received on port 2
[13:42:21.206] [bmv2] [D] [thread 3179] [5.0] [cxt 0] Parser 'parser': start
[13:42:21.206] [bmv2] [D] [thread 3179] [5.0] [cxt 0] Parser 'parser' entering state 'start'
[13:42:21.206] [bmv2] [D] [thread 3179] [5.0] [cxt 0] Extracting header 'ethernet'
[13:42:21.206] [bmv2] [D] [thread 3179] [5.0] [cxt 0] Parser state 'start': key is 86dd
[13:42:21.206] [bmv2] [T] [thread 3179] [5.0] [cxt 0] Bytes parsed: 14
[13:42:21.206] [bmv2] [D] [thread 3179] [5.0] [cxt 0] Parser 'parser': end
[13:42:21.206] [bmv2] [D] [thread 3179] [5.0] [cxt 0] Pipeline 'ingress': start
[13:42:21.206] [bmv2] [T] [thread 3179] [5.0] [cxt 0] source_routing.p4(126) Condition "hdr.srcRoutes[0].isValid()" (node_2) is false
[13:42:21.206] [bmv2] [T] [thread 3179] [5.0] [cxt 0] Applying table 'tbl_drop'
[13:42:21.206] [bmv2] [D] [thread 3179] [5.0] [cxt 0] Looking up key:

[13:42:21.206] [bmv2] [D] [thread 3179] [5.0] [cxt 0] Table 'tbl_drop': miss
[13:42:21.206] [bmv2] [D] [thread 3179] [5.0] [cxt 0] Action entry is MyIngress.drop - 
[13:42:21.206] [bmv2] [T] [thread 3179] [5.0] [cxt 0] Action MyIngress.drop
[13:42:21.206] [bmv2] [T] [thread 3179] [5.0] [cxt 0] source_routing.p4(109) Primitive mark_to_drop(standard_metadata)
[13:42:21.206] [bmv2] [D] [thread 3179] [5.0] [cxt 0] Pipeline 'ingress': end
[13:42:21.206] [bmv2] [D] [thread 3179] [5.0] [cxt 0] Egress port is 511
[13:42:21.206] [bmv2] [D] [thread 3179] [5.0] [cxt 0] Dropping packet at the end of ingress
[13:42:21.206] [bmv2] [D] [thread 3179] [6.0] [cxt 0] Processing packet received on port 2
[13:42:21.206] [bmv2] [D] [thread 3179] [6.0] [cxt 0] Parser 'parser': start
[13:42:21.206] [bmv2] [D] [thread 3179] [6.0] [cxt 0] Parser 'parser' entering state 'start'
[13:42:21.206] [bmv2] [D] [thread 3179] [6.0] [cxt 0] Extracting header 'ethernet'
[13:42:21.207] [bmv2] [D] [thread 3179] [6.0] [cxt 0] Parser state 'start': key is 86dd
[13:42:21.207] [bmv2] [T] [thread 3179] [6.0] [cxt 0] Bytes parsed: 14
[13:42:21.207] [bmv2] [D] [thread 3179] [6.0] [cxt 0] Parser 'parser': end
[13:42:21.207] [bmv2] [D] [thread 3179] [6.0] [cxt 0] Pipeline 'ingress': start
[13:42:21.207] [bmv2] [T] [thread 3179] [6.0] [cxt 0] source_routing.p4(126) Condition "hdr.srcRoutes[0].isValid()" (node_2) is false
[13:42:21.207] [bmv2] [T] [thread 3179] [6.0] [cxt 0] Applying table 'tbl_drop'
[13:42:21.207] [bmv2] [D] [thread 3179] [6.0] [cxt 0] Looking up key:

[13:42:21.207] [bmv2] [D] [thread 3179] [6.0] [cxt 0] Table 'tbl_drop': miss
[13:42:21.207] [bmv2] [D] [thread 3179] [6.0] [cxt 0] Action entry is MyIngress.drop - 
[13:42:21.207] [bmv2] [T] [thread 3179] [6.0] [cxt 0] Action MyIngress.drop
[13:42:21.207] [bmv2] [T] [thread 3179] [6.0] [cxt 0] source_routing.p4(109) Primitive mark_to_drop(standard_metadata)
[13:42:21.207] [bmv2] [D] [thread 3179] [6.0] [cxt 0] Pipeline 'ingress': end
[13:42:21.207] [bmv2] [D] [thread 3179] [6.0] [cxt 0] Egress port is 511
[13:42:21.207] [bmv2] [D] [thread 3179] [6.0] [cxt 0] Dropping packet at the end of ingress
[13:42:21.494] [bmv2] [D] [thread 3179] [7.0] [cxt 0] Processing packet received on port 2
[13:42:21.494] [bmv2] [D] [thread 3179] [7.0] [cxt 0] Parser 'parser': start
[13:42:21.494] [bmv2] [D] [thread 3179] [7.0] [cxt 0] Parser 'parser' entering state 'start'
[13:42:21.494] [bmv2] [D] [thread 3179] [7.0] [cxt 0] Extracting header 'ethernet'
[13:42:21.494] [bmv2] [D] [thread 3179] [7.0] [cxt 0] Parser state 'start': key is 86dd
[13:42:21.494] [bmv2] [T] [thread 3179] [7.0] [cxt 0] Bytes parsed: 14
[13:42:21.494] [bmv2] [D] [thread 3179] [7.0] [cxt 0] Parser 'parser': end
[13:42:21.494] [bmv2] [D] [thread 3179] [7.0] [cxt 0] Pipeline 'ingress': start
[13:42:21.494] [bmv2] [T] [thread 3179] [7.0] [cxt 0] source_routing.p4(126) Condition "hdr.srcRoutes[0].isValid()" (node_2) is false
[13:42:21.494] [bmv2] [T] [thread 3179] [7.0] [cxt 0] Applying table 'tbl_drop'
[13:42:21.494] [bmv2] [D] [thread 3179] [7.0] [cxt 0] Looking up key:

[13:42:21.494] [bmv2] [D] [thread 3179] [7.0] [cxt 0] Table 'tbl_drop': miss
[13:42:21.494] [bmv2] [D] [thread 3179] [7.0] [cxt 0] Action entry is MyIngress.drop - 
[13:42:21.494] [bmv2] [T] [thread 3179] [7.0] [cxt 0] Action MyIngress.drop
[13:42:21.494] [bmv2] [T] [thread 3179] [7.0] [cxt 0] source_routing.p4(109) Primitive mark_to_drop(standard_metadata)
[13:42:21.494] [bmv2] [D] [thread 3179] [7.0] [cxt 0] Pipeline 'ingress': end
[13:42:21.494] [bmv2] [D] [thread 3179] [7.0] [cxt 0] Egress port is 511
[13:42:21.494] [bmv2] [D] [thread 3179] [7.0] [cxt 0] Dropping packet at the end of ingress
[13:42:21.602] [bmv2] [D] [thread 3179] [8.0] [cxt 0] Processing packet received on port 2
[13:42:21.602] [bmv2] [D] [thread 3179] [8.0] [cxt 0] Parser 'parser': start
[13:42:21.602] [bmv2] [D] [thread 3179] [8.0] [cxt 0] Parser 'parser' entering state 'start'
[13:42:21.602] [bmv2] [D] [thread 3179] [8.0] [cxt 0] Extracting header 'ethernet'
[13:42:21.602] [bmv2] [D] [thread 3179] [8.0] [cxt 0] Parser state 'start': key is 86dd
[13:42:21.602] [bmv2] [T] [thread 3179] [8.0] [cxt 0] Bytes parsed: 14
[13:42:21.602] [bmv2] [D] [thread 3179] [8.0] [cxt 0] Parser 'parser': end
[13:42:21.602] [bmv2] [D] [thread 3179] [8.0] [cxt 0] Pipeline 'ingress': start
[13:42:21.602] [bmv2] [T] [thread 3179] [8.0] [cxt 0] source_routing.p4(126) Condition "hdr.srcRoutes[0].isValid()" (node_2) is false
[13:42:21.602] [bmv2] [T] [thread 3179] [8.0] [cxt 0] Applying table 'tbl_drop'
[13:42:21.602] [bmv2] [D] [thread 3179] [8.0] [cxt 0] Looking up key:

[13:42:21.602] [bmv2] [D] [thread 3179] [8.0] [cxt 0] Table 'tbl_drop': miss
[13:42:21.602] [bmv2] [D] [thread 3179] [8.0] [cxt 0] Action entry is MyIngress.drop - 
[13:42:21.602] [bmv2] [T] [thread 3179] [8.0] [cxt 0] Action MyIngress.drop
[13:42:21.602] [bmv2] [T] [thread 3179] [8.0] [cxt 0] source_routing.p4(109) Primitive mark_to_drop(standard_metadata)
[13:42:21.602] [bmv2] [D] [thread 3179] [8.0] [cxt 0] Pipeline 'ingress': end
[13:42:21.602] [bmv2] [D] [thread 3179] [8.0] [cxt 0] Egress port is 511
[13:42:21.602] [bmv2] [D] [thread 3179] [8.0] [cxt 0] Dropping packet at the end of ingress
[13:42:21.602] [bmv2] [D] [thread 3179] [9.0] [cxt 0] Processing packet received on port 2
[13:42:21.602] [bmv2] [D] [thread 3179] [9.0] [cxt 0] Parser 'parser': start
[13:42:21.602] [bmv2] [D] [thread 3179] [9.0] [cxt 0] Parser 'parser' entering state 'start'
[13:42:21.602] [bmv2] [D] [thread 3179] [9.0] [cxt 0] Extracting header 'ethernet'
[13:42:21.602] [bmv2] [D] [thread 3179] [9.0] [cxt 0] Parser state 'start': key is 86dd
[13:42:21.602] [bmv2] [T] [thread 3179] [9.0] [cxt 0] Bytes parsed: 14
[13:42:21.602] [bmv2] [D] [thread 3179] [9.0] [cxt 0] Parser 'parser': end
[13:42:21.602] [bmv2] [D] [thread 3179] [9.0] [cxt 0] Pipeline 'ingress': start
[13:42:21.602] [bmv2] [T] [thread 3179] [9.0] [cxt 0] source_routing.p4(126) Condition "hdr.srcRoutes[0].isValid()" (node_2) is false
[13:42:21.602] [bmv2] [T] [thread 3179] [9.0] [cxt 0] Applying table 'tbl_drop'
[13:42:21.602] [bmv2] [D] [thread 3179] [9.0] [cxt 0] Looking up key:

[13:42:21.602] [bmv2] [D] [thread 3179] [9.0] [cxt 0] Table 'tbl_drop': miss
[13:42:21.602] [bmv2] [D] [thread 3179] [9.0] [cxt 0] Action entry is MyIngress.drop - 
[13:42:21.602] [bmv2] [T] [thread 3179] [9.0] [cxt 0] Action MyIngress.drop
[13:42:21.602] [bmv2] [T] [thread 3179] [9.0] [cxt 0] source_routing.p4(109) Primitive mark_to_drop(standard_metadata)
[13:42:21.602] [bmv2] [D] [thread 3179] [9.0] [cxt 0] Pipeline 'ingress': end
[13:42:21.602] [bmv2] [D] [thread 3179] [9.0] [cxt 0] Egress port is 511
[13:42:21.602] [bmv2] [D] [thread 3179] [9.0] [cxt 0] Dropping packet at the end of ingress
[13:42:21.782] [bmv2] [D] [thread 3179] [10.0] [cxt 0] Processing packet received on port 1
[13:42:21.782] [bmv2] [D] [thread 3179] [10.0] [cxt 0] Parser 'parser': start
[13:42:21.782] [bmv2] [D] [thread 3179] [10.0] [cxt 0] Parser 'parser' entering state 'start'
[13:42:21.782] [bmv2] [D] [thread 3179] [10.0] [cxt 0] Extracting header 'ethernet'
[13:42:21.782] [bmv2] [D] [thread 3179] [10.0] [cxt 0] Parser state 'start': key is 86dd
[13:42:21.782] [bmv2] [T] [thread 3179] [10.0] [cxt 0] Bytes parsed: 14
[13:42:21.782] [bmv2] [D] [thread 3179] [10.0] [cxt 0] Parser 'parser': end
[13:42:21.782] [bmv2] [D] [thread 3179] [10.0] [cxt 0] Pipeline 'ingress': start
[13:42:21.782] [bmv2] [T] [thread 3179] [10.0] [cxt 0] source_routing.p4(126) Condition "hdr.srcRoutes[0].isValid()" (node_2) is false
[13:42:21.782] [bmv2] [T] [thread 3179] [10.0] [cxt 0] Applying table 'tbl_drop'
[13:42:21.782] [bmv2] [D] [thread 3179] [10.0] [cxt 0] Looking up key:

[13:42:21.782] [bmv2] [D] [thread 3179] [10.0] [cxt 0] Table 'tbl_drop': miss
[13:42:21.782] [bmv2] [D] [thread 3179] [10.0] [cxt 0] Action entry is MyIngress.drop - 
[13:42:21.782] [bmv2] [T] [thread 3179] [10.0] [cxt 0] Action MyIngress.drop
[13:42:21.782] [bmv2] [T] [thread 3179] [10.0] [cxt 0] source_routing.p4(109) Primitive mark_to_drop(standard_metadata)
[13:42:21.782] [bmv2] [D] [thread 3179] [10.0] [cxt 0] Pipeline 'ingress': end
[13:42:21.782] [bmv2] [D] [thread 3179] [10.0] [cxt 0] Egress port is 511
[13:42:21.782] [bmv2] [D] [thread 3179] [10.0] [cxt 0] Dropping packet at the end of ingress
[13:42:21.814] [bmv2] [D] [thread 3179] [11.0] [cxt 0] Processing packet received on port 2
[13:42:21.814] [bmv2] [D] [thread 3179] [11.0] [cxt 0] Parser 'parser': start
[13:42:21.814] [bmv2] [D] [thread 3179] [11.0] [cxt 0] Parser 'parser' entering state 'start'
[13:42:21.814] [bmv2] [D] [thread 3179] [11.0] [cxt 0] Extracting header 'ethernet'
[13:42:21.814] [bmv2] [D] [thread 3179] [11.0] [cxt 0] Parser state 'start': key is 86dd
[13:42:21.814] [bmv2] [T] [thread 3179] [11.0] [cxt 0] Bytes parsed: 14
[13:42:21.814] [bmv2] [D] [thread 3179] [11.0] [cxt 0] Parser 'parser': end
[13:42:21.814] [bmv2] [D] [thread 3179] [11.0] [cxt 0] Pipeline 'ingress': start
[13:42:21.814] [bmv2] [T] [thread 3179] [11.0] [cxt 0] source_routing.p4(126) Condition "hdr.srcRoutes[0].isValid()" (node_2) is false
[13:42:21.814] [bmv2] [T] [thread 3179] [11.0] [cxt 0] Applying table 'tbl_drop'
[13:42:21.814] [bmv2] [D] [thread 3179] [11.0] [cxt 0] Looking up key:

[13:42:21.814] [bmv2] [D] [thread 3179] [11.0] [cxt 0] Table 'tbl_drop': miss
[13:42:21.814] [bmv2] [D] [thread 3179] [11.0] [cxt 0] Action entry is MyIngress.drop - 
[13:42:21.814] [bmv2] [T] [thread 3179] [11.0] [cxt 0] Action MyIngress.drop
[13:42:21.814] [bmv2] [T] [thread 3179] [11.0] [cxt 0] source_routing.p4(109) Primitive mark_to_drop(standard_metadata)
[13:42:21.814] [bmv2] [D] [thread 3179] [11.0] [cxt 0] Pipeline 'ingress': end
[13:42:21.814] [bmv2] [D] [thread 3179] [11.0] [cxt 0] Egress port is 511
[13:42:21.814] [bmv2] [D] [thread 3179] [11.0] [cxt 0] Dropping packet at the end of ingress
[13:42:21.878] [bmv2] [D] [thread 3179] [12.0] [cxt 0] Processing packet received on port 1
[13:42:21.878] [bmv2] [D] [thread 3179] [12.0] [cxt 0] Parser 'parser': start
[13:42:21.878] [bmv2] [D] [thread 3179] [12.0] [cxt 0] Parser 'parser' entering state 'start'
[13:42:21.878] [bmv2] [D] [thread 3179] [12.0] [cxt 0] Extracting header 'ethernet'
[13:42:21.878] [bmv2] [D] [thread 3179] [12.0] [cxt 0] Parser state 'start': key is 86dd
[13:42:21.878] [bmv2] [T] [thread 3179] [12.0] [cxt 0] Bytes parsed: 14
[13:42:21.878] [bmv2] [D] [thread 3179] [12.0] [cxt 0] Parser 'parser': end
[13:42:21.878] [bmv2] [D] [thread 3179] [12.0] [cxt 0] Pipeline 'ingress': start
[13:42:21.878] [bmv2] [T] [thread 3179] [12.0] [cxt 0] source_routing.p4(126) Condition "hdr.srcRoutes[0].isValid()" (node_2) is false
[13:42:21.878] [bmv2] [T] [thread 3179] [12.0] [cxt 0] Applying table 'tbl_drop'
[13:42:21.878] [bmv2] [D] [thread 3179] [12.0] [cxt 0] Looking up key:

[13:42:21.878] [bmv2] [D] [thread 3179] [12.0] [cxt 0] Table 'tbl_drop': miss
[13:42:21.878] [bmv2] [D] [thread 3179] [12.0] [cxt 0] Action entry is MyIngress.drop - 
[13:42:21.878] [bmv2] [T] [thread 3179] [12.0] [cxt 0] Action MyIngress.drop
[13:42:21.878] [bmv2] [T] [thread 3179] [12.0] [cxt 0] source_routing.p4(109) Primitive mark_to_drop(standard_metadata)
[13:42:21.878] [bmv2] [D] [thread 3179] [12.0] [cxt 0] Pipeline 'ingress': end
[13:42:21.878] [bmv2] [D] [thread 3179] [12.0] [cxt 0] Egress port is 511
[13:42:21.878] [bmv2] [D] [thread 3179] [12.0] [cxt 0] Dropping packet at the end of ingress
[13:42:23.005] [bmv2] [W] [thread 3240] [P4Runtime] p4::tmp::P4DeviceConfig is deprecated
[13:42:23.006] [bmv2] [D] [thread 3240] Set default default entry for table 'tbl_srcRoute_finish': MyIngress.srcRoute_finish - 
[13:42:23.006] [bmv2] [D] [thread 3240] Set default default entry for table 'tbl_srcRoute_nhop': MyIngress.srcRoute_nhop - 
[13:42:23.006] [bmv2] [D] [thread 3240] Set default default entry for table 'tbl_update_ttl': MyIngress.update_ttl - 
[13:42:23.006] [bmv2] [D] [thread 3240] Set default default entry for table 'tbl_drop': MyIngress.drop - 
[13:42:23.007] [bmv2] [D] [thread 3240] simple_switch target has been notified of a config swap
[13:42:24.826] [bmv2] [D] [thread 3179] [13.0] [cxt 0] Processing packet received on port 1
[13:42:24.826] [bmv2] [D] [thread 3179] [13.0] [cxt 0] Parser 'parser': start
[13:42:24.826] [bmv2] [D] [thread 3179] [13.0] [cxt 0] Parser 'parser' entering state 'start'
[13:42:24.826] [bmv2] [D] [thread 3179] [13.0] [cxt 0] Extracting header 'ethernet'
[13:42:24.826] [bmv2] [D] [thread 3179] [13.0] [cxt 0] Parser state 'start': key is 86dd
[13:42:24.826] [bmv2] [T] [thread 3179] [13.0] [cxt 0] Bytes parsed: 14
[13:42:24.826] [bmv2] [D] [thread 3179] [13.0] [cxt 0] Parser 'parser': end
[13:42:24.826] [bmv2] [D] [thread 3179] [13.0] [cxt 0] Pipeline 'ingress': start
[13:42:24.826] [bmv2] [T] [thread 3179] [13.0] [cxt 0] source_routing.p4(126) Condition "hdr.srcRoutes[0].isValid()" (node_2) is false
[13:42:24.826] [bmv2] [T] [thread 3179] [13.0] [cxt 0] Applying table 'tbl_drop'
[13:42:24.826] [bmv2] [D] [thread 3179] [13.0] [cxt 0] Looking up key:

[13:42:24.826] [bmv2] [D] [thread 3179] [13.0] [cxt 0] Table 'tbl_drop': miss
[13:42:24.826] [bmv2] [D] [thread 3179] [13.0] [cxt 0] Action entry is MyIngress.drop - 
[13:42:24.826] [bmv2] [T] [thread 3179] [13.0] [cxt 0] Action MyIngress.drop
[13:42:24.826] [bmv2] [T] [thread 3179] [13.0] [cxt 0] source_routing.p4(109) Primitive mark_to_drop(standard_metadata)
[13:42:24.826] [bmv2] [D] [thread 3179] [13.0] [cxt 0] Pipeline 'ingress': end
[13:42:24.826] [bmv2] [D] [thread 3179] [13.0] [cxt 0] Egress port is 511
[13:42:24.826] [bmv2] [D] [thread 3179] [13.0] [cxt 0] Dropping packet at the end of ingress
[13:42:24.826] [bmv2] [D] [thread 3179] [14.0] [cxt 0] Processing packet received on port 1
[13:42:24.826] [bmv2] [D] [thread 3179] [14.0] [cxt 0] Parser 'parser': start
[13:42:24.826] [bmv2] [D] [thread 3179] [14.0] [cxt 0] Parser 'parser' entering state 'start'
[13:42:24.826] [bmv2] [D] [thread 3179] [14.0] [cxt 0] Extracting header 'ethernet'
[13:42:24.826] [bmv2] [D] [thread 3179] [14.0] [cxt 0] Parser state 'start': key is 86dd
[13:42:24.826] [bmv2] [T] [thread 3179] [14.0] [cxt 0] Bytes parsed: 14
[13:42:24.826] [bmv2] [D] [thread 3179] [14.0] [cxt 0] Parser 'parser': end
[13:42:24.826] [bmv2] [D] [thread 3179] [14.0] [cxt 0] Pipeline 'ingress': start
[13:42:24.826] [bmv2] [T] [thread 3179] [14.0] [cxt 0] source_routing.p4(126) Condition "hdr.srcRoutes[0].isValid()" (node_2) is false
[13:42:24.826] [bmv2] [T] [thread 3179] [14.0] [cxt 0] Applying table 'tbl_drop'
[13:42:24.826] [bmv2] [D] [thread 3179] [14.0] [cxt 0] Looking up key:

[13:42:24.826] [bmv2] [D] [thread 3179] [14.0] [cxt 0] Table 'tbl_drop': miss
[13:42:24.826] [bmv2] [D] [thread 3179] [14.0] [cxt 0] Action entry is MyIngress.drop - 
[13:42:24.826] [bmv2] [T] [thread 3179] [14.0] [cxt 0] Action MyIngress.drop
[13:42:24.826] [bmv2] [T] [thread 3179] [14.0] [cxt 0] source_routing.p4(109) Primitive mark_to_drop(standard_metadata)
[13:42:24.826] [bmv2] [D] [thread 3179] [14.0] [cxt 0] Pipeline 'ingress': end
[13:42:24.826] [bmv2] [D] [thread 3179] [14.0] [cxt 0] Egress port is 511
[13:42:24.826] [bmv2] [D] [thread 3179] [14.0] [cxt 0] Dropping packet at the end of ingress
[13:42:25.592] [bmv2] [D] [thread 3179] [15.0] [cxt 0] Processing packet received on port 2
[13:42:25.592] [bmv2] [D] [thread 3179] [15.0] [cxt 0] Parser 'parser': start
[13:42:25.592] [bmv2] [D] [thread 3179] [15.0] [cxt 0] Parser 'parser' entering state 'start'
[13:42:25.592] [bmv2] [D] [thread 3179] [15.0] [cxt 0] Extracting header 'ethernet'
[13:42:25.592] [bmv2] [D] [thread 3179] [15.0] [cxt 0] Parser state 'start': key is 86dd
[13:42:25.592] [bmv2] [T] [thread 3179] [15.0] [cxt 0] Bytes parsed: 14
[13:42:25.592] [bmv2] [D] [thread 3179] [15.0] [cxt 0] Parser 'parser': end
[13:42:25.592] [bmv2] [D] [thread 3179] [15.0] [cxt 0] Pipeline 'ingress': start
[13:42:25.592] [bmv2] [T] [thread 3179] [15.0] [cxt 0] source_routing.p4(126) Condition "hdr.srcRoutes[0].isValid()" (node_2) is false
[13:42:25.592] [bmv2] [T] [thread 3179] [15.0] [cxt 0] Applying table 'tbl_drop'
[13:42:25.592] [bmv2] [D] [thread 3179] [15.0] [cxt 0] Looking up key:

[13:42:25.592] [bmv2] [D] [thread 3179] [15.0] [cxt 0] Table 'tbl_drop': miss
[13:42:25.592] [bmv2] [D] [thread 3179] [15.0] [cxt 0] Action entry is MyIngress.drop - 
[13:42:25.592] [bmv2] [T] [thread 3179] [15.0] [cxt 0] Action MyIngress.drop
[13:42:25.592] [bmv2] [T] [thread 3179] [15.0] [cxt 0] source_routing.p4(109) Primitive mark_to_drop(standard_metadata)
[13:42:25.592] [bmv2] [D] [thread 3179] [15.0] [cxt 0] Pipeline 'ingress': end
[13:42:25.592] [bmv2] [D] [thread 3179] [15.0] [cxt 0] Egress port is 511
[13:42:25.592] [bmv2] [D] [thread 3179] [15.0] [cxt 0] Dropping packet at the end of ingress
[13:42:25.846] [bmv2] [D] [thread 3179] [16.0] [cxt 0] Processing packet received on port 2
[13:42:25.846] [bmv2] [D] [thread 3179] [16.0] [cxt 0] Parser 'parser': start
[13:42:25.846] [bmv2] [D] [thread 3179] [16.0] [cxt 0] Parser 'parser' entering state 'start'
[13:42:25.846] [bmv2] [D] [thread 3179] [16.0] [cxt 0] Extracting header 'ethernet'
[13:42:25.846] [bmv2] [D] [thread 3179] [16.0] [cxt 0] Parser state 'start': key is 86dd
[13:42:25.846] [bmv2] [T] [thread 3179] [16.0] [cxt 0] Bytes parsed: 14
[13:42:25.846] [bmv2] [D] [thread 3179] [16.0] [cxt 0] Parser 'parser': end
[13:42:25.846] [bmv2] [D] [thread 3179] [16.0] [cxt 0] Pipeline 'ingress': start
[13:42:25.846] [bmv2] [T] [thread 3179] [16.0] [cxt 0] source_routing.p4(126) Condition "hdr.srcRoutes[0].isValid()" (node_2) is false
[13:42:25.846] [bmv2] [T] [thread 3179] [16.0] [cxt 0] Applying table 'tbl_drop'
[13:42:25.846] [bmv2] [D] [thread 3179] [16.0] [cxt 0] Looking up key:

[13:42:25.846] [bmv2] [D] [thread 3179] [16.0] [cxt 0] Table 'tbl_drop': miss
[13:42:25.846] [bmv2] [D] [thread 3179] [16.0] [cxt 0] Action entry is MyIngress.drop - 
[13:42:25.846] [bmv2] [T] [thread 3179] [16.0] [cxt 0] Action MyIngress.drop
[13:42:25.846] [bmv2] [T] [thread 3179] [16.0] [cxt 0] source_routing.p4(109) Primitive mark_to_drop(standard_metadata)
[13:42:25.846] [bmv2] [D] [thread 3179] [16.0] [cxt 0] Pipeline 'ingress': end
[13:42:25.846] [bmv2] [D] [thread 3179] [16.0] [cxt 0] Egress port is 511
[13:42:25.846] [bmv2] [D] [thread 3179] [16.0] [cxt 0] Dropping packet at the end of ingress
[13:42:32.246] [bmv2] [D] [thread 3179] [17.0] [cxt 0] Processing packet received on port 1
[13:42:32.246] [bmv2] [D] [thread 3179] [17.0] [cxt 0] Parser 'parser': start
[13:42:32.246] [bmv2] [D] [thread 3179] [17.0] [cxt 0] Parser 'parser' entering state 'start'
[13:42:32.246] [bmv2] [D] [thread 3179] [17.0] [cxt 0] Extracting header 'ethernet'
[13:42:32.246] [bmv2] [D] [thread 3179] [17.0] [cxt 0] Parser state 'start': key is 86dd
[13:42:32.246] [bmv2] [T] [thread 3179] [17.0] [cxt 0] Bytes parsed: 14
[13:42:32.246] [bmv2] [D] [thread 3179] [17.0] [cxt 0] Parser 'parser': end
[13:42:32.246] [bmv2] [D] [thread 3179] [17.0] [cxt 0] Pipeline 'ingress': start
[13:42:32.246] [bmv2] [T] [thread 3179] [17.0] [cxt 0] source_routing.p4(126) Condition "hdr.srcRoutes[0].isValid()" (node_2) is false
[13:42:32.246] [bmv2] [T] [thread 3179] [17.0] [cxt 0] Applying table 'tbl_drop'
[13:42:32.246] [bmv2] [D] [thread 3179] [17.0] [cxt 0] Looking up key:

[13:42:32.246] [bmv2] [D] [thread 3179] [17.0] [cxt 0] Table 'tbl_drop': miss
[13:42:32.246] [bmv2] [D] [thread 3179] [17.0] [cxt 0] Action entry is MyIngress.drop - 
[13:42:32.246] [bmv2] [T] [thread 3179] [17.0] [cxt 0] Action MyIngress.drop
[13:42:32.246] [bmv2] [T] [thread 3179] [17.0] [cxt 0] source_routing.p4(109) Primitive mark_to_drop(standard_metadata)
[13:42:32.246] [bmv2] [D] [thread 3179] [17.0] [cxt 0] Pipeline 'ingress': end
[13:42:32.246] [bmv2] [D] [thread 3179] [17.0] [cxt 0] Egress port is 511
[13:42:32.246] [bmv2] [D] [thread 3179] [17.0] [cxt 0] Dropping packet at the end of ingress
[13:42:32.502] [bmv2] [D] [thread 3179] [18.0] [cxt 0] Processing packet received on port 1
[13:42:32.502] [bmv2] [D] [thread 3179] [18.0] [cxt 0] Parser 'parser': start
[13:42:32.502] [bmv2] [D] [thread 3179] [18.0] [cxt 0] Parser 'parser' entering state 'start'
[13:42:32.502] [bmv2] [D] [thread 3179] [18.0] [cxt 0] Extracting header 'ethernet'
[13:42:32.503] [bmv2] [D] [thread 3179] [18.0] [cxt 0] Parser state 'start': key is 86dd
[13:42:32.503] [bmv2] [T] [thread 3179] [18.0] [cxt 0] Bytes parsed: 14
[13:42:32.503] [bmv2] [D] [thread 3179] [18.0] [cxt 0] Parser 'parser': end
[13:42:32.503] [bmv2] [D] [thread 3179] [18.0] [cxt 0] Pipeline 'ingress': start
[13:42:32.503] [bmv2] [T] [thread 3179] [18.0] [cxt 0] source_routing.p4(126) Condition "hdr.srcRoutes[0].isValid()" (node_2) is false
[13:42:32.503] [bmv2] [T] [thread 3179] [18.0] [cxt 0] Applying table 'tbl_drop'
[13:42:32.503] [bmv2] [D] [thread 3179] [18.0] [cxt 0] Looking up key:

[13:42:32.503] [bmv2] [D] [thread 3179] [18.0] [cxt 0] Table 'tbl_drop': miss
[13:42:32.503] [bmv2] [D] [thread 3179] [18.0] [cxt 0] Action entry is MyIngress.drop - 
[13:42:32.503] [bmv2] [T] [thread 3179] [18.0] [cxt 0] Action MyIngress.drop
[13:42:32.503] [bmv2] [T] [thread 3179] [18.0] [cxt 0] source_routing.p4(109) Primitive mark_to_drop(standard_metadata)
[13:42:32.503] [bmv2] [D] [thread 3179] [18.0] [cxt 0] Pipeline 'ingress': end
[13:42:32.503] [bmv2] [D] [thread 3179] [18.0] [cxt 0] Egress port is 511
[13:42:32.503] [bmv2] [D] [thread 3179] [18.0] [cxt 0] Dropping packet at the end of ingress
[13:42:33.782] [bmv2] [D] [thread 3179] [19.0] [cxt 0] Processing packet received on port 2
[13:42:33.782] [bmv2] [D] [thread 3179] [19.0] [cxt 0] Parser 'parser': start
[13:42:33.782] [bmv2] [D] [thread 3179] [19.0] [cxt 0] Parser 'parser' entering state 'start'
[13:42:33.782] [bmv2] [D] [thread 3179] [19.0] [cxt 0] Extracting header 'ethernet'
[13:42:33.782] [bmv2] [D] [thread 3179] [19.0] [cxt 0] Parser state 'start': key is 86dd
[13:42:33.782] [bmv2] [T] [thread 3179] [19.0] [cxt 0] Bytes parsed: 14
[13:42:33.782] [bmv2] [D] [thread 3179] [19.0] [cxt 0] Parser 'parser': end
[13:42:33.782] [bmv2] [D] [thread 3179] [19.0] [cxt 0] Pipeline 'ingress': start
[13:42:33.782] [bmv2] [T] [thread 3179] [19.0] [cxt 0] source_routing.p4(126) Condition "hdr.srcRoutes[0].isValid()" (node_2) is false
[13:42:33.782] [bmv2] [T] [thread 3179] [19.0] [cxt 0] Applying table 'tbl_drop'
[13:42:33.782] [bmv2] [D] [thread 3179] [19.0] [cxt 0] Looking up key:

[13:42:33.782] [bmv2] [D] [thread 3179] [19.0] [cxt 0] Table 'tbl_drop': miss
[13:42:33.782] [bmv2] [D] [thread 3179] [19.0] [cxt 0] Action entry is MyIngress.drop - 
[13:42:33.782] [bmv2] [T] [thread 3179] [19.0] [cxt 0] Action MyIngress.drop
[13:42:33.782] [bmv2] [T] [thread 3179] [19.0] [cxt 0] source_routing.p4(109) Primitive mark_to_drop(standard_metadata)
[13:42:33.782] [bmv2] [D] [thread 3179] [19.0] [cxt 0] Pipeline 'ingress': end
[13:42:33.782] [bmv2] [D] [thread 3179] [19.0] [cxt 0] Egress port is 511
[13:42:33.782] [bmv2] [D] [thread 3179] [19.0] [cxt 0] Dropping packet at the end of ingress
[13:42:34.553] [bmv2] [D] [thread 3179] [20.0] [cxt 0] Processing packet received on port 2
[13:42:34.553] [bmv2] [D] [thread 3179] [20.0] [cxt 0] Parser 'parser': start
[13:42:34.553] [bmv2] [D] [thread 3179] [20.0] [cxt 0] Parser 'parser' entering state 'start'
[13:42:34.553] [bmv2] [D] [thread 3179] [20.0] [cxt 0] Extracting header 'ethernet'
[13:42:34.553] [bmv2] [D] [thread 3179] [20.0] [cxt 0] Parser state 'start': key is 86dd
[13:42:34.553] [bmv2] [T] [thread 3179] [20.0] [cxt 0] Bytes parsed: 14
[13:42:34.553] [bmv2] [D] [thread 3179] [20.0] [cxt 0] Parser 'parser': end
[13:42:34.553] [bmv2] [D] [thread 3179] [20.0] [cxt 0] Pipeline 'ingress': start
[13:42:34.553] [bmv2] [T] [thread 3179] [20.0] [cxt 0] source_routing.p4(126) Condition "hdr.srcRoutes[0].isValid()" (node_2) is false
[13:42:34.553] [bmv2] [T] [thread 3179] [20.0] [cxt 0] Applying table 'tbl_drop'
[13:42:34.553] [bmv2] [D] [thread 3179] [20.0] [cxt 0] Looking up key:

[13:42:34.553] [bmv2] [D] [thread 3179] [20.0] [cxt 0] Table 'tbl_drop': miss
[13:42:34.553] [bmv2] [D] [thread 3179] [20.0] [cxt 0] Action entry is MyIngress.drop - 
[13:42:34.553] [bmv2] [T] [thread 3179] [20.0] [cxt 0] Action MyIngress.drop
[13:42:34.553] [bmv2] [T] [thread 3179] [20.0] [cxt 0] source_routing.p4(109) Primitive mark_to_drop(standard_metadata)
[13:42:34.553] [bmv2] [D] [thread 3179] [20.0] [cxt 0] Pipeline 'ingress': end
[13:42:34.553] [bmv2] [D] [thread 3179] [20.0] [cxt 0] Egress port is 511
[13:42:34.553] [bmv2] [D] [thread 3179] [20.0] [cxt 0] Dropping packet at the end of ingress
[13:42:47.094] [bmv2] [D] [thread 3179] [21.0] [cxt 0] Processing packet received on port 1
[13:42:47.094] [bmv2] [D] [thread 3179] [21.0] [cxt 0] Parser 'parser': start
[13:42:47.094] [bmv2] [D] [thread 3179] [21.0] [cxt 0] Parser 'parser' entering state 'start'
[13:42:47.094] [bmv2] [D] [thread 3179] [21.0] [cxt 0] Extracting header 'ethernet'
[13:42:47.094] [bmv2] [D] [thread 3179] [21.0] [cxt 0] Parser state 'start': key is 86dd
[13:42:47.094] [bmv2] [T] [thread 3179] [21.0] [cxt 0] Bytes parsed: 14
[13:42:47.094] [bmv2] [D] [thread 3179] [21.0] [cxt 0] Parser 'parser': end
[13:42:47.094] [bmv2] [D] [thread 3179] [21.0] [cxt 0] Pipeline 'ingress': start
[13:42:47.094] [bmv2] [T] [thread 3179] [21.0] [cxt 0] source_routing.p4(126) Condition "hdr.srcRoutes[0].isValid()" (node_2) is false
[13:42:47.094] [bmv2] [T] [thread 3179] [21.0] [cxt 0] Applying table 'tbl_drop'
[13:42:47.094] [bmv2] [D] [thread 3179] [21.0] [cxt 0] Looking up key:

[13:42:47.094] [bmv2] [D] [thread 3179] [21.0] [cxt 0] Table 'tbl_drop': miss
[13:42:47.094] [bmv2] [D] [thread 3179] [21.0] [cxt 0] Action entry is MyIngress.drop - 
[13:42:47.094] [bmv2] [T] [thread 3179] [21.0] [cxt 0] Action MyIngress.drop
[13:42:47.094] [bmv2] [T] [thread 3179] [21.0] [cxt 0] source_routing.p4(109) Primitive mark_to_drop(standard_metadata)
[13:42:47.094] [bmv2] [D] [thread 3179] [21.0] [cxt 0] Pipeline 'ingress': end
[13:42:47.094] [bmv2] [D] [thread 3179] [21.0] [cxt 0] Egress port is 511
[13:42:47.094] [bmv2] [D] [thread 3179] [21.0] [cxt 0] Dropping packet at the end of ingress
[13:42:47.609] [bmv2] [D] [thread 3179] [22.0] [cxt 0] Processing packet received on port 1
[13:42:47.609] [bmv2] [D] [thread 3179] [22.0] [cxt 0] Parser 'parser': start
[13:42:47.609] [bmv2] [D] [thread 3179] [22.0] [cxt 0] Parser 'parser' entering state 'start'
[13:42:47.609] [bmv2] [D] [thread 3179] [22.0] [cxt 0] Extracting header 'ethernet'
[13:42:47.609] [bmv2] [D] [thread 3179] [22.0] [cxt 0] Parser state 'start': key is 86dd
[13:42:47.609] [bmv2] [T] [thread 3179] [22.0] [cxt 0] Bytes parsed: 14
[13:42:47.609] [bmv2] [D] [thread 3179] [22.0] [cxt 0] Parser 'parser': end
[13:42:47.609] [bmv2] [D] [thread 3179] [22.0] [cxt 0] Pipeline 'ingress': start
[13:42:47.610] [bmv2] [T] [thread 3179] [22.0] [cxt 0] source_routing.p4(126) Condition "hdr.srcRoutes[0].isValid()" (node_2) is false
[13:42:47.610] [bmv2] [T] [thread 3179] [22.0] [cxt 0] Applying table 'tbl_drop'
[13:42:47.610] [bmv2] [D] [thread 3179] [22.0] [cxt 0] Looking up key:

[13:42:47.610] [bmv2] [D] [thread 3179] [22.0] [cxt 0] Table 'tbl_drop': miss
[13:42:47.610] [bmv2] [D] [thread 3179] [22.0] [cxt 0] Action entry is MyIngress.drop - 
[13:42:47.610] [bmv2] [T] [thread 3179] [22.0] [cxt 0] Action MyIngress.drop
[13:42:47.610] [bmv2] [T] [thread 3179] [22.0] [cxt 0] source_routing.p4(109) Primitive mark_to_drop(standard_metadata)
[13:42:47.610] [bmv2] [D] [thread 3179] [22.0] [cxt 0] Pipeline 'ingress': end
[13:42:47.610] [bmv2] [D] [thread 3179] [22.0] [cxt 0] Egress port is 511
[13:42:47.610] [bmv2] [D] [thread 3179] [22.0] [cxt 0] Dropping packet at the end of ingress
[13:42:50.423] [bmv2] [D] [thread 3179] [23.0] [cxt 0] Processing packet received on port 2
[13:42:50.423] [bmv2] [D] [thread 3179] [23.0] [cxt 0] Parser 'parser': start
[13:42:50.423] [bmv2] [D] [thread 3179] [23.0] [cxt 0] Parser 'parser' entering state 'start'
[13:42:50.423] [bmv2] [D] [thread 3179] [23.0] [cxt 0] Extracting header 'ethernet'
[13:42:50.423] [bmv2] [D] [thread 3179] [23.0] [cxt 0] Parser state 'start': key is 86dd
[13:42:50.423] [bmv2] [T] [thread 3179] [23.0] [cxt 0] Bytes parsed: 14
[13:42:50.423] [bmv2] [D] [thread 3179] [23.0] [cxt 0] Parser 'parser': end
[13:42:50.423] [bmv2] [D] [thread 3179] [23.0] [cxt 0] Pipeline 'ingress': start
[13:42:50.423] [bmv2] [T] [thread 3179] [23.0] [cxt 0] source_routing.p4(126) Condition "hdr.srcRoutes[0].isValid()" (node_2) is false
[13:42:50.423] [bmv2] [T] [thread 3179] [23.0] [cxt 0] Applying table 'tbl_drop'
[13:42:50.423] [bmv2] [D] [thread 3179] [23.0] [cxt 0] Looking up key:

[13:42:50.423] [bmv2] [D] [thread 3179] [23.0] [cxt 0] Table 'tbl_drop': miss
[13:42:50.423] [bmv2] [D] [thread 3179] [23.0] [cxt 0] Action entry is MyIngress.drop - 
[13:42:50.423] [bmv2] [T] [thread 3179] [23.0] [cxt 0] Action MyIngress.drop
[13:42:50.423] [bmv2] [T] [thread 3179] [23.0] [cxt 0] source_routing.p4(109) Primitive mark_to_drop(standard_metadata)
[13:42:50.423] [bmv2] [D] [thread 3179] [23.0] [cxt 0] Pipeline 'ingress': end
[13:42:50.423] [bmv2] [D] [thread 3179] [23.0] [cxt 0] Egress port is 511
[13:42:50.423] [bmv2] [D] [thread 3179] [23.0] [cxt 0] Dropping packet at the end of ingress
[13:42:54.519] [bmv2] [D] [thread 3179] [24.0] [cxt 0] Processing packet received on port 2
[13:42:54.519] [bmv2] [D] [thread 3179] [24.0] [cxt 0] Parser 'parser': start
[13:42:54.519] [bmv2] [D] [thread 3179] [24.0] [cxt 0] Parser 'parser' entering state 'start'
[13:42:54.519] [bmv2] [D] [thread 3179] [24.0] [cxt 0] Extracting header 'ethernet'
[13:42:54.519] [bmv2] [D] [thread 3179] [24.0] [cxt 0] Parser state 'start': key is 86dd
[13:42:54.519] [bmv2] [T] [thread 3179] [24.0] [cxt 0] Bytes parsed: 14
[13:42:54.519] [bmv2] [D] [thread 3179] [24.0] [cxt 0] Parser 'parser': end
[13:42:54.519] [bmv2] [D] [thread 3179] [24.0] [cxt 0] Pipeline 'ingress': start
[13:42:54.519] [bmv2] [T] [thread 3179] [24.0] [cxt 0] source_routing.p4(126) Condition "hdr.srcRoutes[0].isValid()" (node_2) is false
[13:42:54.519] [bmv2] [T] [thread 3179] [24.0] [cxt 0] Applying table 'tbl_drop'
[13:42:54.519] [bmv2] [D] [thread 3179] [24.0] [cxt 0] Looking up key:

[13:42:54.519] [bmv2] [D] [thread 3179] [24.0] [cxt 0] Table 'tbl_drop': miss
[13:42:54.519] [bmv2] [D] [thread 3179] [24.0] [cxt 0] Action entry is MyIngress.drop - 
[13:42:54.519] [bmv2] [T] [thread 3179] [24.0] [cxt 0] Action MyIngress.drop
[13:42:54.519] [bmv2] [T] [thread 3179] [24.0] [cxt 0] source_routing.p4(109) Primitive mark_to_drop(standard_metadata)
[13:42:54.519] [bmv2] [D] [thread 3179] [24.0] [cxt 0] Pipeline 'ingress': end
[13:42:54.519] [bmv2] [D] [thread 3179] [24.0] [cxt 0] Egress port is 511
[13:42:54.519] [bmv2] [D] [thread 3179] [24.0] [cxt 0] Dropping packet at the end of ingress
[13:42:56.331] [bmv2] [D] [thread 3179] [25.0] [cxt 0] Processing packet received on port 1
[13:42:56.331] [bmv2] [D] [thread 3179] [25.0] [cxt 0] Parser 'parser': start
[13:42:56.331] [bmv2] [D] [thread 3179] [25.0] [cxt 0] Parser 'parser' entering state 'start'
[13:42:56.331] [bmv2] [D] [thread 3179] [25.0] [cxt 0] Extracting header 'ethernet'
[13:42:56.331] [bmv2] [D] [thread 3179] [25.0] [cxt 0] Parser state 'start': key is 1234
[13:42:56.331] [bmv2] [T] [thread 3179] [25.0] [cxt 0] Bytes parsed: 14
[13:42:56.331] [bmv2] [D] [thread 3179] [25.0] [cxt 0] Parser 'parser' entering state 'parse_srcRouting'
[13:42:56.331] [bmv2] [D] [thread 3179] [25.0] [cxt 0] Extracting to header stack 0, next header is 4
[13:42:56.331] [bmv2] [D] [thread 3179] [25.0] [cxt 0] Parser state 'parse_srcRouting': key is 00
[13:42:56.331] [bmv2] [T] [thread 3179] [25.0] [cxt 0] Bytes parsed: 16
[13:42:56.331] [bmv2] [D] [thread 3179] [25.0] [cxt 0] Parser 'parser' entering state 'parse_srcRouting'
[13:42:56.331] [bmv2] [D] [thread 3179] [25.0] [cxt 0] Extracting to header stack 0, next header is 5
[13:42:56.331] [bmv2] [D] [thread 3179] [25.0] [cxt 0] Parser state 'parse_srcRouting': key is 01
[13:42:56.331] [bmv2] [T] [thread 3179] [25.0] [cxt 0] Bytes parsed: 18
[13:42:56.331] [bmv2] [D] [thread 3179] [25.0] [cxt 0] Parser 'parser' entering state 'parse_ipv4'
[13:42:56.331] [bmv2] [D] [thread 3179] [25.0] [cxt 0] Extracting header 'ipv4'
[13:42:56.331] [bmv2] [D] [thread 3179] [25.0] [cxt 0] Parser state 'parse_ipv4' has no switch, going to default next state
[13:42:56.331] [bmv2] [T] [thread 3179] [25.0] [cxt 0] Bytes parsed: 38
[13:42:56.331] [bmv2] [D] [thread 3179] [25.0] [cxt 0] Parser 'parser': end
[13:42:56.331] [bmv2] [D] [thread 3179] [25.0] [cxt 0] Pipeline 'ingress': start
[13:42:56.331] [bmv2] [T] [thread 3179] [25.0] [cxt 0] source_routing.p4(126) Condition "hdr.srcRoutes[0].isValid()" (node_2) is true
[13:42:56.331] [bmv2] [T] [thread 3179] [25.0] [cxt 0] source_routing.p4(127) Condition "hdr.srcRoutes[0].bos == 1" (node_3) is false
[13:42:56.331] [bmv2] [T] [thread 3179] [25.0] [cxt 0] Applying table 'tbl_srcRoute_nhop'
[13:42:56.331] [bmv2] [D] [thread 3179] [25.0] [cxt 0] Looking up key:

[13:42:56.332] [bmv2] [D] [thread 3179] [25.0] [cxt 0] Table 'tbl_srcRoute_nhop': miss
[13:42:56.332] [bmv2] [D] [thread 3179] [25.0] [cxt 0] Action entry is MyIngress.srcRoute_nhop - 
[13:42:56.332] [bmv2] [T] [thread 3179] [25.0] [cxt 0] Action MyIngress.srcRoute_nhop
[13:42:56.332] [bmv2] [T] [thread 3179] [25.0] [cxt 0] source_routing.p4(113) Primitive standard_metadata.egress_spec = (bit<9>)hdr.srcRoutes[0].port
[13:42:56.332] [bmv2] [T] [thread 3179] [25.0] [cxt 0] source_routing.p4(114) Primitive hdr.srcRoutes.pop_front(1)
[13:42:56.332] [bmv2] [T] [thread 3179] [25.0] [cxt 0] source_routing.p4(131) Condition "hdr.ipv4.isValid()" (node_6) is true
[13:42:56.332] [bmv2] [T] [thread 3179] [25.0] [cxt 0] Applying table 'tbl_update_ttl'
[13:42:56.332] [bmv2] [D] [thread 3179] [25.0] [cxt 0] Looking up key:

[13:42:56.332] [bmv2] [D] [thread 3179] [25.0] [cxt 0] Table 'tbl_update_ttl': miss
[13:42:56.332] [bmv2] [D] [thread 3179] [25.0] [cxt 0] Action entry is MyIngress.update_ttl - 
[13:42:56.332] [bmv2] [T] [thread 3179] [25.0] [cxt 0] Action MyIngress.update_ttl
[13:42:56.332] [bmv2] [T] [thread 3179] [25.0] [cxt 0] source_routing.p4(122) Primitive hdr.ipv4.ttl = hdr.ipv4.ttl - 1
[13:42:56.332] [bmv2] [D] [thread 3179] [25.0] [cxt 0] Pipeline 'ingress': end
[13:42:56.332] [bmv2] [D] [thread 3179] [25.0] [cxt 0] Egress port is 2
[13:42:56.332] [bmv2] [D] [thread 3182] [25.0] [cxt 0] Pipeline 'egress': start
[13:42:56.332] [bmv2] [D] [thread 3182] [25.0] [cxt 0] Pipeline 'egress': end
[13:42:56.332] [bmv2] [D] [thread 3182] [25.0] [cxt 0] Deparser 'deparser': start
[13:42:56.332] [bmv2] [D] [thread 3182] [25.0] [cxt 0] Deparsing header 'ethernet'
[13:42:56.332] [bmv2] [D] [thread 3182] [25.0] [cxt 0] Deparsing header 'srcRoutes[0]'
[13:42:56.332] [bmv2] [D] [thread 3182] [25.0] [cxt 0] Deparsing header 'ipv4'
[13:42:56.332] [bmv2] [D] [thread 3182] [25.0] [cxt 0] Deparser 'deparser': end
[13:42:56.332] [bmv2] [D] [thread 3184] [25.0] [cxt 0] Transmitting packet of size 44 out of port 2
[13:43:17.046] [bmv2] [D] [thread 3179] [26.0] [cxt 0] Processing packet received on port 1
[13:43:17.046] [bmv2] [D] [thread 3179] [26.0] [cxt 0] Parser 'parser': start
[13:43:17.046] [bmv2] [D] [thread 3179] [26.0] [cxt 0] Parser 'parser' entering state 'start'
[13:43:17.046] [bmv2] [D] [thread 3179] [26.0] [cxt 0] Extracting header 'ethernet'
[13:43:17.046] [bmv2] [D] [thread 3179] [26.0] [cxt 0] Parser state 'start': key is 86dd
[13:43:17.046] [bmv2] [T] [thread 3179] [26.0] [cxt 0] Bytes parsed: 14
[13:43:17.047] [bmv2] [D] [thread 3179] [26.0] [cxt 0] Parser 'parser': end
[13:43:17.047] [bmv2] [D] [thread 3179] [26.0] [cxt 0] Pipeline 'ingress': start
[13:43:17.047] [bmv2] [T] [thread 3179] [26.0] [cxt 0] source_routing.p4(126) Condition "hdr.srcRoutes[0].isValid()" (node_2) is false
[13:43:17.047] [bmv2] [T] [thread 3179] [26.0] [cxt 0] Applying table 'tbl_drop'
[13:43:17.047] [bmv2] [D] [thread 3179] [26.0] [cxt 0] Looking up key:

[13:43:17.047] [bmv2] [D] [thread 3179] [26.0] [cxt 0] Table 'tbl_drop': miss
[13:43:17.047] [bmv2] [D] [thread 3179] [26.0] [cxt 0] Action entry is MyIngress.drop - 
[13:43:17.047] [bmv2] [T] [thread 3179] [26.0] [cxt 0] Action MyIngress.drop
[13:43:17.047] [bmv2] [T] [thread 3179] [26.0] [cxt 0] source_routing.p4(109) Primitive mark_to_drop(standard_metadata)
[13:43:17.047] [bmv2] [D] [thread 3179] [26.0] [cxt 0] Pipeline 'ingress': end
[13:43:17.047] [bmv2] [D] [thread 3179] [26.0] [cxt 0] Egress port is 511
[13:43:17.047] [bmv2] [D] [thread 3179] [26.0] [cxt 0] Dropping packet at the end of ingress
[13:43:19.095] [bmv2] [D] [thread 3179] [27.0] [cxt 0] Processing packet received on port 1
[13:43:19.095] [bmv2] [D] [thread 3179] [27.0] [cxt 0] Parser 'parser': start
[13:43:19.095] [bmv2] [D] [thread 3179] [27.0] [cxt 0] Parser 'parser' entering state 'start'
[13:43:19.095] [bmv2] [D] [thread 3179] [27.0] [cxt 0] Extracting header 'ethernet'
[13:43:19.095] [bmv2] [D] [thread 3179] [27.0] [cxt 0] Parser state 'start': key is 86dd
[13:43:19.095] [bmv2] [T] [thread 3179] [27.0] [cxt 0] Bytes parsed: 14
[13:43:19.096] [bmv2] [D] [thread 3179] [27.0] [cxt 0] Parser 'parser': end
[13:43:19.096] [bmv2] [D] [thread 3179] [27.0] [cxt 0] Pipeline 'ingress': start
[13:43:19.096] [bmv2] [T] [thread 3179] [27.0] [cxt 0] source_routing.p4(126) Condition "hdr.srcRoutes[0].isValid()" (node_2) is false
[13:43:19.096] [bmv2] [T] [thread 3179] [27.0] [cxt 0] Applying table 'tbl_drop'
[13:43:19.096] [bmv2] [D] [thread 3179] [27.0] [cxt 0] Looking up key:

[13:43:19.096] [bmv2] [D] [thread 3179] [27.0] [cxt 0] Table 'tbl_drop': miss
[13:43:19.096] [bmv2] [D] [thread 3179] [27.0] [cxt 0] Action entry is MyIngress.drop - 
[13:43:19.096] [bmv2] [T] [thread 3179] [27.0] [cxt 0] Action MyIngress.drop
[13:43:19.096] [bmv2] [T] [thread 3179] [27.0] [cxt 0] source_routing.p4(109) Primitive mark_to_drop(standard_metadata)
[13:43:19.096] [bmv2] [D] [thread 3179] [27.0] [cxt 0] Pipeline 'ingress': end
[13:43:19.096] [bmv2] [D] [thread 3179] [27.0] [cxt 0] Egress port is 511
[13:43:19.096] [bmv2] [D] [thread 3179] [27.0] [cxt 0] Dropping packet at the end of ingress
[13:43:23.190] [bmv2] [D] [thread 3179] [28.0] [cxt 0] Processing packet received on port 2
[13:43:23.190] [bmv2] [D] [thread 3179] [28.0] [cxt 0] Parser 'parser': start
[13:43:23.190] [bmv2] [D] [thread 3179] [28.0] [cxt 0] Parser 'parser' entering state 'start'
[13:43:23.190] [bmv2] [D] [thread 3179] [28.0] [cxt 0] Extracting header 'ethernet'
[13:43:23.190] [bmv2] [D] [thread 3179] [28.0] [cxt 0] Parser state 'start': key is 86dd
[13:43:23.190] [bmv2] [T] [thread 3179] [28.0] [cxt 0] Bytes parsed: 14
[13:43:23.190] [bmv2] [D] [thread 3179] [28.0] [cxt 0] Parser 'parser': end
[13:43:23.190] [bmv2] [D] [thread 3179] [28.0] [cxt 0] Pipeline 'ingress': start
[13:43:23.190] [bmv2] [T] [thread 3179] [28.0] [cxt 0] source_routing.p4(126) Condition "hdr.srcRoutes[0].isValid()" (node_2) is false
[13:43:23.191] [bmv2] [T] [thread 3179] [28.0] [cxt 0] Applying table 'tbl_drop'
[13:43:23.191] [bmv2] [D] [thread 3179] [28.0] [cxt 0] Looking up key:

[13:43:23.191] [bmv2] [D] [thread 3179] [28.0] [cxt 0] Table 'tbl_drop': miss
[13:43:23.191] [bmv2] [D] [thread 3179] [28.0] [cxt 0] Action entry is MyIngress.drop - 
[13:43:23.191] [bmv2] [T] [thread 3179] [28.0] [cxt 0] Action MyIngress.drop
[13:43:23.191] [bmv2] [T] [thread 3179] [28.0] [cxt 0] source_routing.p4(109) Primitive mark_to_drop(standard_metadata)
[13:43:23.191] [bmv2] [D] [thread 3179] [28.0] [cxt 0] Pipeline 'ingress': end
[13:43:23.191] [bmv2] [D] [thread 3179] [28.0] [cxt 0] Egress port is 511
[13:43:23.191] [bmv2] [D] [thread 3179] [28.0] [cxt 0] Dropping packet at the end of ingress
[13:43:31.382] [bmv2] [D] [thread 3179] [29.0] [cxt 0] Processing packet received on port 2
[13:43:31.382] [bmv2] [D] [thread 3179] [29.0] [cxt 0] Parser 'parser': start
[13:43:31.382] [bmv2] [D] [thread 3179] [29.0] [cxt 0] Parser 'parser' entering state 'start'
[13:43:31.382] [bmv2] [D] [thread 3179] [29.0] [cxt 0] Extracting header 'ethernet'
[13:43:31.382] [bmv2] [D] [thread 3179] [29.0] [cxt 0] Parser state 'start': key is 86dd
[13:43:31.382] [bmv2] [T] [thread 3179] [29.0] [cxt 0] Bytes parsed: 14
[13:43:31.382] [bmv2] [D] [thread 3179] [29.0] [cxt 0] Parser 'parser': end
[13:43:31.382] [bmv2] [D] [thread 3179] [29.0] [cxt 0] Pipeline 'ingress': start
[13:43:31.382] [bmv2] [T] [thread 3179] [29.0] [cxt 0] source_routing.p4(126) Condition "hdr.srcRoutes[0].isValid()" (node_2) is false
[13:43:31.382] [bmv2] [T] [thread 3179] [29.0] [cxt 0] Applying table 'tbl_drop'
[13:43:31.382] [bmv2] [D] [thread 3179] [29.0] [cxt 0] Looking up key:

[13:43:31.382] [bmv2] [D] [thread 3179] [29.0] [cxt 0] Table 'tbl_drop': miss
[13:43:31.382] [bmv2] [D] [thread 3179] [29.0] [cxt 0] Action entry is MyIngress.drop - 
[13:43:31.382] [bmv2] [T] [thread 3179] [29.0] [cxt 0] Action MyIngress.drop
[13:43:31.382] [bmv2] [T] [thread 3179] [29.0] [cxt 0] source_routing.p4(109) Primitive mark_to_drop(standard_metadata)
[13:43:31.382] [bmv2] [D] [thread 3179] [29.0] [cxt 0] Pipeline 'ingress': end
[13:43:31.382] [bmv2] [D] [thread 3179] [29.0] [cxt 0] Egress port is 511
[13:43:31.382] [bmv2] [D] [thread 3179] [29.0] [cxt 0] Dropping packet at the end of ingress
[13:43:42.831] [bmv2] [D] [thread 3179] [30.0] [cxt 0] Processing packet received on port 1
[13:43:42.831] [bmv2] [D] [thread 3179] [30.0] [cxt 0] Parser 'parser': start
[13:43:42.831] [bmv2] [D] [thread 3179] [30.0] [cxt 0] Parser 'parser' entering state 'start'
[13:43:42.831] [bmv2] [D] [thread 3179] [30.0] [cxt 0] Extracting header 'ethernet'
[13:43:42.831] [bmv2] [D] [thread 3179] [30.0] [cxt 0] Parser state 'start': key is 1234
[13:43:42.831] [bmv2] [T] [thread 3179] [30.0] [cxt 0] Bytes parsed: 14
[13:43:42.831] [bmv2] [D] [thread 3179] [30.0] [cxt 0] Parser 'parser' entering state 'parse_srcRouting'
[13:43:42.831] [bmv2] [D] [thread 3179] [30.0] [cxt 0] Extracting to header stack 0, next header is 4
[13:43:42.831] [bmv2] [D] [thread 3179] [30.0] [cxt 0] Parser state 'parse_srcRouting': key is 00
[13:43:42.831] [bmv2] [T] [thread 3179] [30.0] [cxt 0] Bytes parsed: 16
[13:43:42.831] [bmv2] [D] [thread 3179] [30.0] [cxt 0] Parser 'parser' entering state 'parse_srcRouting'
[13:43:42.831] [bmv2] [D] [thread 3179] [30.0] [cxt 0] Extracting to header stack 0, next header is 5
[13:43:42.831] [bmv2] [D] [thread 3179] [30.0] [cxt 0] Parser state 'parse_srcRouting': key is 01
[13:43:42.831] [bmv2] [T] [thread 3179] [30.0] [cxt 0] Bytes parsed: 18
[13:43:42.831] [bmv2] [D] [thread 3179] [30.0] [cxt 0] Parser 'parser' entering state 'parse_ipv4'
[13:43:42.831] [bmv2] [D] [thread 3179] [30.0] [cxt 0] Extracting header 'ipv4'
[13:43:42.831] [bmv2] [D] [thread 3179] [30.0] [cxt 0] Parser state 'parse_ipv4' has no switch, going to default next state
[13:43:42.831] [bmv2] [T] [thread 3179] [30.0] [cxt 0] Bytes parsed: 38
[13:43:42.831] [bmv2] [D] [thread 3179] [30.0] [cxt 0] Parser 'parser': end
[13:43:42.831] [bmv2] [D] [thread 3179] [30.0] [cxt 0] Pipeline 'ingress': start
[13:43:42.831] [bmv2] [T] [thread 3179] [30.0] [cxt 0] source_routing.p4(126) Condition "hdr.srcRoutes[0].isValid()" (node_2) is true
[13:43:42.831] [bmv2] [T] [thread 3179] [30.0] [cxt 0] source_routing.p4(127) Condition "hdr.srcRoutes[0].bos == 1" (node_3) is false
[13:43:42.831] [bmv2] [T] [thread 3179] [30.0] [cxt 0] Applying table 'tbl_srcRoute_nhop'
[13:43:42.831] [bmv2] [D] [thread 3179] [30.0] [cxt 0] Looking up key:

[13:43:42.831] [bmv2] [D] [thread 3179] [30.0] [cxt 0] Table 'tbl_srcRoute_nhop': miss
[13:43:42.831] [bmv2] [D] [thread 3179] [30.0] [cxt 0] Action entry is MyIngress.srcRoute_nhop - 
[13:43:42.831] [bmv2] [T] [thread 3179] [30.0] [cxt 0] Action MyIngress.srcRoute_nhop
[13:43:42.831] [bmv2] [T] [thread 3179] [30.0] [cxt 0] source_routing.p4(113) Primitive standard_metadata.egress_spec = (bit<9>)hdr.srcRoutes[0].port
[13:43:42.831] [bmv2] [T] [thread 3179] [30.0] [cxt 0] source_routing.p4(114) Primitive hdr.srcRoutes.pop_front(1)
[13:43:42.831] [bmv2] [T] [thread 3179] [30.0] [cxt 0] source_routing.p4(131) Condition "hdr.ipv4.isValid()" (node_6) is true
[13:43:42.831] [bmv2] [T] [thread 3179] [30.0] [cxt 0] Applying table 'tbl_update_ttl'
[13:43:42.831] [bmv2] [D] [thread 3179] [30.0] [cxt 0] Looking up key:

[13:43:42.831] [bmv2] [D] [thread 3179] [30.0] [cxt 0] Table 'tbl_update_ttl': miss
[13:43:42.831] [bmv2] [D] [thread 3179] [30.0] [cxt 0] Action entry is MyIngress.update_ttl - 
[13:43:42.831] [bmv2] [T] [thread 3179] [30.0] [cxt 0] Action MyIngress.update_ttl
[13:43:42.831] [bmv2] [T] [thread 3179] [30.0] [cxt 0] source_routing.p4(122) Primitive hdr.ipv4.ttl = hdr.ipv4.ttl - 1
[13:43:42.831] [bmv2] [D] [thread 3179] [30.0] [cxt 0] Pipeline 'ingress': end
[13:43:42.831] [bmv2] [D] [thread 3179] [30.0] [cxt 0] Egress port is 2
[13:43:42.831] [bmv2] [D] [thread 3182] [30.0] [cxt 0] Pipeline 'egress': start
[13:43:42.831] [bmv2] [D] [thread 3182] [30.0] [cxt 0] Pipeline 'egress': end
[13:43:42.831] [bmv2] [D] [thread 3182] [30.0] [cxt 0] Deparser 'deparser': start
[13:43:42.831] [bmv2] [D] [thread 3182] [30.0] [cxt 0] Deparsing header 'ethernet'
[13:43:42.831] [bmv2] [D] [thread 3182] [30.0] [cxt 0] Deparsing header 'srcRoutes[0]'
[13:43:42.831] [bmv2] [D] [thread 3182] [30.0] [cxt 0] Deparsing header 'ipv4'
[13:43:42.832] [bmv2] [D] [thread 3182] [30.0] [cxt 0] Deparser 'deparser': end
[13:43:42.832] [bmv2] [D] [thread 3184] [30.0] [cxt 0] Transmitting packet of size 44 out of port 2
[13:43:52.372] [bmv2] [D] [thread 3179] [31.0] [cxt 0] Processing packet received on port 1
[13:43:52.372] [bmv2] [D] [thread 3179] [31.0] [cxt 0] Parser 'parser': start
[13:43:52.372] [bmv2] [D] [thread 3179] [31.0] [cxt 0] Parser 'parser' entering state 'start'
[13:43:52.372] [bmv2] [D] [thread 3179] [31.0] [cxt 0] Extracting header 'ethernet'
[13:43:52.372] [bmv2] [D] [thread 3179] [31.0] [cxt 0] Parser state 'start': key is 1234
[13:43:52.372] [bmv2] [T] [thread 3179] [31.0] [cxt 0] Bytes parsed: 14
[13:43:52.372] [bmv2] [D] [thread 3179] [31.0] [cxt 0] Parser 'parser' entering state 'parse_srcRouting'
[13:43:52.372] [bmv2] [D] [thread 3179] [31.0] [cxt 0] Extracting to header stack 0, next header is 4
[13:43:52.372] [bmv2] [D] [thread 3179] [31.0] [cxt 0] Parser state 'parse_srcRouting': key is 00
[13:43:52.372] [bmv2] [T] [thread 3179] [31.0] [cxt 0] Bytes parsed: 16
[13:43:52.372] [bmv2] [D] [thread 3179] [31.0] [cxt 0] Parser 'parser' entering state 'parse_srcRouting'
[13:43:52.372] [bmv2] [D] [thread 3179] [31.0] [cxt 0] Extracting to header stack 0, next header is 5
[13:43:52.372] [bmv2] [D] [thread 3179] [31.0] [cxt 0] Parser state 'parse_srcRouting': key is 01
[13:43:52.372] [bmv2] [T] [thread 3179] [31.0] [cxt 0] Bytes parsed: 18
[13:43:52.373] [bmv2] [D] [thread 3179] [31.0] [cxt 0] Parser 'parser' entering state 'parse_ipv4'
[13:43:52.373] [bmv2] [D] [thread 3179] [31.0] [cxt 0] Extracting header 'ipv4'
[13:43:52.373] [bmv2] [D] [thread 3179] [31.0] [cxt 0] Parser state 'parse_ipv4' has no switch, going to default next state
[13:43:52.373] [bmv2] [T] [thread 3179] [31.0] [cxt 0] Bytes parsed: 38
[13:43:52.373] [bmv2] [D] [thread 3179] [31.0] [cxt 0] Parser 'parser': end
[13:43:52.373] [bmv2] [D] [thread 3179] [31.0] [cxt 0] Pipeline 'ingress': start
[13:43:52.373] [bmv2] [T] [thread 3179] [31.0] [cxt 0] source_routing.p4(126) Condition "hdr.srcRoutes[0].isValid()" (node_2) is true
[13:43:52.373] [bmv2] [T] [thread 3179] [31.0] [cxt 0] source_routing.p4(127) Condition "hdr.srcRoutes[0].bos == 1" (node_3) is false
[13:43:52.373] [bmv2] [T] [thread 3179] [31.0] [cxt 0] Applying table 'tbl_srcRoute_nhop'
[13:43:52.373] [bmv2] [D] [thread 3179] [31.0] [cxt 0] Looking up key:

[13:43:52.373] [bmv2] [D] [thread 3179] [31.0] [cxt 0] Table 'tbl_srcRoute_nhop': miss
[13:43:52.373] [bmv2] [D] [thread 3179] [31.0] [cxt 0] Action entry is MyIngress.srcRoute_nhop - 
[13:43:52.373] [bmv2] [T] [thread 3179] [31.0] [cxt 0] Action MyIngress.srcRoute_nhop
[13:43:52.373] [bmv2] [T] [thread 3179] [31.0] [cxt 0] source_routing.p4(113) Primitive standard_metadata.egress_spec = (bit<9>)hdr.srcRoutes[0].port
[13:43:52.373] [bmv2] [T] [thread 3179] [31.0] [cxt 0] source_routing.p4(114) Primitive hdr.srcRoutes.pop_front(1)
[13:43:52.373] [bmv2] [T] [thread 3179] [31.0] [cxt 0] source_routing.p4(131) Condition "hdr.ipv4.isValid()" (node_6) is true
[13:43:52.373] [bmv2] [T] [thread 3179] [31.0] [cxt 0] Applying table 'tbl_update_ttl'
[13:43:52.373] [bmv2] [D] [thread 3179] [31.0] [cxt 0] Looking up key:

[13:43:52.373] [bmv2] [D] [thread 3179] [31.0] [cxt 0] Table 'tbl_update_ttl': miss
[13:43:52.373] [bmv2] [D] [thread 3179] [31.0] [cxt 0] Action entry is MyIngress.update_ttl - 
[13:43:52.373] [bmv2] [T] [thread 3179] [31.0] [cxt 0] Action MyIngress.update_ttl
[13:43:52.373] [bmv2] [T] [thread 3179] [31.0] [cxt 0] source_routing.p4(122) Primitive hdr.ipv4.ttl = hdr.ipv4.ttl - 1
[13:43:52.373] [bmv2] [D] [thread 3179] [31.0] [cxt 0] Pipeline 'ingress': end
[13:43:52.373] [bmv2] [D] [thread 3179] [31.0] [cxt 0] Egress port is 2
[13:43:52.373] [bmv2] [D] [thread 3182] [31.0] [cxt 0] Pipeline 'egress': start
[13:43:52.373] [bmv2] [D] [thread 3182] [31.0] [cxt 0] Pipeline 'egress': end
[13:43:52.373] [bmv2] [D] [thread 3182] [31.0] [cxt 0] Deparser 'deparser': start
[13:43:52.373] [bmv2] [D] [thread 3182] [31.0] [cxt 0] Deparsing header 'ethernet'
[13:43:52.373] [bmv2] [D] [thread 3182] [31.0] [cxt 0] Deparsing header 'srcRoutes[0]'
[13:43:52.373] [bmv2] [D] [thread 3182] [31.0] [cxt 0] Deparsing header 'ipv4'
[13:43:52.373] [bmv2] [D] [thread 3182] [31.0] [cxt 0] Deparser 'deparser': end
[13:43:52.373] [bmv2] [D] [thread 3184] [31.0] [cxt 0] Transmitting packet of size 44 out of port 2
[13:44:12.342] [bmv2] [D] [thread 3179] [32.0] [cxt 0] Processing packet received on port 1
[13:44:12.342] [bmv2] [D] [thread 3179] [32.0] [cxt 0] Parser 'parser': start
[13:44:12.342] [bmv2] [D] [thread 3179] [32.0] [cxt 0] Parser 'parser' entering state 'start'
[13:44:12.342] [bmv2] [D] [thread 3179] [32.0] [cxt 0] Extracting header 'ethernet'
[13:44:12.342] [bmv2] [D] [thread 3179] [32.0] [cxt 0] Parser state 'start': key is 86dd
[13:44:12.343] [bmv2] [T] [thread 3179] [32.0] [cxt 0] Bytes parsed: 14
[13:44:12.343] [bmv2] [D] [thread 3179] [32.0] [cxt 0] Parser 'parser': end
[13:44:12.343] [bmv2] [D] [thread 3179] [32.0] [cxt 0] Pipeline 'ingress': start
[13:44:12.343] [bmv2] [T] [thread 3179] [32.0] [cxt 0] source_routing.p4(126) Condition "hdr.srcRoutes[0].isValid()" (node_2) is false
[13:44:12.343] [bmv2] [T] [thread 3179] [32.0] [cxt 0] Applying table 'tbl_drop'
[13:44:12.343] [bmv2] [D] [thread 3179] [32.0] [cxt 0] Looking up key:

[13:44:12.343] [bmv2] [D] [thread 3179] [32.0] [cxt 0] Table 'tbl_drop': miss
[13:44:12.343] [bmv2] [D] [thread 3179] [32.0] [cxt 0] Action entry is MyIngress.drop - 
[13:44:12.343] [bmv2] [T] [thread 3179] [32.0] [cxt 0] Action MyIngress.drop
[13:44:12.343] [bmv2] [T] [thread 3179] [32.0] [cxt 0] source_routing.p4(109) Primitive mark_to_drop(standard_metadata)
[13:44:12.343] [bmv2] [D] [thread 3179] [32.0] [cxt 0] Pipeline 'ingress': end
[13:44:12.343] [bmv2] [D] [thread 3179] [32.0] [cxt 0] Egress port is 511
[13:44:12.343] [bmv2] [D] [thread 3179] [32.0] [cxt 0] Dropping packet at the end of ingress
[13:44:20.534] [bmv2] [D] [thread 3179] [33.0] [cxt 0] Processing packet received on port 1
[13:44:20.534] [bmv2] [D] [thread 3179] [33.0] [cxt 0] Parser 'parser': start
[13:44:20.534] [bmv2] [D] [thread 3179] [33.0] [cxt 0] Parser 'parser' entering state 'start'
[13:44:20.534] [bmv2] [D] [thread 3179] [33.0] [cxt 0] Extracting header 'ethernet'
[13:44:20.534] [bmv2] [D] [thread 3179] [33.0] [cxt 0] Parser state 'start': key is 86dd
[13:44:20.534] [bmv2] [T] [thread 3179] [33.0] [cxt 0] Bytes parsed: 14
[13:44:20.534] [bmv2] [D] [thread 3179] [33.0] [cxt 0] Parser 'parser': end
[13:44:20.534] [bmv2] [D] [thread 3179] [33.0] [cxt 0] Pipeline 'ingress': start
[13:44:20.534] [bmv2] [T] [thread 3179] [33.0] [cxt 0] source_routing.p4(126) Condition "hdr.srcRoutes[0].isValid()" (node_2) is false
[13:44:20.534] [bmv2] [T] [thread 3179] [33.0] [cxt 0] Applying table 'tbl_drop'
[13:44:20.534] [bmv2] [D] [thread 3179] [33.0] [cxt 0] Looking up key:

[13:44:20.534] [bmv2] [D] [thread 3179] [33.0] [cxt 0] Table 'tbl_drop': miss
[13:44:20.534] [bmv2] [D] [thread 3179] [33.0] [cxt 0] Action entry is MyIngress.drop - 
[13:44:20.534] [bmv2] [T] [thread 3179] [33.0] [cxt 0] Action MyIngress.drop
[13:44:20.534] [bmv2] [T] [thread 3179] [33.0] [cxt 0] source_routing.p4(109) Primitive mark_to_drop(standard_metadata)
[13:44:20.534] [bmv2] [D] [thread 3179] [33.0] [cxt 0] Pipeline 'ingress': end
[13:44:20.534] [bmv2] [D] [thread 3179] [33.0] [cxt 0] Egress port is 511
[13:44:20.534] [bmv2] [D] [thread 3179] [33.0] [cxt 0] Dropping packet at the end of ingress
[13:44:28.726] [bmv2] [D] [thread 3179] [34.0] [cxt 0] Processing packet received on port 2
[13:44:28.726] [bmv2] [D] [thread 3179] [34.0] [cxt 0] Parser 'parser': start
[13:44:28.726] [bmv2] [D] [thread 3179] [34.0] [cxt 0] Parser 'parser' entering state 'start'
[13:44:28.726] [bmv2] [D] [thread 3179] [34.0] [cxt 0] Extracting header 'ethernet'
[13:44:28.726] [bmv2] [D] [thread 3179] [34.0] [cxt 0] Parser state 'start': key is 86dd
[13:44:28.726] [bmv2] [T] [thread 3179] [34.0] [cxt 0] Bytes parsed: 14
[13:44:28.726] [bmv2] [D] [thread 3179] [34.0] [cxt 0] Parser 'parser': end
[13:44:28.726] [bmv2] [D] [thread 3179] [34.0] [cxt 0] Pipeline 'ingress': start
[13:44:28.726] [bmv2] [T] [thread 3179] [34.0] [cxt 0] source_routing.p4(126) Condition "hdr.srcRoutes[0].isValid()" (node_2) is false
[13:44:28.726] [bmv2] [T] [thread 3179] [34.0] [cxt 0] Applying table 'tbl_drop'
[13:44:28.726] [bmv2] [D] [thread 3179] [34.0] [cxt 0] Looking up key:

[13:44:28.726] [bmv2] [D] [thread 3179] [34.0] [cxt 0] Table 'tbl_drop': miss
[13:44:28.726] [bmv2] [D] [thread 3179] [34.0] [cxt 0] Action entry is MyIngress.drop - 
[13:44:28.726] [bmv2] [T] [thread 3179] [34.0] [cxt 0] Action MyIngress.drop
[13:44:28.726] [bmv2] [T] [thread 3179] [34.0] [cxt 0] source_routing.p4(109) Primitive mark_to_drop(standard_metadata)
[13:44:28.727] [bmv2] [D] [thread 3179] [34.0] [cxt 0] Pipeline 'ingress': end
[13:44:28.727] [bmv2] [D] [thread 3179] [34.0] [cxt 0] Egress port is 511
[13:44:28.727] [bmv2] [D] [thread 3179] [34.0] [cxt 0] Dropping packet at the end of ingress
[13:44:41.014] [bmv2] [D] [thread 3179] [35.0] [cxt 0] Processing packet received on port 2
[13:44:41.014] [bmv2] [D] [thread 3179] [35.0] [cxt 0] Parser 'parser': start
[13:44:41.014] [bmv2] [D] [thread 3179] [35.0] [cxt 0] Parser 'parser' entering state 'start'
[13:44:41.014] [bmv2] [D] [thread 3179] [35.0] [cxt 0] Extracting header 'ethernet'
[13:44:41.014] [bmv2] [D] [thread 3179] [35.0] [cxt 0] Parser state 'start': key is 86dd
[13:44:41.014] [bmv2] [T] [thread 3179] [35.0] [cxt 0] Bytes parsed: 14
[13:44:41.014] [bmv2] [D] [thread 3179] [35.0] [cxt 0] Parser 'parser': end
[13:44:41.014] [bmv2] [D] [thread 3179] [35.0] [cxt 0] Pipeline 'ingress': start
[13:44:41.014] [bmv2] [T] [thread 3179] [35.0] [cxt 0] source_routing.p4(126) Condition "hdr.srcRoutes[0].isValid()" (node_2) is false
[13:44:41.014] [bmv2] [T] [thread 3179] [35.0] [cxt 0] Applying table 'tbl_drop'
[13:44:41.014] [bmv2] [D] [thread 3179] [35.0] [cxt 0] Looking up key:

[13:44:41.014] [bmv2] [D] [thread 3179] [35.0] [cxt 0] Table 'tbl_drop': miss
[13:44:41.014] [bmv2] [D] [thread 3179] [35.0] [cxt 0] Action entry is MyIngress.drop - 
[13:44:41.014] [bmv2] [T] [thread 3179] [35.0] [cxt 0] Action MyIngress.drop
[13:44:41.014] [bmv2] [T] [thread 3179] [35.0] [cxt 0] source_routing.p4(109) Primitive mark_to_drop(standard_metadata)
[13:44:41.014] [bmv2] [D] [thread 3179] [35.0] [cxt 0] Pipeline 'ingress': end
[13:44:41.014] [bmv2] [D] [thread 3179] [35.0] [cxt 0] Egress port is 511
[13:44:41.014] [bmv2] [D] [thread 3179] [35.0] [cxt 0] Dropping packet at the end of ingress
[13:44:53.052] [bmv2] [D] [thread 3179] [36.0] [cxt 0] Processing packet received on port 1
[13:44:53.052] [bmv2] [D] [thread 3179] [36.0] [cxt 0] Parser 'parser': start
[13:44:53.052] [bmv2] [D] [thread 3179] [36.0] [cxt 0] Parser 'parser' entering state 'start'
[13:44:53.052] [bmv2] [D] [thread 3179] [36.0] [cxt 0] Extracting header 'ethernet'
[13:44:53.052] [bmv2] [D] [thread 3179] [36.0] [cxt 0] Parser state 'start': key is 1234
[13:44:53.052] [bmv2] [T] [thread 3179] [36.0] [cxt 0] Bytes parsed: 14
[13:44:53.052] [bmv2] [D] [thread 3179] [36.0] [cxt 0] Parser 'parser' entering state 'parse_srcRouting'
[13:44:53.052] [bmv2] [D] [thread 3179] [36.0] [cxt 0] Extracting to header stack 0, next header is 4
[13:44:53.052] [bmv2] [D] [thread 3179] [36.0] [cxt 0] Parser state 'parse_srcRouting': key is 00
[13:44:53.052] [bmv2] [T] [thread 3179] [36.0] [cxt 0] Bytes parsed: 16
[13:44:53.052] [bmv2] [D] [thread 3179] [36.0] [cxt 0] Parser 'parser' entering state 'parse_srcRouting'
[13:44:53.052] [bmv2] [D] [thread 3179] [36.0] [cxt 0] Extracting to header stack 0, next header is 5
[13:44:53.052] [bmv2] [D] [thread 3179] [36.0] [cxt 0] Parser state 'parse_srcRouting': key is 00
[13:44:53.052] [bmv2] [T] [thread 3179] [36.0] [cxt 0] Bytes parsed: 18
[13:44:53.052] [bmv2] [D] [thread 3179] [36.0] [cxt 0] Parser 'parser' entering state 'parse_srcRouting'
[13:44:53.052] [bmv2] [D] [thread 3179] [36.0] [cxt 0] Extracting to header stack 0, next header is 6
[13:44:53.052] [bmv2] [D] [thread 3179] [36.0] [cxt 0] Parser state 'parse_srcRouting': key is 00
[13:44:53.052] [bmv2] [T] [thread 3179] [36.0] [cxt 0] Bytes parsed: 20
[13:44:53.052] [bmv2] [D] [thread 3179] [36.0] [cxt 0] Parser 'parser' entering state 'parse_srcRouting'
[13:44:53.052] [bmv2] [D] [thread 3179] [36.0] [cxt 0] Extracting to header stack 0, next header is 7
[13:44:53.052] [bmv2] [D] [thread 3179] [36.0] [cxt 0] Parser state 'parse_srcRouting': key is 00
[13:44:53.052] [bmv2] [T] [thread 3179] [36.0] [cxt 0] Bytes parsed: 22
[13:44:53.052] [bmv2] [D] [thread 3179] [36.0] [cxt 0] Parser 'parser' entering state 'parse_srcRouting'
[13:44:53.052] [bmv2] [D] [thread 3179] [36.0] [cxt 0] Extracting to header stack 0, next header is 8
[13:44:53.052] [bmv2] [D] [thread 3179] [36.0] [cxt 0] Parser state 'parse_srcRouting': key is 00
[13:44:53.052] [bmv2] [T] [thread 3179] [36.0] [cxt 0] Bytes parsed: 24
[13:44:53.052] [bmv2] [D] [thread 3179] [36.0] [cxt 0] Parser 'parser' entering state 'parse_srcRouting'
[13:44:53.052] [bmv2] [D] [thread 3179] [36.0] [cxt 0] Extracting to header stack 0, next header is 9
[13:44:53.052] [bmv2] [D] [thread 3179] [36.0] [cxt 0] Parser state 'parse_srcRouting': key is 01
[13:44:53.052] [bmv2] [T] [thread 3179] [36.0] [cxt 0] Bytes parsed: 26
[13:44:53.052] [bmv2] [D] [thread 3179] [36.0] [cxt 0] Parser 'parser' entering state 'parse_ipv4'
[13:44:53.052] [bmv2] [D] [thread 3179] [36.0] [cxt 0] Extracting header 'ipv4'
[13:44:53.052] [bmv2] [D] [thread 3179] [36.0] [cxt 0] Parser state 'parse_ipv4' has no switch, going to default next state
[13:44:53.052] [bmv2] [T] [thread 3179] [36.0] [cxt 0] Bytes parsed: 46
[13:44:53.052] [bmv2] [D] [thread 3179] [36.0] [cxt 0] Parser 'parser': end
[13:44:53.052] [bmv2] [D] [thread 3179] [36.0] [cxt 0] Pipeline 'ingress': start
[13:44:53.052] [bmv2] [T] [thread 3179] [36.0] [cxt 0] source_routing.p4(126) Condition "hdr.srcRoutes[0].isValid()" (node_2) is true
[13:44:53.052] [bmv2] [T] [thread 3179] [36.0] [cxt 0] source_routing.p4(127) Condition "hdr.srcRoutes[0].bos == 1" (node_3) is false
[13:44:53.052] [bmv2] [T] [thread 3179] [36.0] [cxt 0] Applying table 'tbl_srcRoute_nhop'
[13:44:53.052] [bmv2] [D] [thread 3179] [36.0] [cxt 0] Looking up key:

[13:44:53.052] [bmv2] [D] [thread 3179] [36.0] [cxt 0] Table 'tbl_srcRoute_nhop': miss
[13:44:53.052] [bmv2] [D] [thread 3179] [36.0] [cxt 0] Action entry is MyIngress.srcRoute_nhop - 
[13:44:53.052] [bmv2] [T] [thread 3179] [36.0] [cxt 0] Action MyIngress.srcRoute_nhop
[13:44:53.052] [bmv2] [T] [thread 3179] [36.0] [cxt 0] source_routing.p4(113) Primitive standard_metadata.egress_spec = (bit<9>)hdr.srcRoutes[0].port
[13:44:53.052] [bmv2] [T] [thread 3179] [36.0] [cxt 0] source_routing.p4(114) Primitive hdr.srcRoutes.pop_front(1)
[13:44:53.052] [bmv2] [T] [thread 3179] [36.0] [cxt 0] source_routing.p4(131) Condition "hdr.ipv4.isValid()" (node_6) is true
[13:44:53.052] [bmv2] [T] [thread 3179] [36.0] [cxt 0] Applying table 'tbl_update_ttl'
[13:44:53.052] [bmv2] [D] [thread 3179] [36.0] [cxt 0] Looking up key:

[13:44:53.052] [bmv2] [D] [thread 3179] [36.0] [cxt 0] Table 'tbl_update_ttl': miss
[13:44:53.052] [bmv2] [D] [thread 3179] [36.0] [cxt 0] Action entry is MyIngress.update_ttl - 
[13:44:53.052] [bmv2] [T] [thread 3179] [36.0] [cxt 0] Action MyIngress.update_ttl
[13:44:53.052] [bmv2] [T] [thread 3179] [36.0] [cxt 0] source_routing.p4(122) Primitive hdr.ipv4.ttl = hdr.ipv4.ttl - 1
[13:44:53.052] [bmv2] [D] [thread 3179] [36.0] [cxt 0] Pipeline 'ingress': end
[13:44:53.052] [bmv2] [D] [thread 3179] [36.0] [cxt 0] Egress port is 2
[13:44:53.052] [bmv2] [D] [thread 3182] [36.0] [cxt 0] Pipeline 'egress': start
[13:44:53.052] [bmv2] [D] [thread 3182] [36.0] [cxt 0] Pipeline 'egress': end
[13:44:53.052] [bmv2] [D] [thread 3182] [36.0] [cxt 0] Deparser 'deparser': start
[13:44:53.052] [bmv2] [D] [thread 3182] [36.0] [cxt 0] Deparsing header 'ethernet'
[13:44:53.052] [bmv2] [D] [thread 3182] [36.0] [cxt 0] Deparsing header 'srcRoutes[0]'
[13:44:53.053] [bmv2] [D] [thread 3182] [36.0] [cxt 0] Deparsing header 'srcRoutes[1]'
[13:44:53.053] [bmv2] [D] [thread 3182] [36.0] [cxt 0] Deparsing header 'srcRoutes[2]'
[13:44:53.053] [bmv2] [D] [thread 3182] [36.0] [cxt 0] Deparsing header 'srcRoutes[3]'
[13:44:53.053] [bmv2] [D] [thread 3182] [36.0] [cxt 0] Deparsing header 'srcRoutes[4]'
[13:44:53.053] [bmv2] [D] [thread 3182] [36.0] [cxt 0] Deparsing header 'ipv4'
[13:44:53.053] [bmv2] [D] [thread 3182] [36.0] [cxt 0] Deparser 'deparser': end
[13:44:53.053] [bmv2] [D] [thread 3184] [36.0] [cxt 0] Transmitting packet of size 52 out of port 2
[13:44:53.054] [bmv2] [D] [thread 3179] [37.0] [cxt 0] Processing packet received on port 1
[13:44:53.054] [bmv2] [D] [thread 3179] [37.0] [cxt 0] Parser 'parser': start
[13:44:53.054] [bmv2] [D] [thread 3179] [37.0] [cxt 0] Parser 'parser' entering state 'start'
[13:44:53.054] [bmv2] [D] [thread 3179] [37.0] [cxt 0] Extracting header 'ethernet'
[13:44:53.054] [bmv2] [D] [thread 3179] [37.0] [cxt 0] Parser state 'start': key is 1234
[13:44:53.054] [bmv2] [T] [thread 3179] [37.0] [cxt 0] Bytes parsed: 14
[13:44:53.054] [bmv2] [D] [thread 3179] [37.0] [cxt 0] Parser 'parser' entering state 'parse_srcRouting'
[13:44:53.054] [bmv2] [D] [thread 3179] [37.0] [cxt 0] Extracting to header stack 0, next header is 4
[13:44:53.054] [bmv2] [D] [thread 3179] [37.0] [cxt 0] Parser state 'parse_srcRouting': key is 00
[13:44:53.054] [bmv2] [T] [thread 3179] [37.0] [cxt 0] Bytes parsed: 16
[13:44:53.054] [bmv2] [D] [thread 3179] [37.0] [cxt 0] Parser 'parser' entering state 'parse_srcRouting'
[13:44:53.054] [bmv2] [D] [thread 3179] [37.0] [cxt 0] Extracting to header stack 0, next header is 5
[13:44:53.054] [bmv2] [D] [thread 3179] [37.0] [cxt 0] Parser state 'parse_srcRouting': key is 01
[13:44:53.054] [bmv2] [T] [thread 3179] [37.0] [cxt 0] Bytes parsed: 18
[13:44:53.054] [bmv2] [D] [thread 3179] [37.0] [cxt 0] Parser 'parser' entering state 'parse_ipv4'
[13:44:53.054] [bmv2] [D] [thread 3179] [37.0] [cxt 0] Extracting header 'ipv4'
[13:44:53.054] [bmv2] [D] [thread 3179] [37.0] [cxt 0] Parser state 'parse_ipv4' has no switch, going to default next state
[13:44:53.054] [bmv2] [T] [thread 3179] [37.0] [cxt 0] Bytes parsed: 38
[13:44:53.054] [bmv2] [D] [thread 3179] [37.0] [cxt 0] Parser 'parser': end
[13:44:53.054] [bmv2] [D] [thread 3179] [37.0] [cxt 0] Pipeline 'ingress': start
[13:44:53.054] [bmv2] [T] [thread 3179] [37.0] [cxt 0] source_routing.p4(126) Condition "hdr.srcRoutes[0].isValid()" (node_2) is true
[13:44:53.054] [bmv2] [T] [thread 3179] [37.0] [cxt 0] source_routing.p4(127) Condition "hdr.srcRoutes[0].bos == 1" (node_3) is false
[13:44:53.054] [bmv2] [T] [thread 3179] [37.0] [cxt 0] Applying table 'tbl_srcRoute_nhop'
[13:44:53.054] [bmv2] [D] [thread 3179] [37.0] [cxt 0] Looking up key:

[13:44:53.054] [bmv2] [D] [thread 3179] [37.0] [cxt 0] Table 'tbl_srcRoute_nhop': miss
[13:44:53.054] [bmv2] [D] [thread 3179] [37.0] [cxt 0] Action entry is MyIngress.srcRoute_nhop - 
[13:44:53.054] [bmv2] [T] [thread 3179] [37.0] [cxt 0] Action MyIngress.srcRoute_nhop
[13:44:53.054] [bmv2] [T] [thread 3179] [37.0] [cxt 0] source_routing.p4(113) Primitive standard_metadata.egress_spec = (bit<9>)hdr.srcRoutes[0].port
[13:44:53.054] [bmv2] [T] [thread 3179] [37.0] [cxt 0] source_routing.p4(114) Primitive hdr.srcRoutes.pop_front(1)
[13:44:53.054] [bmv2] [T] [thread 3179] [37.0] [cxt 0] source_routing.p4(131) Condition "hdr.ipv4.isValid()" (node_6) is true
[13:44:53.054] [bmv2] [T] [thread 3179] [37.0] [cxt 0] Applying table 'tbl_update_ttl'
[13:44:53.054] [bmv2] [D] [thread 3179] [37.0] [cxt 0] Looking up key:

[13:44:53.054] [bmv2] [D] [thread 3179] [37.0] [cxt 0] Table 'tbl_update_ttl': miss
[13:44:53.054] [bmv2] [D] [thread 3179] [37.0] [cxt 0] Action entry is MyIngress.update_ttl - 
[13:44:53.054] [bmv2] [T] [thread 3179] [37.0] [cxt 0] Action MyIngress.update_ttl
[13:44:53.054] [bmv2] [T] [thread 3179] [37.0] [cxt 0] source_routing.p4(122) Primitive hdr.ipv4.ttl = hdr.ipv4.ttl - 1
[13:44:53.054] [bmv2] [D] [thread 3179] [37.0] [cxt 0] Pipeline 'ingress': end
[13:44:53.054] [bmv2] [D] [thread 3179] [37.0] [cxt 0] Egress port is 2
[13:44:53.054] [bmv2] [D] [thread 3182] [37.0] [cxt 0] Pipeline 'egress': start
[13:44:53.054] [bmv2] [D] [thread 3182] [37.0] [cxt 0] Pipeline 'egress': end
[13:44:53.054] [bmv2] [D] [thread 3182] [37.0] [cxt 0] Deparser 'deparser': start
[13:44:53.054] [bmv2] [D] [thread 3182] [37.0] [cxt 0] Deparsing header 'ethernet'
[13:44:53.054] [bmv2] [D] [thread 3182] [37.0] [cxt 0] Deparsing header 'srcRoutes[0]'
[13:44:53.054] [bmv2] [D] [thread 3182] [37.0] [cxt 0] Deparsing header 'ipv4'
[13:44:53.054] [bmv2] [D] [thread 3182] [37.0] [cxt 0] Deparser 'deparser': end
[13:44:53.054] [bmv2] [D] [thread 3184] [37.0] [cxt 0] Transmitting packet of size 44 out of port 2
