Calling target program-options parser
[13:42:20.883] [bmv2] [D] [thread 3186] Set default default entry for table 'tbl_srcRoute_finish': MyIngress.srcRoute_finish - 
[13:42:20.883] [bmv2] [D] [thread 3186] Set default default entry for table 'tbl_srcRoute_nhop': MyIngress.srcRoute_nhop - 
[13:42:20.883] [bmv2] [D] [thread 3186] Set default default entry for table 'tbl_update_ttl': MyIngress.update_ttl - 
[13:42:20.883] [bmv2] [D] [thread 3186] Set default default entry for table 'tbl_drop': MyIngress.drop - 
Adding interface s3-eth1 as port 1
[13:42:20.884] [bmv2] [D] [thread 3186] Adding interface s3-eth1 as port 1
Adding interface s3-eth2 as port 2
[13:42:20.885] [bmv2] [D] [thread 3186] Adding interface s3-eth2 as port 2
Server listening on 0.0.0.0:50053
[13:42:20.887] [bmv2] [I] [thread 3186] Starting Thrift server on port 9092
[13:42:20.888] [bmv2] [I] [thread 3186] Thrift server was started
[13:42:21.186] [bmv2] [D] [thread 3196] [0.0] [cxt 0] Processing packet received on port 1
[13:42:21.186] [bmv2] [D] [thread 3196] [0.0] [cxt 0] Parser 'parser': start
[13:42:21.186] [bmv2] [D] [thread 3196] [0.0] [cxt 0] Parser 'parser' entering state 'start'
[13:42:21.186] [bmv2] [D] [thread 3196] [0.0] [cxt 0] Extracting header 'ethernet'
[13:42:21.186] [bmv2] [D] [thread 3196] [0.0] [cxt 0] Parser state 'start': key is 86dd
[13:42:21.186] [bmv2] [T] [thread 3196] [0.0] [cxt 0] Bytes parsed: 14
[13:42:21.186] [bmv2] [D] [thread 3196] [0.0] [cxt 0] Parser 'parser': end
[13:42:21.186] [bmv2] [D] [thread 3196] [0.0] [cxt 0] Pipeline 'ingress': start
[13:42:21.186] [bmv2] [T] [thread 3196] [0.0] [cxt 0] source_routing.p4(126) Condition "hdr.srcRoutes[0].isValid()" (node_2) is false
[13:42:21.186] [bmv2] [T] [thread 3196] [0.0] [cxt 0] Applying table 'tbl_drop'
[13:42:21.186] [bmv2] [D] [thread 3196] [0.0] [cxt 0] Looking up key:

[13:42:21.186] [bmv2] [D] [thread 3196] [0.0] [cxt 0] Table 'tbl_drop': miss
[13:42:21.186] [bmv2] [D] [thread 3196] [0.0] [cxt 0] Action entry is MyIngress.drop - 
[13:42:21.186] [bmv2] [T] [thread 3196] [0.0] [cxt 0] Action MyIngress.drop
[13:42:21.186] [bmv2] [T] [thread 3196] [0.0] [cxt 0] source_routing.p4(109) Primitive mark_to_drop(standard_metadata)
[13:42:21.186] [bmv2] [D] [thread 3196] [0.0] [cxt 0] Pipeline 'ingress': end
[13:42:21.186] [bmv2] [D] [thread 3196] [0.0] [cxt 0] Egress port is 511
[13:42:21.186] [bmv2] [D] [thread 3196] [0.0] [cxt 0] Dropping packet at the end of ingress
[13:42:21.186] [bmv2] [D] [thread 3196] [1.0] [cxt 0] Processing packet received on port 2
[13:42:21.186] [bmv2] [D] [thread 3196] [1.0] [cxt 0] Parser 'parser': start
[13:42:21.186] [bmv2] [D] [thread 3196] [1.0] [cxt 0] Parser 'parser' entering state 'start'
[13:42:21.186] [bmv2] [D] [thread 3196] [1.0] [cxt 0] Extracting header 'ethernet'
[13:42:21.186] [bmv2] [D] [thread 3196] [1.0] [cxt 0] Parser state 'start': key is 86dd
[13:42:21.186] [bmv2] [T] [thread 3196] [1.0] [cxt 0] Bytes parsed: 14
[13:42:21.186] [bmv2] [D] [thread 3196] [1.0] [cxt 0] Parser 'parser': end
[13:42:21.186] [bmv2] [D] [thread 3196] [1.0] [cxt 0] Pipeline 'ingress': start
[13:42:21.186] [bmv2] [T] [thread 3196] [1.0] [cxt 0] source_routing.p4(126) Condition "hdr.srcRoutes[0].isValid()" (node_2) is false
[13:42:21.186] [bmv2] [T] [thread 3196] [1.0] [cxt 0] Applying table 'tbl_drop'
[13:42:21.186] [bmv2] [D] [thread 3196] [1.0] [cxt 0] Looking up key:

[13:42:21.186] [bmv2] [D] [thread 3196] [1.0] [cxt 0] Table 'tbl_drop': miss
[13:42:21.186] [bmv2] [D] [thread 3196] [1.0] [cxt 0] Action entry is MyIngress.drop - 
[13:42:21.186] [bmv2] [T] [thread 3196] [1.0] [cxt 0] Action MyIngress.drop
[13:42:21.186] [bmv2] [T] [thread 3196] [1.0] [cxt 0] source_routing.p4(109) Primitive mark_to_drop(standard_metadata)
[13:42:21.186] [bmv2] [D] [thread 3196] [1.0] [cxt 0] Pipeline 'ingress': end
[13:42:21.186] [bmv2] [D] [thread 3196] [1.0] [cxt 0] Egress port is 511
[13:42:21.186] [bmv2] [D] [thread 3196] [1.0] [cxt 0] Dropping packet at the end of ingress
[13:42:21.186] [bmv2] [D] [thread 3196] [2.0] [cxt 0] Processing packet received on port 1
[13:42:21.186] [bmv2] [D] [thread 3196] [2.0] [cxt 0] Parser 'parser': start
[13:42:21.186] [bmv2] [D] [thread 3196] [2.0] [cxt 0] Parser 'parser' entering state 'start'
[13:42:21.186] [bmv2] [D] [thread 3196] [2.0] [cxt 0] Extracting header 'ethernet'
[13:42:21.186] [bmv2] [D] [thread 3196] [2.0] [cxt 0] Parser state 'start': key is 86dd
[13:42:21.186] [bmv2] [T] [thread 3196] [2.0] [cxt 0] Bytes parsed: 14
[13:42:21.186] [bmv2] [D] [thread 3196] [2.0] [cxt 0] Parser 'parser': end
[13:42:21.186] [bmv2] [D] [thread 3196] [2.0] [cxt 0] Pipeline 'ingress': start
[13:42:21.186] [bmv2] [T] [thread 3196] [2.0] [cxt 0] source_routing.p4(126) Condition "hdr.srcRoutes[0].isValid()" (node_2) is false
[13:42:21.186] [bmv2] [T] [thread 3196] [2.0] [cxt 0] Applying table 'tbl_drop'
[13:42:21.186] [bmv2] [D] [thread 3196] [2.0] [cxt 0] Looking up key:

[13:42:21.186] [bmv2] [D] [thread 3196] [2.0] [cxt 0] Table 'tbl_drop': miss
[13:42:21.186] [bmv2] [D] [thread 3196] [2.0] [cxt 0] Action entry is MyIngress.drop - 
[13:42:21.186] [bmv2] [T] [thread 3196] [2.0] [cxt 0] Action MyIngress.drop
[13:42:21.186] [bmv2] [T] [thread 3196] [2.0] [cxt 0] source_routing.p4(109) Primitive mark_to_drop(standard_metadata)
[13:42:21.186] [bmv2] [D] [thread 3196] [2.0] [cxt 0] Pipeline 'ingress': end
[13:42:21.186] [bmv2] [D] [thread 3196] [2.0] [cxt 0] Egress port is 511
[13:42:21.186] [bmv2] [D] [thread 3196] [2.0] [cxt 0] Dropping packet at the end of ingress
[13:42:21.403] [bmv2] [D] [thread 3196] [3.0] [cxt 0] Processing packet received on port 1
[13:42:21.403] [bmv2] [D] [thread 3196] [3.0] [cxt 0] Parser 'parser': start
[13:42:21.403] [bmv2] [D] [thread 3196] [3.0] [cxt 0] Parser 'parser' entering state 'start'
[13:42:21.403] [bmv2] [D] [thread 3196] [3.0] [cxt 0] Extracting header 'ethernet'
[13:42:21.403] [bmv2] [D] [thread 3196] [3.0] [cxt 0] Parser state 'start': key is 86dd
[13:42:21.403] [bmv2] [T] [thread 3196] [3.0] [cxt 0] Bytes parsed: 14
[13:42:21.403] [bmv2] [D] [thread 3196] [3.0] [cxt 0] Parser 'parser': end
[13:42:21.403] [bmv2] [D] [thread 3196] [3.0] [cxt 0] Pipeline 'ingress': start
[13:42:21.403] [bmv2] [T] [thread 3196] [3.0] [cxt 0] source_routing.p4(126) Condition "hdr.srcRoutes[0].isValid()" (node_2) is false
[13:42:21.403] [bmv2] [T] [thread 3196] [3.0] [cxt 0] Applying table 'tbl_drop'
[13:42:21.403] [bmv2] [D] [thread 3196] [3.0] [cxt 0] Looking up key:

[13:42:21.403] [bmv2] [D] [thread 3196] [3.0] [cxt 0] Table 'tbl_drop': miss
[13:42:21.403] [bmv2] [D] [thread 3196] [3.0] [cxt 0] Action entry is MyIngress.drop - 
[13:42:21.403] [bmv2] [T] [thread 3196] [3.0] [cxt 0] Action MyIngress.drop
[13:42:21.403] [bmv2] [T] [thread 3196] [3.0] [cxt 0] source_routing.p4(109) Primitive mark_to_drop(standard_metadata)
[13:42:21.403] [bmv2] [D] [thread 3196] [3.0] [cxt 0] Pipeline 'ingress': end
[13:42:21.403] [bmv2] [D] [thread 3196] [3.0] [cxt 0] Egress port is 511
[13:42:21.403] [bmv2] [D] [thread 3196] [3.0] [cxt 0] Dropping packet at the end of ingress
[13:42:21.403] [bmv2] [D] [thread 3196] [4.0] [cxt 0] Processing packet received on port 1
[13:42:21.403] [bmv2] [D] [thread 3196] [4.0] [cxt 0] Parser 'parser': start
[13:42:21.403] [bmv2] [D] [thread 3196] [4.0] [cxt 0] Parser 'parser' entering state 'start'
[13:42:21.403] [bmv2] [D] [thread 3196] [4.0] [cxt 0] Extracting header 'ethernet'
[13:42:21.403] [bmv2] [D] [thread 3196] [4.0] [cxt 0] Parser state 'start': key is 86dd
[13:42:21.403] [bmv2] [T] [thread 3196] [4.0] [cxt 0] Bytes parsed: 14
[13:42:21.403] [bmv2] [D] [thread 3196] [4.0] [cxt 0] Parser 'parser': end
[13:42:21.403] [bmv2] [D] [thread 3196] [4.0] [cxt 0] Pipeline 'ingress': start
[13:42:21.403] [bmv2] [T] [thread 3196] [4.0] [cxt 0] source_routing.p4(126) Condition "hdr.srcRoutes[0].isValid()" (node_2) is false
[13:42:21.403] [bmv2] [T] [thread 3196] [4.0] [cxt 0] Applying table 'tbl_drop'
[13:42:21.403] [bmv2] [D] [thread 3196] [4.0] [cxt 0] Looking up key:

[13:42:21.403] [bmv2] [D] [thread 3196] [4.0] [cxt 0] Table 'tbl_drop': miss
[13:42:21.403] [bmv2] [D] [thread 3196] [4.0] [cxt 0] Action entry is MyIngress.drop - 
[13:42:21.403] [bmv2] [T] [thread 3196] [4.0] [cxt 0] Action MyIngress.drop
[13:42:21.403] [bmv2] [T] [thread 3196] [4.0] [cxt 0] source_routing.p4(109) Primitive mark_to_drop(standard_metadata)
[13:42:21.403] [bmv2] [D] [thread 3196] [4.0] [cxt 0] Pipeline 'ingress': end
[13:42:21.403] [bmv2] [D] [thread 3196] [4.0] [cxt 0] Egress port is 511
[13:42:21.403] [bmv2] [D] [thread 3196] [4.0] [cxt 0] Dropping packet at the end of ingress
[13:42:21.596] [bmv2] [D] [thread 3196] [5.0] [cxt 0] Processing packet received on port 2
[13:42:21.596] [bmv2] [D] [thread 3196] [5.0] [cxt 0] Parser 'parser': start
[13:42:21.596] [bmv2] [D] [thread 3196] [5.0] [cxt 0] Parser 'parser' entering state 'start'
[13:42:21.596] [bmv2] [D] [thread 3196] [5.0] [cxt 0] Extracting header 'ethernet'
[13:42:21.596] [bmv2] [D] [thread 3196] [5.0] [cxt 0] Parser state 'start': key is 86dd
[13:42:21.596] [bmv2] [T] [thread 3196] [5.0] [cxt 0] Bytes parsed: 14
[13:42:21.596] [bmv2] [D] [thread 3196] [5.0] [cxt 0] Parser 'parser': end
[13:42:21.596] [bmv2] [D] [thread 3196] [5.0] [cxt 0] Pipeline 'ingress': start
[13:42:21.596] [bmv2] [T] [thread 3196] [5.0] [cxt 0] source_routing.p4(126) Condition "hdr.srcRoutes[0].isValid()" (node_2) is false
[13:42:21.596] [bmv2] [T] [thread 3196] [5.0] [cxt 0] Applying table 'tbl_drop'
[13:42:21.597] [bmv2] [D] [thread 3196] [5.0] [cxt 0] Looking up key:

[13:42:21.597] [bmv2] [D] [thread 3196] [5.0] [cxt 0] Table 'tbl_drop': miss
[13:42:21.597] [bmv2] [D] [thread 3196] [5.0] [cxt 0] Action entry is MyIngress.drop - 
[13:42:21.597] [bmv2] [T] [thread 3196] [5.0] [cxt 0] Action MyIngress.drop
[13:42:21.597] [bmv2] [T] [thread 3196] [5.0] [cxt 0] source_routing.p4(109) Primitive mark_to_drop(standard_metadata)
[13:42:21.597] [bmv2] [D] [thread 3196] [5.0] [cxt 0] Pipeline 'ingress': end
[13:42:21.597] [bmv2] [D] [thread 3196] [5.0] [cxt 0] Egress port is 511
[13:42:21.597] [bmv2] [D] [thread 3196] [5.0] [cxt 0] Dropping packet at the end of ingress
[13:42:21.597] [bmv2] [D] [thread 3196] [6.0] [cxt 0] Processing packet received on port 2
[13:42:21.597] [bmv2] [D] [thread 3196] [6.0] [cxt 0] Parser 'parser': start
[13:42:21.597] [bmv2] [D] [thread 3196] [6.0] [cxt 0] Parser 'parser' entering state 'start'
[13:42:21.597] [bmv2] [D] [thread 3196] [6.0] [cxt 0] Extracting header 'ethernet'
[13:42:21.597] [bmv2] [D] [thread 3196] [6.0] [cxt 0] Parser state 'start': key is 86dd
[13:42:21.597] [bmv2] [T] [thread 3196] [6.0] [cxt 0] Bytes parsed: 14
[13:42:21.597] [bmv2] [D] [thread 3196] [6.0] [cxt 0] Parser 'parser': end
[13:42:21.597] [bmv2] [D] [thread 3196] [6.0] [cxt 0] Pipeline 'ingress': start
[13:42:21.597] [bmv2] [T] [thread 3196] [6.0] [cxt 0] source_routing.p4(126) Condition "hdr.srcRoutes[0].isValid()" (node_2) is false
[13:42:21.597] [bmv2] [T] [thread 3196] [6.0] [cxt 0] Applying table 'tbl_drop'
[13:42:21.597] [bmv2] [D] [thread 3196] [6.0] [cxt 0] Looking up key:

[13:42:21.597] [bmv2] [D] [thread 3196] [6.0] [cxt 0] Table 'tbl_drop': miss
[13:42:21.597] [bmv2] [D] [thread 3196] [6.0] [cxt 0] Action entry is MyIngress.drop - 
[13:42:21.597] [bmv2] [T] [thread 3196] [6.0] [cxt 0] Action MyIngress.drop
[13:42:21.597] [bmv2] [T] [thread 3196] [6.0] [cxt 0] source_routing.p4(109) Primitive mark_to_drop(standard_metadata)
[13:42:21.597] [bmv2] [D] [thread 3196] [6.0] [cxt 0] Pipeline 'ingress': end
[13:42:21.597] [bmv2] [D] [thread 3196] [6.0] [cxt 0] Egress port is 511
[13:42:21.597] [bmv2] [D] [thread 3196] [6.0] [cxt 0] Dropping packet at the end of ingress
[13:42:21.974] [bmv2] [D] [thread 3196] [7.0] [cxt 0] Processing packet received on port 1
[13:42:21.974] [bmv2] [D] [thread 3196] [7.0] [cxt 0] Parser 'parser': start
[13:42:21.974] [bmv2] [D] [thread 3196] [7.0] [cxt 0] Parser 'parser' entering state 'start'
[13:42:21.974] [bmv2] [D] [thread 3196] [7.0] [cxt 0] Extracting header 'ethernet'
[13:42:21.974] [bmv2] [D] [thread 3196] [7.0] [cxt 0] Parser state 'start': key is 86dd
[13:42:21.974] [bmv2] [T] [thread 3196] [7.0] [cxt 0] Bytes parsed: 14
[13:42:21.974] [bmv2] [D] [thread 3196] [7.0] [cxt 0] Parser 'parser': end
[13:42:21.974] [bmv2] [D] [thread 3196] [7.0] [cxt 0] Pipeline 'ingress': start
[13:42:21.974] [bmv2] [T] [thread 3196] [7.0] [cxt 0] source_routing.p4(126) Condition "hdr.srcRoutes[0].isValid()" (node_2) is false
[13:42:21.974] [bmv2] [T] [thread 3196] [7.0] [cxt 0] Applying table 'tbl_drop'
[13:42:21.974] [bmv2] [D] [thread 3196] [7.0] [cxt 0] Looking up key:

[13:42:21.974] [bmv2] [D] [thread 3196] [7.0] [cxt 0] Table 'tbl_drop': miss
[13:42:21.974] [bmv2] [D] [thread 3196] [7.0] [cxt 0] Action entry is MyIngress.drop - 
[13:42:21.974] [bmv2] [T] [thread 3196] [7.0] [cxt 0] Action MyIngress.drop
[13:42:21.974] [bmv2] [T] [thread 3196] [7.0] [cxt 0] source_routing.p4(109) Primitive mark_to_drop(standard_metadata)
[13:42:21.974] [bmv2] [D] [thread 3196] [7.0] [cxt 0] Pipeline 'ingress': end
[13:42:21.974] [bmv2] [D] [thread 3196] [7.0] [cxt 0] Egress port is 511
[13:42:21.974] [bmv2] [D] [thread 3196] [7.0] [cxt 0] Dropping packet at the end of ingress
[13:42:22.070] [bmv2] [D] [thread 3196] [8.0] [cxt 0] Processing packet received on port 1
[13:42:22.070] [bmv2] [D] [thread 3196] [8.0] [cxt 0] Parser 'parser': start
[13:42:22.070] [bmv2] [D] [thread 3196] [8.0] [cxt 0] Parser 'parser' entering state 'start'
[13:42:22.070] [bmv2] [D] [thread 3196] [8.0] [cxt 0] Extracting header 'ethernet'
[13:42:22.070] [bmv2] [D] [thread 3196] [8.0] [cxt 0] Parser state 'start': key is 86dd
[13:42:22.070] [bmv2] [T] [thread 3196] [8.0] [cxt 0] Bytes parsed: 14
[13:42:22.070] [bmv2] [D] [thread 3196] [8.0] [cxt 0] Parser 'parser': end
[13:42:22.070] [bmv2] [D] [thread 3196] [8.0] [cxt 0] Pipeline 'ingress': start
[13:42:22.070] [bmv2] [T] [thread 3196] [8.0] [cxt 0] source_routing.p4(126) Condition "hdr.srcRoutes[0].isValid()" (node_2) is false
[13:42:22.070] [bmv2] [T] [thread 3196] [8.0] [cxt 0] Applying table 'tbl_drop'
[13:42:22.070] [bmv2] [D] [thread 3196] [8.0] [cxt 0] Looking up key:

[13:42:22.070] [bmv2] [D] [thread 3196] [8.0] [cxt 0] Table 'tbl_drop': miss
[13:42:22.070] [bmv2] [D] [thread 3196] [8.0] [cxt 0] Action entry is MyIngress.drop - 
[13:42:22.070] [bmv2] [T] [thread 3196] [8.0] [cxt 0] Action MyIngress.drop
[13:42:22.070] [bmv2] [T] [thread 3196] [8.0] [cxt 0] source_routing.p4(109) Primitive mark_to_drop(standard_metadata)
[13:42:22.070] [bmv2] [D] [thread 3196] [8.0] [cxt 0] Pipeline 'ingress': end
[13:42:22.070] [bmv2] [D] [thread 3196] [8.0] [cxt 0] Egress port is 511
[13:42:22.070] [bmv2] [D] [thread 3196] [8.0] [cxt 0] Dropping packet at the end of ingress
[13:42:22.166] [bmv2] [D] [thread 3196] [9.0] [cxt 0] Processing packet received on port 2
[13:42:22.166] [bmv2] [D] [thread 3196] [9.0] [cxt 0] Parser 'parser': start
[13:42:22.166] [bmv2] [D] [thread 3196] [9.0] [cxt 0] Parser 'parser' entering state 'start'
[13:42:22.166] [bmv2] [D] [thread 3196] [9.0] [cxt 0] Extracting header 'ethernet'
[13:42:22.166] [bmv2] [D] [thread 3196] [9.0] [cxt 0] Parser state 'start': key is 86dd
[13:42:22.166] [bmv2] [T] [thread 3196] [9.0] [cxt 0] Bytes parsed: 14
[13:42:22.166] [bmv2] [D] [thread 3196] [9.0] [cxt 0] Parser 'parser': end
[13:42:22.166] [bmv2] [D] [thread 3196] [9.0] [cxt 0] Pipeline 'ingress': start
[13:42:22.166] [bmv2] [T] [thread 3196] [9.0] [cxt 0] source_routing.p4(126) Condition "hdr.srcRoutes[0].isValid()" (node_2) is false
[13:42:22.166] [bmv2] [T] [thread 3196] [9.0] [cxt 0] Applying table 'tbl_drop'
[13:42:22.166] [bmv2] [D] [thread 3196] [9.0] [cxt 0] Looking up key:

[13:42:22.166] [bmv2] [D] [thread 3196] [9.0] [cxt 0] Table 'tbl_drop': miss
[13:42:22.166] [bmv2] [D] [thread 3196] [9.0] [cxt 0] Action entry is MyIngress.drop - 
[13:42:22.166] [bmv2] [T] [thread 3196] [9.0] [cxt 0] Action MyIngress.drop
[13:42:22.166] [bmv2] [T] [thread 3196] [9.0] [cxt 0] source_routing.p4(109) Primitive mark_to_drop(standard_metadata)
[13:42:22.166] [bmv2] [D] [thread 3196] [9.0] [cxt 0] Pipeline 'ingress': end
[13:42:22.166] [bmv2] [D] [thread 3196] [9.0] [cxt 0] Egress port is 511
[13:42:22.166] [bmv2] [D] [thread 3196] [9.0] [cxt 0] Dropping packet at the end of ingress
[13:42:23.012] [bmv2] [W] [thread 3248] [P4Runtime] p4::tmp::P4DeviceConfig is deprecated
[13:42:23.014] [bmv2] [D] [thread 3248] Set default default entry for table 'tbl_srcRoute_finish': MyIngress.srcRoute_finish - 
[13:42:23.014] [bmv2] [D] [thread 3248] Set default default entry for table 'tbl_srcRoute_nhop': MyIngress.srcRoute_nhop - 
[13:42:23.014] [bmv2] [D] [thread 3248] Set default default entry for table 'tbl_update_ttl': MyIngress.update_ttl - 
[13:42:23.014] [bmv2] [D] [thread 3248] Set default default entry for table 'tbl_drop': MyIngress.drop - 
[13:42:23.014] [bmv2] [D] [thread 3248] simple_switch target has been notified of a config swap
[13:42:24.827] [bmv2] [D] [thread 3196] [10.0] [cxt 0] Processing packet received on port 2
[13:42:24.827] [bmv2] [D] [thread 3196] [10.0] [cxt 0] Parser 'parser': start
[13:42:24.827] [bmv2] [D] [thread 3196] [10.0] [cxt 0] Parser 'parser' entering state 'start'
[13:42:24.827] [bmv2] [D] [thread 3196] [10.0] [cxt 0] Extracting header 'ethernet'
[13:42:24.827] [bmv2] [D] [thread 3196] [10.0] [cxt 0] Parser state 'start': key is 86dd
[13:42:24.827] [bmv2] [T] [thread 3196] [10.0] [cxt 0] Bytes parsed: 14
[13:42:24.827] [bmv2] [D] [thread 3196] [10.0] [cxt 0] Parser 'parser': end
[13:42:24.827] [bmv2] [D] [thread 3196] [10.0] [cxt 0] Pipeline 'ingress': start
[13:42:24.827] [bmv2] [T] [thread 3196] [10.0] [cxt 0] source_routing.p4(126) Condition "hdr.srcRoutes[0].isValid()" (node_2) is false
[13:42:24.827] [bmv2] [T] [thread 3196] [10.0] [cxt 0] Applying table 'tbl_drop'
[13:42:24.827] [bmv2] [D] [thread 3196] [10.0] [cxt 0] Looking up key:

[13:42:24.827] [bmv2] [D] [thread 3196] [10.0] [cxt 0] Table 'tbl_drop': miss
[13:42:24.827] [bmv2] [D] [thread 3196] [10.0] [cxt 0] Action entry is MyIngress.drop - 
[13:42:24.827] [bmv2] [T] [thread 3196] [10.0] [cxt 0] Action MyIngress.drop
[13:42:24.827] [bmv2] [T] [thread 3196] [10.0] [cxt 0] source_routing.p4(109) Primitive mark_to_drop(standard_metadata)
[13:42:24.827] [bmv2] [D] [thread 3196] [10.0] [cxt 0] Pipeline 'ingress': end
[13:42:24.827] [bmv2] [D] [thread 3196] [10.0] [cxt 0] Egress port is 511
[13:42:24.827] [bmv2] [D] [thread 3196] [10.0] [cxt 0] Dropping packet at the end of ingress
[13:42:25.335] [bmv2] [D] [thread 3196] [11.0] [cxt 0] Processing packet received on port 2
[13:42:25.335] [bmv2] [D] [thread 3196] [11.0] [cxt 0] Parser 'parser': start
[13:42:25.335] [bmv2] [D] [thread 3196] [11.0] [cxt 0] Parser 'parser' entering state 'start'
[13:42:25.335] [bmv2] [D] [thread 3196] [11.0] [cxt 0] Extracting header 'ethernet'
[13:42:25.335] [bmv2] [D] [thread 3196] [11.0] [cxt 0] Parser state 'start': key is 86dd
[13:42:25.335] [bmv2] [T] [thread 3196] [11.0] [cxt 0] Bytes parsed: 14
[13:42:25.335] [bmv2] [D] [thread 3196] [11.0] [cxt 0] Parser 'parser': end
[13:42:25.335] [bmv2] [D] [thread 3196] [11.0] [cxt 0] Pipeline 'ingress': start
[13:42:25.335] [bmv2] [T] [thread 3196] [11.0] [cxt 0] source_routing.p4(126) Condition "hdr.srcRoutes[0].isValid()" (node_2) is false
[13:42:25.335] [bmv2] [T] [thread 3196] [11.0] [cxt 0] Applying table 'tbl_drop'
[13:42:25.335] [bmv2] [D] [thread 3196] [11.0] [cxt 0] Looking up key:

[13:42:25.335] [bmv2] [D] [thread 3196] [11.0] [cxt 0] Table 'tbl_drop': miss
[13:42:25.335] [bmv2] [D] [thread 3196] [11.0] [cxt 0] Action entry is MyIngress.drop - 
[13:42:25.335] [bmv2] [T] [thread 3196] [11.0] [cxt 0] Action MyIngress.drop
[13:42:25.335] [bmv2] [T] [thread 3196] [11.0] [cxt 0] source_routing.p4(109) Primitive mark_to_drop(standard_metadata)
[13:42:25.335] [bmv2] [D] [thread 3196] [11.0] [cxt 0] Pipeline 'ingress': end
[13:42:25.335] [bmv2] [D] [thread 3196] [11.0] [cxt 0] Egress port is 511
[13:42:25.335] [bmv2] [D] [thread 3196] [11.0] [cxt 0] Dropping packet at the end of ingress
[13:42:25.590] [bmv2] [D] [thread 3196] [12.0] [cxt 0] Processing packet received on port 1
[13:42:25.590] [bmv2] [D] [thread 3196] [12.0] [cxt 0] Parser 'parser': start
[13:42:25.590] [bmv2] [D] [thread 3196] [12.0] [cxt 0] Parser 'parser' entering state 'start'
[13:42:25.590] [bmv2] [D] [thread 3196] [12.0] [cxt 0] Extracting header 'ethernet'
[13:42:25.590] [bmv2] [D] [thread 3196] [12.0] [cxt 0] Parser state 'start': key is 86dd
[13:42:25.590] [bmv2] [T] [thread 3196] [12.0] [cxt 0] Bytes parsed: 14
[13:42:25.590] [bmv2] [D] [thread 3196] [12.0] [cxt 0] Parser 'parser': end
[13:42:25.590] [bmv2] [D] [thread 3196] [12.0] [cxt 0] Pipeline 'ingress': start
[13:42:25.590] [bmv2] [T] [thread 3196] [12.0] [cxt 0] source_routing.p4(126) Condition "hdr.srcRoutes[0].isValid()" (node_2) is false
[13:42:25.590] [bmv2] [T] [thread 3196] [12.0] [cxt 0] Applying table 'tbl_drop'
[13:42:25.590] [bmv2] [D] [thread 3196] [12.0] [cxt 0] Looking up key:

[13:42:25.590] [bmv2] [D] [thread 3196] [12.0] [cxt 0] Table 'tbl_drop': miss
[13:42:25.590] [bmv2] [D] [thread 3196] [12.0] [cxt 0] Action entry is MyIngress.drop - 
[13:42:25.590] [bmv2] [T] [thread 3196] [12.0] [cxt 0] Action MyIngress.drop
[13:42:25.590] [bmv2] [T] [thread 3196] [12.0] [cxt 0] source_routing.p4(109) Primitive mark_to_drop(standard_metadata)
[13:42:25.590] [bmv2] [D] [thread 3196] [12.0] [cxt 0] Pipeline 'ingress': end
[13:42:25.590] [bmv2] [D] [thread 3196] [12.0] [cxt 0] Egress port is 511
[13:42:25.590] [bmv2] [D] [thread 3196] [12.0] [cxt 0] Dropping packet at the end of ingress
[13:42:25.847] [bmv2] [D] [thread 3196] [13.0] [cxt 0] Processing packet received on port 1
[13:42:25.847] [bmv2] [D] [thread 3196] [13.0] [cxt 0] Parser 'parser': start
[13:42:25.847] [bmv2] [D] [thread 3196] [13.0] [cxt 0] Parser 'parser' entering state 'start'
[13:42:25.847] [bmv2] [D] [thread 3196] [13.0] [cxt 0] Extracting header 'ethernet'
[13:42:25.847] [bmv2] [D] [thread 3196] [13.0] [cxt 0] Parser state 'start': key is 86dd
[13:42:25.847] [bmv2] [T] [thread 3196] [13.0] [cxt 0] Bytes parsed: 14
[13:42:25.847] [bmv2] [D] [thread 3196] [13.0] [cxt 0] Parser 'parser': end
[13:42:25.847] [bmv2] [D] [thread 3196] [13.0] [cxt 0] Pipeline 'ingress': start
[13:42:25.847] [bmv2] [T] [thread 3196] [13.0] [cxt 0] source_routing.p4(126) Condition "hdr.srcRoutes[0].isValid()" (node_2) is false
[13:42:25.847] [bmv2] [T] [thread 3196] [13.0] [cxt 0] Applying table 'tbl_drop'
[13:42:25.847] [bmv2] [D] [thread 3196] [13.0] [cxt 0] Looking up key:

[13:42:25.847] [bmv2] [D] [thread 3196] [13.0] [cxt 0] Table 'tbl_drop': miss
[13:42:25.847] [bmv2] [D] [thread 3196] [13.0] [cxt 0] Action entry is MyIngress.drop - 
[13:42:25.847] [bmv2] [T] [thread 3196] [13.0] [cxt 0] Action MyIngress.drop
[13:42:25.847] [bmv2] [T] [thread 3196] [13.0] [cxt 0] source_routing.p4(109) Primitive mark_to_drop(standard_metadata)
[13:42:25.847] [bmv2] [D] [thread 3196] [13.0] [cxt 0] Pipeline 'ingress': end
[13:42:25.847] [bmv2] [D] [thread 3196] [13.0] [cxt 0] Egress port is 511
[13:42:25.847] [bmv2] [D] [thread 3196] [13.0] [cxt 0] Dropping packet at the end of ingress
[13:42:32.758] [bmv2] [D] [thread 3196] [14.0] [cxt 0] Processing packet received on port 2
[13:42:32.758] [bmv2] [D] [thread 3196] [14.0] [cxt 0] Parser 'parser': start
[13:42:32.758] [bmv2] [D] [thread 3196] [14.0] [cxt 0] Parser 'parser' entering state 'start'
[13:42:32.758] [bmv2] [D] [thread 3196] [14.0] [cxt 0] Extracting header 'ethernet'
[13:42:32.758] [bmv2] [D] [thread 3196] [14.0] [cxt 0] Parser state 'start': key is 86dd
[13:42:32.758] [bmv2] [T] [thread 3196] [14.0] [cxt 0] Bytes parsed: 14
[13:42:32.758] [bmv2] [D] [thread 3196] [14.0] [cxt 0] Parser 'parser': end
[13:42:32.758] [bmv2] [D] [thread 3196] [14.0] [cxt 0] Pipeline 'ingress': start
[13:42:32.758] [bmv2] [T] [thread 3196] [14.0] [cxt 0] source_routing.p4(126) Condition "hdr.srcRoutes[0].isValid()" (node_2) is false
[13:42:32.758] [bmv2] [T] [thread 3196] [14.0] [cxt 0] Applying table 'tbl_drop'
[13:42:32.758] [bmv2] [D] [thread 3196] [14.0] [cxt 0] Looking up key:

[13:42:32.758] [bmv2] [D] [thread 3196] [14.0] [cxt 0] Table 'tbl_drop': miss
[13:42:32.758] [bmv2] [D] [thread 3196] [14.0] [cxt 0] Action entry is MyIngress.drop - 
[13:42:32.758] [bmv2] [T] [thread 3196] [14.0] [cxt 0] Action MyIngress.drop
[13:42:32.758] [bmv2] [T] [thread 3196] [14.0] [cxt 0] source_routing.p4(109) Primitive mark_to_drop(standard_metadata)
[13:42:32.758] [bmv2] [D] [thread 3196] [14.0] [cxt 0] Pipeline 'ingress': end
[13:42:32.758] [bmv2] [D] [thread 3196] [14.0] [cxt 0] Egress port is 511
[13:42:32.758] [bmv2] [D] [thread 3196] [14.0] [cxt 0] Dropping packet at the end of ingress
[13:42:33.018] [bmv2] [D] [thread 3196] [15.0] [cxt 0] Processing packet received on port 2
[13:42:33.018] [bmv2] [D] [thread 3196] [15.0] [cxt 0] Parser 'parser': start
[13:42:33.018] [bmv2] [D] [thread 3196] [15.0] [cxt 0] Parser 'parser' entering state 'start'
[13:42:33.018] [bmv2] [D] [thread 3196] [15.0] [cxt 0] Extracting header 'ethernet'
[13:42:33.018] [bmv2] [D] [thread 3196] [15.0] [cxt 0] Parser state 'start': key is 86dd
[13:42:33.018] [bmv2] [T] [thread 3196] [15.0] [cxt 0] Bytes parsed: 14
[13:42:33.018] [bmv2] [D] [thread 3196] [15.0] [cxt 0] Parser 'parser': end
[13:42:33.018] [bmv2] [D] [thread 3196] [15.0] [cxt 0] Pipeline 'ingress': start
[13:42:33.018] [bmv2] [T] [thread 3196] [15.0] [cxt 0] source_routing.p4(126) Condition "hdr.srcRoutes[0].isValid()" (node_2) is false
[13:42:33.018] [bmv2] [T] [thread 3196] [15.0] [cxt 0] Applying table 'tbl_drop'
[13:42:33.018] [bmv2] [D] [thread 3196] [15.0] [cxt 0] Looking up key:

[13:42:33.018] [bmv2] [D] [thread 3196] [15.0] [cxt 0] Table 'tbl_drop': miss
[13:42:33.018] [bmv2] [D] [thread 3196] [15.0] [cxt 0] Action entry is MyIngress.drop - 
[13:42:33.018] [bmv2] [T] [thread 3196] [15.0] [cxt 0] Action MyIngress.drop
[13:42:33.018] [bmv2] [T] [thread 3196] [15.0] [cxt 0] source_routing.p4(109) Primitive mark_to_drop(standard_metadata)
[13:42:33.018] [bmv2] [D] [thread 3196] [15.0] [cxt 0] Pipeline 'ingress': end
[13:42:33.018] [bmv2] [D] [thread 3196] [15.0] [cxt 0] Egress port is 511
[13:42:33.018] [bmv2] [D] [thread 3196] [15.0] [cxt 0] Dropping packet at the end of ingress
[13:42:34.294] [bmv2] [D] [thread 3196] [16.0] [cxt 0] Processing packet received on port 1
[13:42:34.294] [bmv2] [D] [thread 3196] [16.0] [cxt 0] Parser 'parser': start
[13:42:34.294] [bmv2] [D] [thread 3196] [16.0] [cxt 0] Parser 'parser' entering state 'start'
[13:42:34.294] [bmv2] [D] [thread 3196] [16.0] [cxt 0] Extracting header 'ethernet'
[13:42:34.294] [bmv2] [D] [thread 3196] [16.0] [cxt 0] Parser state 'start': key is 86dd
[13:42:34.294] [bmv2] [T] [thread 3196] [16.0] [cxt 0] Bytes parsed: 14
[13:42:34.294] [bmv2] [D] [thread 3196] [16.0] [cxt 0] Parser 'parser': end
[13:42:34.294] [bmv2] [D] [thread 3196] [16.0] [cxt 0] Pipeline 'ingress': start
[13:42:34.294] [bmv2] [T] [thread 3196] [16.0] [cxt 0] source_routing.p4(126) Condition "hdr.srcRoutes[0].isValid()" (node_2) is false
[13:42:34.294] [bmv2] [T] [thread 3196] [16.0] [cxt 0] Applying table 'tbl_drop'
[13:42:34.294] [bmv2] [D] [thread 3196] [16.0] [cxt 0] Looking up key:

[13:42:34.294] [bmv2] [D] [thread 3196] [16.0] [cxt 0] Table 'tbl_drop': miss
[13:42:34.294] [bmv2] [D] [thread 3196] [16.0] [cxt 0] Action entry is MyIngress.drop - 
[13:42:34.294] [bmv2] [T] [thread 3196] [16.0] [cxt 0] Action MyIngress.drop
[13:42:34.294] [bmv2] [T] [thread 3196] [16.0] [cxt 0] source_routing.p4(109) Primitive mark_to_drop(standard_metadata)
[13:42:34.294] [bmv2] [D] [thread 3196] [16.0] [cxt 0] Pipeline 'ingress': end
[13:42:34.294] [bmv2] [D] [thread 3196] [16.0] [cxt 0] Egress port is 511
[13:42:34.294] [bmv2] [D] [thread 3196] [16.0] [cxt 0] Dropping packet at the end of ingress
[13:42:34.554] [bmv2] [D] [thread 3196] [17.0] [cxt 0] Processing packet received on port 1
[13:42:34.554] [bmv2] [D] [thread 3196] [17.0] [cxt 0] Parser 'parser': start
[13:42:34.554] [bmv2] [D] [thread 3196] [17.0] [cxt 0] Parser 'parser' entering state 'start'
[13:42:34.554] [bmv2] [D] [thread 3196] [17.0] [cxt 0] Extracting header 'ethernet'
[13:42:34.554] [bmv2] [D] [thread 3196] [17.0] [cxt 0] Parser state 'start': key is 86dd
[13:42:34.554] [bmv2] [T] [thread 3196] [17.0] [cxt 0] Bytes parsed: 14
[13:42:34.554] [bmv2] [D] [thread 3196] [17.0] [cxt 0] Parser 'parser': end
[13:42:34.554] [bmv2] [D] [thread 3196] [17.0] [cxt 0] Pipeline 'ingress': start
[13:42:34.554] [bmv2] [T] [thread 3196] [17.0] [cxt 0] source_routing.p4(126) Condition "hdr.srcRoutes[0].isValid()" (node_2) is false
[13:42:34.554] [bmv2] [T] [thread 3196] [17.0] [cxt 0] Applying table 'tbl_drop'
[13:42:34.554] [bmv2] [D] [thread 3196] [17.0] [cxt 0] Looking up key:

[13:42:34.554] [bmv2] [D] [thread 3196] [17.0] [cxt 0] Table 'tbl_drop': miss
[13:42:34.554] [bmv2] [D] [thread 3196] [17.0] [cxt 0] Action entry is MyIngress.drop - 
[13:42:34.554] [bmv2] [T] [thread 3196] [17.0] [cxt 0] Action MyIngress.drop
[13:42:34.554] [bmv2] [T] [thread 3196] [17.0] [cxt 0] source_routing.p4(109) Primitive mark_to_drop(standard_metadata)
[13:42:34.554] [bmv2] [D] [thread 3196] [17.0] [cxt 0] Pipeline 'ingress': end
[13:42:34.554] [bmv2] [D] [thread 3196] [17.0] [cxt 0] Egress port is 511
[13:42:34.554] [bmv2] [D] [thread 3196] [17.0] [cxt 0] Dropping packet at the end of ingress
[13:42:47.350] [bmv2] [D] [thread 3196] [18.0] [cxt 0] Processing packet received on port 2
[13:42:47.350] [bmv2] [D] [thread 3196] [18.0] [cxt 0] Parser 'parser': start
[13:42:47.350] [bmv2] [D] [thread 3196] [18.0] [cxt 0] Parser 'parser' entering state 'start'
[13:42:47.350] [bmv2] [D] [thread 3196] [18.0] [cxt 0] Extracting header 'ethernet'
[13:42:47.350] [bmv2] [D] [thread 3196] [18.0] [cxt 0] Parser state 'start': key is 86dd
[13:42:47.350] [bmv2] [T] [thread 3196] [18.0] [cxt 0] Bytes parsed: 14
[13:42:47.350] [bmv2] [D] [thread 3196] [18.0] [cxt 0] Parser 'parser': end
[13:42:47.350] [bmv2] [D] [thread 3196] [18.0] [cxt 0] Pipeline 'ingress': start
[13:42:47.350] [bmv2] [T] [thread 3196] [18.0] [cxt 0] source_routing.p4(126) Condition "hdr.srcRoutes[0].isValid()" (node_2) is false
[13:42:47.350] [bmv2] [T] [thread 3196] [18.0] [cxt 0] Applying table 'tbl_drop'
[13:42:47.350] [bmv2] [D] [thread 3196] [18.0] [cxt 0] Looking up key:

[13:42:47.350] [bmv2] [D] [thread 3196] [18.0] [cxt 0] Table 'tbl_drop': miss
[13:42:47.350] [bmv2] [D] [thread 3196] [18.0] [cxt 0] Action entry is MyIngress.drop - 
[13:42:47.350] [bmv2] [T] [thread 3196] [18.0] [cxt 0] Action MyIngress.drop
[13:42:47.350] [bmv2] [T] [thread 3196] [18.0] [cxt 0] source_routing.p4(109) Primitive mark_to_drop(standard_metadata)
[13:42:47.350] [bmv2] [D] [thread 3196] [18.0] [cxt 0] Pipeline 'ingress': end
[13:42:47.350] [bmv2] [D] [thread 3196] [18.0] [cxt 0] Egress port is 511
[13:42:47.350] [bmv2] [D] [thread 3196] [18.0] [cxt 0] Dropping packet at the end of ingress
[13:42:50.423] [bmv2] [D] [thread 3196] [19.0] [cxt 0] Processing packet received on port 2
[13:42:50.423] [bmv2] [D] [thread 3196] [19.0] [cxt 0] Parser 'parser': start
[13:42:50.423] [bmv2] [D] [thread 3196] [19.0] [cxt 0] Parser 'parser' entering state 'start'
[13:42:50.423] [bmv2] [D] [thread 3196] [19.0] [cxt 0] Extracting header 'ethernet'
[13:42:50.423] [bmv2] [D] [thread 3196] [19.0] [cxt 0] Parser state 'start': key is 86dd
[13:42:50.423] [bmv2] [T] [thread 3196] [19.0] [cxt 0] Bytes parsed: 14
[13:42:50.424] [bmv2] [D] [thread 3196] [19.0] [cxt 0] Parser 'parser': end
[13:42:50.424] [bmv2] [D] [thread 3196] [19.0] [cxt 0] Pipeline 'ingress': start
[13:42:50.424] [bmv2] [T] [thread 3196] [19.0] [cxt 0] source_routing.p4(126) Condition "hdr.srcRoutes[0].isValid()" (node_2) is false
[13:42:50.424] [bmv2] [T] [thread 3196] [19.0] [cxt 0] Applying table 'tbl_drop'
[13:42:50.424] [bmv2] [D] [thread 3196] [19.0] [cxt 0] Looking up key:

[13:42:50.424] [bmv2] [D] [thread 3196] [19.0] [cxt 0] Table 'tbl_drop': miss
[13:42:50.424] [bmv2] [D] [thread 3196] [19.0] [cxt 0] Action entry is MyIngress.drop - 
[13:42:50.424] [bmv2] [T] [thread 3196] [19.0] [cxt 0] Action MyIngress.drop
[13:42:50.424] [bmv2] [T] [thread 3196] [19.0] [cxt 0] source_routing.p4(109) Primitive mark_to_drop(standard_metadata)
[13:42:50.424] [bmv2] [D] [thread 3196] [19.0] [cxt 0] Pipeline 'ingress': end
[13:42:50.424] [bmv2] [D] [thread 3196] [19.0] [cxt 0] Egress port is 511
[13:42:50.424] [bmv2] [D] [thread 3196] [19.0] [cxt 0] Dropping packet at the end of ingress
[13:42:52.471] [bmv2] [D] [thread 3196] [20.0] [cxt 0] Processing packet received on port 1
[13:42:52.471] [bmv2] [D] [thread 3196] [20.0] [cxt 0] Parser 'parser': start
[13:42:52.471] [bmv2] [D] [thread 3196] [20.0] [cxt 0] Parser 'parser' entering state 'start'
[13:42:52.471] [bmv2] [D] [thread 3196] [20.0] [cxt 0] Extracting header 'ethernet'
[13:42:52.471] [bmv2] [D] [thread 3196] [20.0] [cxt 0] Parser state 'start': key is 86dd
[13:42:52.471] [bmv2] [T] [thread 3196] [20.0] [cxt 0] Bytes parsed: 14
[13:42:52.471] [bmv2] [D] [thread 3196] [20.0] [cxt 0] Parser 'parser': end
[13:42:52.471] [bmv2] [D] [thread 3196] [20.0] [cxt 0] Pipeline 'ingress': start
[13:42:52.471] [bmv2] [T] [thread 3196] [20.0] [cxt 0] source_routing.p4(126) Condition "hdr.srcRoutes[0].isValid()" (node_2) is false
[13:42:52.471] [bmv2] [T] [thread 3196] [20.0] [cxt 0] Applying table 'tbl_drop'
[13:42:52.471] [bmv2] [D] [thread 3196] [20.0] [cxt 0] Looking up key:

[13:42:52.471] [bmv2] [D] [thread 3196] [20.0] [cxt 0] Table 'tbl_drop': miss
[13:42:52.471] [bmv2] [D] [thread 3196] [20.0] [cxt 0] Action entry is MyIngress.drop - 
[13:42:52.471] [bmv2] [T] [thread 3196] [20.0] [cxt 0] Action MyIngress.drop
[13:42:52.471] [bmv2] [T] [thread 3196] [20.0] [cxt 0] source_routing.p4(109) Primitive mark_to_drop(standard_metadata)
[13:42:52.471] [bmv2] [D] [thread 3196] [20.0] [cxt 0] Pipeline 'ingress': end
[13:42:52.471] [bmv2] [D] [thread 3196] [20.0] [cxt 0] Egress port is 511
[13:42:52.471] [bmv2] [D] [thread 3196] [20.0] [cxt 0] Dropping packet at the end of ingress
[13:42:52.471] [bmv2] [D] [thread 3196] [21.0] [cxt 0] Processing packet received on port 1
[13:42:52.471] [bmv2] [D] [thread 3196] [21.0] [cxt 0] Parser 'parser': start
[13:42:52.471] [bmv2] [D] [thread 3196] [21.0] [cxt 0] Parser 'parser' entering state 'start'
[13:42:52.471] [bmv2] [D] [thread 3196] [21.0] [cxt 0] Extracting header 'ethernet'
[13:42:52.471] [bmv2] [D] [thread 3196] [21.0] [cxt 0] Parser state 'start': key is 86dd
[13:42:52.471] [bmv2] [T] [thread 3196] [21.0] [cxt 0] Bytes parsed: 14
[13:42:52.471] [bmv2] [D] [thread 3196] [21.0] [cxt 0] Parser 'parser': end
[13:42:52.471] [bmv2] [D] [thread 3196] [21.0] [cxt 0] Pipeline 'ingress': start
[13:42:52.471] [bmv2] [T] [thread 3196] [21.0] [cxt 0] source_routing.p4(126) Condition "hdr.srcRoutes[0].isValid()" (node_2) is false
[13:42:52.471] [bmv2] [T] [thread 3196] [21.0] [cxt 0] Applying table 'tbl_drop'
[13:42:52.471] [bmv2] [D] [thread 3196] [21.0] [cxt 0] Looking up key:

[13:42:52.471] [bmv2] [D] [thread 3196] [21.0] [cxt 0] Table 'tbl_drop': miss
[13:42:52.471] [bmv2] [D] [thread 3196] [21.0] [cxt 0] Action entry is MyIngress.drop - 
[13:42:52.471] [bmv2] [T] [thread 3196] [21.0] [cxt 0] Action MyIngress.drop
[13:42:52.471] [bmv2] [T] [thread 3196] [21.0] [cxt 0] source_routing.p4(109) Primitive mark_to_drop(standard_metadata)
[13:42:52.471] [bmv2] [D] [thread 3196] [21.0] [cxt 0] Pipeline 'ingress': end
[13:42:52.471] [bmv2] [D] [thread 3196] [21.0] [cxt 0] Egress port is 511
[13:42:52.471] [bmv2] [D] [thread 3196] [21.0] [cxt 0] Dropping packet at the end of ingress
[13:43:15.440] [bmv2] [D] [thread 3196] [22.0] [cxt 0] Processing packet received on port 1
[13:43:15.440] [bmv2] [D] [thread 3196] [22.0] [cxt 0] Parser 'parser': start
[13:43:15.440] [bmv2] [D] [thread 3196] [22.0] [cxt 0] Parser 'parser' entering state 'start'
[13:43:15.440] [bmv2] [D] [thread 3196] [22.0] [cxt 0] Extracting header 'ethernet'
[13:43:15.440] [bmv2] [D] [thread 3196] [22.0] [cxt 0] Parser state 'start': key is 1234
[13:43:15.440] [bmv2] [T] [thread 3196] [22.0] [cxt 0] Bytes parsed: 14
[13:43:15.440] [bmv2] [D] [thread 3196] [22.0] [cxt 0] Parser 'parser' entering state 'parse_srcRouting'
[13:43:15.440] [bmv2] [D] [thread 3196] [22.0] [cxt 0] Extracting to header stack 0, next header is 4
[13:43:15.440] [bmv2] [D] [thread 3196] [22.0] [cxt 0] Parser state 'parse_srcRouting': key is 00
[13:43:15.440] [bmv2] [T] [thread 3196] [22.0] [cxt 0] Bytes parsed: 16
[13:43:15.440] [bmv2] [D] [thread 3196] [22.0] [cxt 0] Parser 'parser' entering state 'parse_srcRouting'
[13:43:15.440] [bmv2] [D] [thread 3196] [22.0] [cxt 0] Extracting to header stack 0, next header is 5
[13:43:15.440] [bmv2] [D] [thread 3196] [22.0] [cxt 0] Parser state 'parse_srcRouting': key is 01
[13:43:15.440] [bmv2] [T] [thread 3196] [22.0] [cxt 0] Bytes parsed: 18
[13:43:15.440] [bmv2] [D] [thread 3196] [22.0] [cxt 0] Parser 'parser' entering state 'parse_ipv4'
[13:43:15.440] [bmv2] [D] [thread 3196] [22.0] [cxt 0] Extracting header 'ipv4'
[13:43:15.440] [bmv2] [D] [thread 3196] [22.0] [cxt 0] Parser state 'parse_ipv4' has no switch, going to default next state
[13:43:15.440] [bmv2] [T] [thread 3196] [22.0] [cxt 0] Bytes parsed: 38
[13:43:15.440] [bmv2] [D] [thread 3196] [22.0] [cxt 0] Parser 'parser': end
[13:43:15.440] [bmv2] [D] [thread 3196] [22.0] [cxt 0] Pipeline 'ingress': start
[13:43:15.440] [bmv2] [T] [thread 3196] [22.0] [cxt 0] source_routing.p4(126) Condition "hdr.srcRoutes[0].isValid()" (node_2) is true
[13:43:15.441] [bmv2] [T] [thread 3196] [22.0] [cxt 0] source_routing.p4(127) Condition "hdr.srcRoutes[0].bos == 1" (node_3) is false
[13:43:15.441] [bmv2] [T] [thread 3196] [22.0] [cxt 0] Applying table 'tbl_srcRoute_nhop'
[13:43:15.441] [bmv2] [D] [thread 3196] [22.0] [cxt 0] Looking up key:

[13:43:15.441] [bmv2] [D] [thread 3196] [22.0] [cxt 0] Table 'tbl_srcRoute_nhop': miss
[13:43:15.441] [bmv2] [D] [thread 3196] [22.0] [cxt 0] Action entry is MyIngress.srcRoute_nhop - 
[13:43:15.441] [bmv2] [T] [thread 3196] [22.0] [cxt 0] Action MyIngress.srcRoute_nhop
[13:43:15.441] [bmv2] [T] [thread 3196] [22.0] [cxt 0] source_routing.p4(113) Primitive standard_metadata.egress_spec = (bit<9>)hdr.srcRoutes[0].port
[13:43:15.441] [bmv2] [T] [thread 3196] [22.0] [cxt 0] source_routing.p4(114) Primitive hdr.srcRoutes.pop_front(1)
[13:43:15.441] [bmv2] [T] [thread 3196] [22.0] [cxt 0] source_routing.p4(131) Condition "hdr.ipv4.isValid()" (node_6) is true
[13:43:15.441] [bmv2] [T] [thread 3196] [22.0] [cxt 0] Applying table 'tbl_update_ttl'
[13:43:15.441] [bmv2] [D] [thread 3196] [22.0] [cxt 0] Looking up key:

[13:43:15.441] [bmv2] [D] [thread 3196] [22.0] [cxt 0] Table 'tbl_update_ttl': miss
[13:43:15.441] [bmv2] [D] [thread 3196] [22.0] [cxt 0] Action entry is MyIngress.update_ttl - 
[13:43:15.441] [bmv2] [T] [thread 3196] [22.0] [cxt 0] Action MyIngress.update_ttl
[13:43:15.441] [bmv2] [T] [thread 3196] [22.0] [cxt 0] source_routing.p4(122) Primitive hdr.ipv4.ttl = hdr.ipv4.ttl - 1
[13:43:15.441] [bmv2] [D] [thread 3196] [22.0] [cxt 0] Pipeline 'ingress': end
[13:43:15.441] [bmv2] [D] [thread 3196] [22.0] [cxt 0] Egress port is 2
[13:43:15.441] [bmv2] [D] [thread 3199] [22.0] [cxt 0] Pipeline 'egress': start
[13:43:15.441] [bmv2] [D] [thread 3199] [22.0] [cxt 0] Pipeline 'egress': end
[13:43:15.441] [bmv2] [D] [thread 3199] [22.0] [cxt 0] Deparser 'deparser': start
[13:43:15.441] [bmv2] [D] [thread 3199] [22.0] [cxt 0] Deparsing header 'ethernet'
[13:43:15.441] [bmv2] [D] [thread 3199] [22.0] [cxt 0] Deparsing header 'srcRoutes[0]'
[13:43:15.441] [bmv2] [D] [thread 3199] [22.0] [cxt 0] Deparsing header 'ipv4'
[13:43:15.441] [bmv2] [D] [thread 3199] [22.0] [cxt 0] Deparser 'deparser': end
[13:43:15.441] [bmv2] [D] [thread 3201] [22.0] [cxt 0] Transmitting packet of size 44 out of port 2
[13:43:19.095] [bmv2] [D] [thread 3196] [23.0] [cxt 0] Processing packet received on port 2
[13:43:19.095] [bmv2] [D] [thread 3196] [23.0] [cxt 0] Parser 'parser': start
[13:43:19.095] [bmv2] [D] [thread 3196] [23.0] [cxt 0] Parser 'parser' entering state 'start'
[13:43:19.095] [bmv2] [D] [thread 3196] [23.0] [cxt 0] Extracting header 'ethernet'
[13:43:19.095] [bmv2] [D] [thread 3196] [23.0] [cxt 0] Parser state 'start': key is 86dd
[13:43:19.095] [bmv2] [T] [thread 3196] [23.0] [cxt 0] Bytes parsed: 14
[13:43:19.095] [bmv2] [D] [thread 3196] [23.0] [cxt 0] Parser 'parser': end
[13:43:19.095] [bmv2] [D] [thread 3196] [23.0] [cxt 0] Pipeline 'ingress': start
[13:43:19.095] [bmv2] [T] [thread 3196] [23.0] [cxt 0] source_routing.p4(126) Condition "hdr.srcRoutes[0].isValid()" (node_2) is false
[13:43:19.095] [bmv2] [T] [thread 3196] [23.0] [cxt 0] Applying table 'tbl_drop'
[13:43:19.095] [bmv2] [D] [thread 3196] [23.0] [cxt 0] Looking up key:

[13:43:19.095] [bmv2] [D] [thread 3196] [23.0] [cxt 0] Table 'tbl_drop': miss
[13:43:19.095] [bmv2] [D] [thread 3196] [23.0] [cxt 0] Action entry is MyIngress.drop - 
[13:43:19.095] [bmv2] [T] [thread 3196] [23.0] [cxt 0] Action MyIngress.drop
[13:43:19.095] [bmv2] [T] [thread 3196] [23.0] [cxt 0] source_routing.p4(109) Primitive mark_to_drop(standard_metadata)
[13:43:19.095] [bmv2] [D] [thread 3196] [23.0] [cxt 0] Pipeline 'ingress': end
[13:43:19.095] [bmv2] [D] [thread 3196] [23.0] [cxt 0] Egress port is 511
[13:43:19.095] [bmv2] [D] [thread 3196] [23.0] [cxt 0] Dropping packet at the end of ingress
[13:43:25.239] [bmv2] [D] [thread 3196] [24.0] [cxt 0] Processing packet received on port 2
[13:43:25.239] [bmv2] [D] [thread 3196] [24.0] [cxt 0] Parser 'parser': start
[13:43:25.239] [bmv2] [D] [thread 3196] [24.0] [cxt 0] Parser 'parser' entering state 'start'
[13:43:25.239] [bmv2] [D] [thread 3196] [24.0] [cxt 0] Extracting header 'ethernet'
[13:43:25.239] [bmv2] [D] [thread 3196] [24.0] [cxt 0] Parser state 'start': key is 86dd
[13:43:25.239] [bmv2] [T] [thread 3196] [24.0] [cxt 0] Bytes parsed: 14
[13:43:25.239] [bmv2] [D] [thread 3196] [24.0] [cxt 0] Parser 'parser': end
[13:43:25.239] [bmv2] [D] [thread 3196] [24.0] [cxt 0] Pipeline 'ingress': start
[13:43:25.239] [bmv2] [T] [thread 3196] [24.0] [cxt 0] source_routing.p4(126) Condition "hdr.srcRoutes[0].isValid()" (node_2) is false
[13:43:25.239] [bmv2] [T] [thread 3196] [24.0] [cxt 0] Applying table 'tbl_drop'
[13:43:25.239] [bmv2] [D] [thread 3196] [24.0] [cxt 0] Looking up key:

[13:43:25.239] [bmv2] [D] [thread 3196] [24.0] [cxt 0] Table 'tbl_drop': miss
[13:43:25.239] [bmv2] [D] [thread 3196] [24.0] [cxt 0] Action entry is MyIngress.drop - 
[13:43:25.239] [bmv2] [T] [thread 3196] [24.0] [cxt 0] Action MyIngress.drop
[13:43:25.239] [bmv2] [T] [thread 3196] [24.0] [cxt 0] source_routing.p4(109) Primitive mark_to_drop(standard_metadata)
[13:43:25.239] [bmv2] [D] [thread 3196] [24.0] [cxt 0] Pipeline 'ingress': end
[13:43:25.239] [bmv2] [D] [thread 3196] [24.0] [cxt 0] Egress port is 511
[13:43:25.239] [bmv2] [D] [thread 3196] [24.0] [cxt 0] Dropping packet at the end of ingress
[13:43:27.286] [bmv2] [D] [thread 3196] [25.0] [cxt 0] Processing packet received on port 1
[13:43:27.286] [bmv2] [D] [thread 3196] [25.0] [cxt 0] Parser 'parser': start
[13:43:27.286] [bmv2] [D] [thread 3196] [25.0] [cxt 0] Parser 'parser' entering state 'start'
[13:43:27.286] [bmv2] [D] [thread 3196] [25.0] [cxt 0] Extracting header 'ethernet'
[13:43:27.286] [bmv2] [D] [thread 3196] [25.0] [cxt 0] Parser state 'start': key is 86dd
[13:43:27.286] [bmv2] [T] [thread 3196] [25.0] [cxt 0] Bytes parsed: 14
[13:43:27.286] [bmv2] [D] [thread 3196] [25.0] [cxt 0] Parser 'parser': end
[13:43:27.286] [bmv2] [D] [thread 3196] [25.0] [cxt 0] Pipeline 'ingress': start
[13:43:27.286] [bmv2] [T] [thread 3196] [25.0] [cxt 0] source_routing.p4(126) Condition "hdr.srcRoutes[0].isValid()" (node_2) is false
[13:43:27.286] [bmv2] [T] [thread 3196] [25.0] [cxt 0] Applying table 'tbl_drop'
[13:43:27.286] [bmv2] [D] [thread 3196] [25.0] [cxt 0] Looking up key:

[13:43:27.286] [bmv2] [D] [thread 3196] [25.0] [cxt 0] Table 'tbl_drop': miss
[13:43:27.286] [bmv2] [D] [thread 3196] [25.0] [cxt 0] Action entry is MyIngress.drop - 
[13:43:27.286] [bmv2] [T] [thread 3196] [25.0] [cxt 0] Action MyIngress.drop
[13:43:27.286] [bmv2] [T] [thread 3196] [25.0] [cxt 0] source_routing.p4(109) Primitive mark_to_drop(standard_metadata)
[13:43:27.286] [bmv2] [D] [thread 3196] [25.0] [cxt 0] Pipeline 'ingress': end
[13:43:27.286] [bmv2] [D] [thread 3196] [25.0] [cxt 0] Egress port is 511
[13:43:27.286] [bmv2] [D] [thread 3196] [25.0] [cxt 0] Dropping packet at the end of ingress
[13:43:29.335] [bmv2] [D] [thread 3196] [26.0] [cxt 0] Processing packet received on port 1
[13:43:29.335] [bmv2] [D] [thread 3196] [26.0] [cxt 0] Parser 'parser': start
[13:43:29.335] [bmv2] [D] [thread 3196] [26.0] [cxt 0] Parser 'parser' entering state 'start'
[13:43:29.335] [bmv2] [D] [thread 3196] [26.0] [cxt 0] Extracting header 'ethernet'
[13:43:29.335] [bmv2] [D] [thread 3196] [26.0] [cxt 0] Parser state 'start': key is 86dd
[13:43:29.335] [bmv2] [T] [thread 3196] [26.0] [cxt 0] Bytes parsed: 14
[13:43:29.335] [bmv2] [D] [thread 3196] [26.0] [cxt 0] Parser 'parser': end
[13:43:29.335] [bmv2] [D] [thread 3196] [26.0] [cxt 0] Pipeline 'ingress': start
[13:43:29.335] [bmv2] [T] [thread 3196] [26.0] [cxt 0] source_routing.p4(126) Condition "hdr.srcRoutes[0].isValid()" (node_2) is false
[13:43:29.335] [bmv2] [T] [thread 3196] [26.0] [cxt 0] Applying table 'tbl_drop'
[13:43:29.335] [bmv2] [D] [thread 3196] [26.0] [cxt 0] Looking up key:

[13:43:29.335] [bmv2] [D] [thread 3196] [26.0] [cxt 0] Table 'tbl_drop': miss
[13:43:29.335] [bmv2] [D] [thread 3196] [26.0] [cxt 0] Action entry is MyIngress.drop - 
[13:43:29.335] [bmv2] [T] [thread 3196] [26.0] [cxt 0] Action MyIngress.drop
[13:43:29.335] [bmv2] [T] [thread 3196] [26.0] [cxt 0] source_routing.p4(109) Primitive mark_to_drop(standard_metadata)
[13:43:29.335] [bmv2] [D] [thread 3196] [26.0] [cxt 0] Pipeline 'ingress': end
[13:43:29.335] [bmv2] [D] [thread 3196] [26.0] [cxt 0] Egress port is 511
[13:43:29.335] [bmv2] [D] [thread 3196] [26.0] [cxt 0] Dropping packet at the end of ingress
[13:43:38.369] [bmv2] [D] [thread 3196] [27.0] [cxt 0] Processing packet received on port 1
[13:43:38.369] [bmv2] [D] [thread 3196] [27.0] [cxt 0] Parser 'parser': start
[13:43:38.369] [bmv2] [D] [thread 3196] [27.0] [cxt 0] Parser 'parser' entering state 'start'
[13:43:38.369] [bmv2] [D] [thread 3196] [27.0] [cxt 0] Extracting header 'ethernet'
[13:43:38.369] [bmv2] [D] [thread 3196] [27.0] [cxt 0] Parser state 'start': key is 1234
[13:43:38.369] [bmv2] [T] [thread 3196] [27.0] [cxt 0] Bytes parsed: 14
[13:43:38.369] [bmv2] [D] [thread 3196] [27.0] [cxt 0] Parser 'parser' entering state 'parse_srcRouting'
[13:43:38.369] [bmv2] [D] [thread 3196] [27.0] [cxt 0] Extracting to header stack 0, next header is 4
[13:43:38.369] [bmv2] [D] [thread 3196] [27.0] [cxt 0] Parser state 'parse_srcRouting': key is 00
[13:43:38.369] [bmv2] [T] [thread 3196] [27.0] [cxt 0] Bytes parsed: 16
[13:43:38.369] [bmv2] [D] [thread 3196] [27.0] [cxt 0] Parser 'parser' entering state 'parse_srcRouting'
[13:43:38.369] [bmv2] [D] [thread 3196] [27.0] [cxt 0] Extracting to header stack 0, next header is 5
[13:43:38.369] [bmv2] [D] [thread 3196] [27.0] [cxt 0] Parser state 'parse_srcRouting': key is 01
[13:43:38.369] [bmv2] [T] [thread 3196] [27.0] [cxt 0] Bytes parsed: 18
[13:43:38.369] [bmv2] [D] [thread 3196] [27.0] [cxt 0] Parser 'parser' entering state 'parse_ipv4'
[13:43:38.369] [bmv2] [D] [thread 3196] [27.0] [cxt 0] Extracting header 'ipv4'
[13:43:38.369] [bmv2] [D] [thread 3196] [27.0] [cxt 0] Parser state 'parse_ipv4' has no switch, going to default next state
[13:43:38.369] [bmv2] [T] [thread 3196] [27.0] [cxt 0] Bytes parsed: 38
[13:43:38.369] [bmv2] [D] [thread 3196] [27.0] [cxt 0] Parser 'parser': end
[13:43:38.369] [bmv2] [D] [thread 3196] [27.0] [cxt 0] Pipeline 'ingress': start
[13:43:38.369] [bmv2] [T] [thread 3196] [27.0] [cxt 0] source_routing.p4(126) Condition "hdr.srcRoutes[0].isValid()" (node_2) is true
[13:43:38.369] [bmv2] [T] [thread 3196] [27.0] [cxt 0] source_routing.p4(127) Condition "hdr.srcRoutes[0].bos == 1" (node_3) is false
[13:43:38.369] [bmv2] [T] [thread 3196] [27.0] [cxt 0] Applying table 'tbl_srcRoute_nhop'
[13:43:38.369] [bmv2] [D] [thread 3196] [27.0] [cxt 0] Looking up key:

[13:43:38.369] [bmv2] [D] [thread 3196] [27.0] [cxt 0] Table 'tbl_srcRoute_nhop': miss
[13:43:38.369] [bmv2] [D] [thread 3196] [27.0] [cxt 0] Action entry is MyIngress.srcRoute_nhop - 
[13:43:38.369] [bmv2] [T] [thread 3196] [27.0] [cxt 0] Action MyIngress.srcRoute_nhop
[13:43:38.369] [bmv2] [T] [thread 3196] [27.0] [cxt 0] source_routing.p4(113) Primitive standard_metadata.egress_spec = (bit<9>)hdr.srcRoutes[0].port
[13:43:38.369] [bmv2] [T] [thread 3196] [27.0] [cxt 0] source_routing.p4(114) Primitive hdr.srcRoutes.pop_front(1)
[13:43:38.369] [bmv2] [T] [thread 3196] [27.0] [cxt 0] source_routing.p4(131) Condition "hdr.ipv4.isValid()" (node_6) is true
[13:43:38.369] [bmv2] [T] [thread 3196] [27.0] [cxt 0] Applying table 'tbl_update_ttl'
[13:43:38.369] [bmv2] [D] [thread 3196] [27.0] [cxt 0] Looking up key:

[13:43:38.369] [bmv2] [D] [thread 3196] [27.0] [cxt 0] Table 'tbl_update_ttl': miss
[13:43:38.369] [bmv2] [D] [thread 3196] [27.0] [cxt 0] Action entry is MyIngress.update_ttl - 
[13:43:38.369] [bmv2] [T] [thread 3196] [27.0] [cxt 0] Action MyIngress.update_ttl
[13:43:38.369] [bmv2] [T] [thread 3196] [27.0] [cxt 0] source_routing.p4(122) Primitive hdr.ipv4.ttl = hdr.ipv4.ttl - 1
[13:43:38.369] [bmv2] [D] [thread 3196] [27.0] [cxt 0] Pipeline 'ingress': end
[13:43:38.369] [bmv2] [D] [thread 3196] [27.0] [cxt 0] Egress port is 2
[13:43:38.369] [bmv2] [D] [thread 3199] [27.0] [cxt 0] Pipeline 'egress': start
[13:43:38.369] [bmv2] [D] [thread 3199] [27.0] [cxt 0] Pipeline 'egress': end
[13:43:38.369] [bmv2] [D] [thread 3199] [27.0] [cxt 0] Deparser 'deparser': start
[13:43:38.369] [bmv2] [D] [thread 3199] [27.0] [cxt 0] Deparsing header 'ethernet'
[13:43:38.369] [bmv2] [D] [thread 3199] [27.0] [cxt 0] Deparsing header 'srcRoutes[0]'
[13:43:38.369] [bmv2] [D] [thread 3199] [27.0] [cxt 0] Deparsing header 'ipv4'
[13:43:38.369] [bmv2] [D] [thread 3199] [27.0] [cxt 0] Deparser 'deparser': end
[13:43:38.369] [bmv2] [D] [thread 3201] [27.0] [cxt 0] Transmitting packet of size 44 out of port 2
[13:43:58.424] [bmv2] [D] [thread 3196] [28.0] [cxt 0] Processing packet received on port 1
[13:43:58.424] [bmv2] [D] [thread 3196] [28.0] [cxt 0] Parser 'parser': start
[13:43:58.424] [bmv2] [D] [thread 3196] [28.0] [cxt 0] Parser 'parser' entering state 'start'
[13:43:58.424] [bmv2] [D] [thread 3196] [28.0] [cxt 0] Extracting header 'ethernet'
[13:43:58.424] [bmv2] [D] [thread 3196] [28.0] [cxt 0] Parser state 'start': key is 1234
[13:43:58.424] [bmv2] [T] [thread 3196] [28.0] [cxt 0] Bytes parsed: 14
[13:43:58.424] [bmv2] [D] [thread 3196] [28.0] [cxt 0] Parser 'parser' entering state 'parse_srcRouting'
[13:43:58.424] [bmv2] [D] [thread 3196] [28.0] [cxt 0] Extracting to header stack 0, next header is 4
[13:43:58.424] [bmv2] [D] [thread 3196] [28.0] [cxt 0] Parser state 'parse_srcRouting': key is 00
[13:43:58.424] [bmv2] [T] [thread 3196] [28.0] [cxt 0] Bytes parsed: 16
[13:43:58.424] [bmv2] [D] [thread 3196] [28.0] [cxt 0] Parser 'parser' entering state 'parse_srcRouting'
[13:43:58.424] [bmv2] [D] [thread 3196] [28.0] [cxt 0] Extracting to header stack 0, next header is 5
[13:43:58.424] [bmv2] [D] [thread 3196] [28.0] [cxt 0] Parser state 'parse_srcRouting': key is 01
[13:43:58.424] [bmv2] [T] [thread 3196] [28.0] [cxt 0] Bytes parsed: 18
[13:43:58.424] [bmv2] [D] [thread 3196] [28.0] [cxt 0] Parser 'parser' entering state 'parse_ipv4'
[13:43:58.424] [bmv2] [D] [thread 3196] [28.0] [cxt 0] Extracting header 'ipv4'
[13:43:58.424] [bmv2] [D] [thread 3196] [28.0] [cxt 0] Parser state 'parse_ipv4' has no switch, going to default next state
[13:43:58.424] [bmv2] [T] [thread 3196] [28.0] [cxt 0] Bytes parsed: 38
[13:43:58.424] [bmv2] [D] [thread 3196] [28.0] [cxt 0] Parser 'parser': end
[13:43:58.424] [bmv2] [D] [thread 3196] [28.0] [cxt 0] Pipeline 'ingress': start
[13:43:58.424] [bmv2] [T] [thread 3196] [28.0] [cxt 0] source_routing.p4(126) Condition "hdr.srcRoutes[0].isValid()" (node_2) is true
[13:43:58.424] [bmv2] [T] [thread 3196] [28.0] [cxt 0] source_routing.p4(127) Condition "hdr.srcRoutes[0].bos == 1" (node_3) is false
[13:43:58.424] [bmv2] [T] [thread 3196] [28.0] [cxt 0] Applying table 'tbl_srcRoute_nhop'
[13:43:58.424] [bmv2] [D] [thread 3196] [28.0] [cxt 0] Looking up key:

[13:43:58.424] [bmv2] [D] [thread 3196] [28.0] [cxt 0] Table 'tbl_srcRoute_nhop': miss
[13:43:58.424] [bmv2] [D] [thread 3196] [28.0] [cxt 0] Action entry is MyIngress.srcRoute_nhop - 
[13:43:58.424] [bmv2] [T] [thread 3196] [28.0] [cxt 0] Action MyIngress.srcRoute_nhop
[13:43:58.424] [bmv2] [T] [thread 3196] [28.0] [cxt 0] source_routing.p4(113) Primitive standard_metadata.egress_spec = (bit<9>)hdr.srcRoutes[0].port
[13:43:58.424] [bmv2] [T] [thread 3196] [28.0] [cxt 0] source_routing.p4(114) Primitive hdr.srcRoutes.pop_front(1)
[13:43:58.424] [bmv2] [T] [thread 3196] [28.0] [cxt 0] source_routing.p4(131) Condition "hdr.ipv4.isValid()" (node_6) is true
[13:43:58.424] [bmv2] [T] [thread 3196] [28.0] [cxt 0] Applying table 'tbl_update_ttl'
[13:43:58.424] [bmv2] [D] [thread 3196] [28.0] [cxt 0] Looking up key:

[13:43:58.424] [bmv2] [D] [thread 3196] [28.0] [cxt 0] Table 'tbl_update_ttl': miss
[13:43:58.424] [bmv2] [D] [thread 3196] [28.0] [cxt 0] Action entry is MyIngress.update_ttl - 
[13:43:58.424] [bmv2] [T] [thread 3196] [28.0] [cxt 0] Action MyIngress.update_ttl
[13:43:58.424] [bmv2] [T] [thread 3196] [28.0] [cxt 0] source_routing.p4(122) Primitive hdr.ipv4.ttl = hdr.ipv4.ttl - 1
[13:43:58.424] [bmv2] [D] [thread 3196] [28.0] [cxt 0] Pipeline 'ingress': end
[13:43:58.424] [bmv2] [D] [thread 3196] [28.0] [cxt 0] Egress port is 2
[13:43:58.424] [bmv2] [D] [thread 3199] [28.0] [cxt 0] Pipeline 'egress': start
[13:43:58.424] [bmv2] [D] [thread 3199] [28.0] [cxt 0] Pipeline 'egress': end
[13:43:58.424] [bmv2] [D] [thread 3199] [28.0] [cxt 0] Deparser 'deparser': start
[13:43:58.424] [bmv2] [D] [thread 3199] [28.0] [cxt 0] Deparsing header 'ethernet'
[13:43:58.424] [bmv2] [D] [thread 3199] [28.0] [cxt 0] Deparsing header 'srcRoutes[0]'
[13:43:58.424] [bmv2] [D] [thread 3199] [28.0] [cxt 0] Deparsing header 'ipv4'
[13:43:58.424] [bmv2] [D] [thread 3199] [28.0] [cxt 0] Deparser 'deparser': end
[13:43:58.424] [bmv2] [D] [thread 3201] [28.0] [cxt 0] Transmitting packet of size 44 out of port 2
[13:44:22.585] [bmv2] [D] [thread 3196] [29.0] [cxt 0] Processing packet received on port 2
[13:44:22.585] [bmv2] [D] [thread 3196] [29.0] [cxt 0] Parser 'parser': start
[13:44:22.585] [bmv2] [D] [thread 3196] [29.0] [cxt 0] Parser 'parser' entering state 'start'
[13:44:22.585] [bmv2] [D] [thread 3196] [29.0] [cxt 0] Extracting header 'ethernet'
[13:44:22.585] [bmv2] [D] [thread 3196] [29.0] [cxt 0] Parser state 'start': key is 86dd
[13:44:22.585] [bmv2] [T] [thread 3196] [29.0] [cxt 0] Bytes parsed: 14
[13:44:22.585] [bmv2] [D] [thread 3196] [29.0] [cxt 0] Parser 'parser': end
[13:44:22.585] [bmv2] [D] [thread 3196] [29.0] [cxt 0] Pipeline 'ingress': start
[13:44:22.585] [bmv2] [T] [thread 3196] [29.0] [cxt 0] source_routing.p4(126) Condition "hdr.srcRoutes[0].isValid()" (node_2) is false
[13:44:22.585] [bmv2] [T] [thread 3196] [29.0] [cxt 0] Applying table 'tbl_drop'
[13:44:22.585] [bmv2] [D] [thread 3196] [29.0] [cxt 0] Looking up key:

[13:44:22.585] [bmv2] [D] [thread 3196] [29.0] [cxt 0] Table 'tbl_drop': miss
[13:44:22.585] [bmv2] [D] [thread 3196] [29.0] [cxt 0] Action entry is MyIngress.drop - 
[13:44:22.585] [bmv2] [T] [thread 3196] [29.0] [cxt 0] Action MyIngress.drop
[13:44:22.585] [bmv2] [T] [thread 3196] [29.0] [cxt 0] source_routing.p4(109) Primitive mark_to_drop(standard_metadata)
[13:44:22.585] [bmv2] [D] [thread 3196] [29.0] [cxt 0] Pipeline 'ingress': end
[13:44:22.585] [bmv2] [D] [thread 3196] [29.0] [cxt 0] Egress port is 511
[13:44:22.585] [bmv2] [D] [thread 3196] [29.0] [cxt 0] Dropping packet at the end of ingress
[13:44:30.774] [bmv2] [D] [thread 3196] [30.0] [cxt 0] Processing packet received on port 2
[13:44:30.774] [bmv2] [D] [thread 3196] [30.0] [cxt 0] Parser 'parser': start
[13:44:30.774] [bmv2] [D] [thread 3196] [30.0] [cxt 0] Parser 'parser' entering state 'start'
[13:44:30.774] [bmv2] [D] [thread 3196] [30.0] [cxt 0] Extracting header 'ethernet'
[13:44:30.774] [bmv2] [D] [thread 3196] [30.0] [cxt 0] Parser state 'start': key is 86dd
[13:44:30.774] [bmv2] [T] [thread 3196] [30.0] [cxt 0] Bytes parsed: 14
[13:44:30.774] [bmv2] [D] [thread 3196] [30.0] [cxt 0] Parser 'parser': end
[13:44:30.774] [bmv2] [D] [thread 3196] [30.0] [cxt 0] Pipeline 'ingress': start
[13:44:30.774] [bmv2] [T] [thread 3196] [30.0] [cxt 0] source_routing.p4(126) Condition "hdr.srcRoutes[0].isValid()" (node_2) is false
[13:44:30.774] [bmv2] [T] [thread 3196] [30.0] [cxt 0] Applying table 'tbl_drop'
[13:44:30.774] [bmv2] [D] [thread 3196] [30.0] [cxt 0] Looking up key:

[13:44:30.774] [bmv2] [D] [thread 3196] [30.0] [cxt 0] Table 'tbl_drop': miss
[13:44:30.774] [bmv2] [D] [thread 3196] [30.0] [cxt 0] Action entry is MyIngress.drop - 
[13:44:30.774] [bmv2] [T] [thread 3196] [30.0] [cxt 0] Action MyIngress.drop
[13:44:30.774] [bmv2] [T] [thread 3196] [30.0] [cxt 0] source_routing.p4(109) Primitive mark_to_drop(standard_metadata)
[13:44:30.774] [bmv2] [D] [thread 3196] [30.0] [cxt 0] Pipeline 'ingress': end
[13:44:30.774] [bmv2] [D] [thread 3196] [30.0] [cxt 0] Egress port is 511
[13:44:30.774] [bmv2] [D] [thread 3196] [30.0] [cxt 0] Dropping packet at the end of ingress
[13:44:36.919] [bmv2] [D] [thread 3196] [31.0] [cxt 0] Processing packet received on port 1
[13:44:36.919] [bmv2] [D] [thread 3196] [31.0] [cxt 0] Parser 'parser': start
[13:44:36.919] [bmv2] [D] [thread 3196] [31.0] [cxt 0] Parser 'parser' entering state 'start'
[13:44:36.919] [bmv2] [D] [thread 3196] [31.0] [cxt 0] Extracting header 'ethernet'
[13:44:36.919] [bmv2] [D] [thread 3196] [31.0] [cxt 0] Parser state 'start': key is 86dd
[13:44:36.919] [bmv2] [T] [thread 3196] [31.0] [cxt 0] Bytes parsed: 14
[13:44:36.919] [bmv2] [D] [thread 3196] [31.0] [cxt 0] Parser 'parser': end
[13:44:36.919] [bmv2] [D] [thread 3196] [31.0] [cxt 0] Pipeline 'ingress': start
[13:44:36.919] [bmv2] [T] [thread 3196] [31.0] [cxt 0] source_routing.p4(126) Condition "hdr.srcRoutes[0].isValid()" (node_2) is false
[13:44:36.919] [bmv2] [T] [thread 3196] [31.0] [cxt 0] Applying table 'tbl_drop'
[13:44:36.919] [bmv2] [D] [thread 3196] [31.0] [cxt 0] Looking up key:

[13:44:36.919] [bmv2] [D] [thread 3196] [31.0] [cxt 0] Table 'tbl_drop': miss
[13:44:36.919] [bmv2] [D] [thread 3196] [31.0] [cxt 0] Action entry is MyIngress.drop - 
[13:44:36.919] [bmv2] [T] [thread 3196] [31.0] [cxt 0] Action MyIngress.drop
[13:44:36.919] [bmv2] [T] [thread 3196] [31.0] [cxt 0] source_routing.p4(109) Primitive mark_to_drop(standard_metadata)
[13:44:36.919] [bmv2] [D] [thread 3196] [31.0] [cxt 0] Pipeline 'ingress': end
[13:44:36.919] [bmv2] [D] [thread 3196] [31.0] [cxt 0] Egress port is 511
[13:44:36.919] [bmv2] [D] [thread 3196] [31.0] [cxt 0] Dropping packet at the end of ingress
[13:44:36.919] [bmv2] [D] [thread 3196] [32.0] [cxt 0] Processing packet received on port 1
[13:44:36.919] [bmv2] [D] [thread 3196] [32.0] [cxt 0] Parser 'parser': start
[13:44:36.919] [bmv2] [D] [thread 3196] [32.0] [cxt 0] Parser 'parser' entering state 'start'
[13:44:36.919] [bmv2] [D] [thread 3196] [32.0] [cxt 0] Extracting header 'ethernet'
[13:44:36.919] [bmv2] [D] [thread 3196] [32.0] [cxt 0] Parser state 'start': key is 86dd
[13:44:36.919] [bmv2] [T] [thread 3196] [32.0] [cxt 0] Bytes parsed: 14
[13:44:36.919] [bmv2] [D] [thread 3196] [32.0] [cxt 0] Parser 'parser': end
[13:44:36.919] [bmv2] [D] [thread 3196] [32.0] [cxt 0] Pipeline 'ingress': start
[13:44:36.919] [bmv2] [T] [thread 3196] [32.0] [cxt 0] source_routing.p4(126) Condition "hdr.srcRoutes[0].isValid()" (node_2) is false
[13:44:36.919] [bmv2] [T] [thread 3196] [32.0] [cxt 0] Applying table 'tbl_drop'
[13:44:36.919] [bmv2] [D] [thread 3196] [32.0] [cxt 0] Looking up key:

[13:44:36.919] [bmv2] [D] [thread 3196] [32.0] [cxt 0] Table 'tbl_drop': miss
[13:44:36.919] [bmv2] [D] [thread 3196] [32.0] [cxt 0] Action entry is MyIngress.drop - 
[13:44:36.919] [bmv2] [T] [thread 3196] [32.0] [cxt 0] Action MyIngress.drop
[13:44:36.919] [bmv2] [T] [thread 3196] [32.0] [cxt 0] source_routing.p4(109) Primitive mark_to_drop(standard_metadata)
[13:44:36.919] [bmv2] [D] [thread 3196] [32.0] [cxt 0] Pipeline 'ingress': end
[13:44:36.919] [bmv2] [D] [thread 3196] [32.0] [cxt 0] Egress port is 511
[13:44:36.919] [bmv2] [D] [thread 3196] [32.0] [cxt 0] Dropping packet at the end of ingress
[13:44:53.053] [bmv2] [D] [thread 3196] [33.0] [cxt 0] Processing packet received on port 2
[13:44:53.053] [bmv2] [D] [thread 3196] [33.0] [cxt 0] Parser 'parser': start
[13:44:53.053] [bmv2] [D] [thread 3196] [33.0] [cxt 0] Parser 'parser' entering state 'start'
[13:44:53.053] [bmv2] [D] [thread 3196] [33.0] [cxt 0] Extracting header 'ethernet'
[13:44:53.053] [bmv2] [D] [thread 3196] [33.0] [cxt 0] Parser state 'start': key is 1234
[13:44:53.053] [bmv2] [T] [thread 3196] [33.0] [cxt 0] Bytes parsed: 14
[13:44:53.053] [bmv2] [D] [thread 3196] [33.0] [cxt 0] Parser 'parser' entering state 'parse_srcRouting'
[13:44:53.053] [bmv2] [D] [thread 3196] [33.0] [cxt 0] Extracting to header stack 0, next header is 4
[13:44:53.053] [bmv2] [D] [thread 3196] [33.0] [cxt 0] Parser state 'parse_srcRouting': key is 00
[13:44:53.053] [bmv2] [T] [thread 3196] [33.0] [cxt 0] Bytes parsed: 16
[13:44:53.053] [bmv2] [D] [thread 3196] [33.0] [cxt 0] Parser 'parser' entering state 'parse_srcRouting'
[13:44:53.053] [bmv2] [D] [thread 3196] [33.0] [cxt 0] Extracting to header stack 0, next header is 5
[13:44:53.053] [bmv2] [D] [thread 3196] [33.0] [cxt 0] Parser state 'parse_srcRouting': key is 00
[13:44:53.053] [bmv2] [T] [thread 3196] [33.0] [cxt 0] Bytes parsed: 18
[13:44:53.053] [bmv2] [D] [thread 3196] [33.0] [cxt 0] Parser 'parser' entering state 'parse_srcRouting'
[13:44:53.053] [bmv2] [D] [thread 3196] [33.0] [cxt 0] Extracting to header stack 0, next header is 6
[13:44:53.053] [bmv2] [D] [thread 3196] [33.0] [cxt 0] Parser state 'parse_srcRouting': key is 00
[13:44:53.053] [bmv2] [T] [thread 3196] [33.0] [cxt 0] Bytes parsed: 20
[13:44:53.053] [bmv2] [D] [thread 3196] [33.0] [cxt 0] Parser 'parser' entering state 'parse_srcRouting'
[13:44:53.053] [bmv2] [D] [thread 3196] [33.0] [cxt 0] Extracting to header stack 0, next header is 7
[13:44:53.053] [bmv2] [D] [thread 3196] [33.0] [cxt 0] Parser state 'parse_srcRouting': key is 01
[13:44:53.053] [bmv2] [T] [thread 3196] [33.0] [cxt 0] Bytes parsed: 22
[13:44:53.053] [bmv2] [D] [thread 3196] [33.0] [cxt 0] Parser 'parser' entering state 'parse_ipv4'
[13:44:53.053] [bmv2] [D] [thread 3196] [33.0] [cxt 0] Extracting header 'ipv4'
[13:44:53.053] [bmv2] [D] [thread 3196] [33.0] [cxt 0] Parser state 'parse_ipv4' has no switch, going to default next state
[13:44:53.053] [bmv2] [T] [thread 3196] [33.0] [cxt 0] Bytes parsed: 42
[13:44:53.053] [bmv2] [D] [thread 3196] [33.0] [cxt 0] Parser 'parser': end
[13:44:53.053] [bmv2] [D] [thread 3196] [33.0] [cxt 0] Pipeline 'ingress': start
[13:44:53.053] [bmv2] [T] [thread 3196] [33.0] [cxt 0] source_routing.p4(126) Condition "hdr.srcRoutes[0].isValid()" (node_2) is true
[13:44:53.053] [bmv2] [T] [thread 3196] [33.0] [cxt 0] source_routing.p4(127) Condition "hdr.srcRoutes[0].bos == 1" (node_3) is false
[13:44:53.053] [bmv2] [T] [thread 3196] [33.0] [cxt 0] Applying table 'tbl_srcRoute_nhop'
[13:44:53.053] [bmv2] [D] [thread 3196] [33.0] [cxt 0] Looking up key:

[13:44:53.053] [bmv2] [D] [thread 3196] [33.0] [cxt 0] Table 'tbl_srcRoute_nhop': miss
[13:44:53.053] [bmv2] [D] [thread 3196] [33.0] [cxt 0] Action entry is MyIngress.srcRoute_nhop - 
[13:44:53.053] [bmv2] [T] [thread 3196] [33.0] [cxt 0] Action MyIngress.srcRoute_nhop
[13:44:53.053] [bmv2] [T] [thread 3196] [33.0] [cxt 0] source_routing.p4(113) Primitive standard_metadata.egress_spec = (bit<9>)hdr.srcRoutes[0].port
[13:44:53.053] [bmv2] [T] [thread 3196] [33.0] [cxt 0] source_routing.p4(114) Primitive hdr.srcRoutes.pop_front(1)
[13:44:53.053] [bmv2] [T] [thread 3196] [33.0] [cxt 0] source_routing.p4(131) Condition "hdr.ipv4.isValid()" (node_6) is true
[13:44:53.053] [bmv2] [T] [thread 3196] [33.0] [cxt 0] Applying table 'tbl_update_ttl'
[13:44:53.053] [bmv2] [D] [thread 3196] [33.0] [cxt 0] Looking up key:

[13:44:53.053] [bmv2] [D] [thread 3196] [33.0] [cxt 0] Table 'tbl_update_ttl': miss
[13:44:53.053] [bmv2] [D] [thread 3196] [33.0] [cxt 0] Action entry is MyIngress.update_ttl - 
[13:44:53.053] [bmv2] [T] [thread 3196] [33.0] [cxt 0] Action MyIngress.update_ttl
[13:44:53.053] [bmv2] [T] [thread 3196] [33.0] [cxt 0] source_routing.p4(122) Primitive hdr.ipv4.ttl = hdr.ipv4.ttl - 1
[13:44:53.053] [bmv2] [D] [thread 3196] [33.0] [cxt 0] Pipeline 'ingress': end
[13:44:53.053] [bmv2] [D] [thread 3196] [33.0] [cxt 0] Egress port is 1
[13:44:53.053] [bmv2] [D] [thread 3198] [33.0] [cxt 0] Pipeline 'egress': start
[13:44:53.053] [bmv2] [D] [thread 3198] [33.0] [cxt 0] Pipeline 'egress': end
[13:44:53.053] [bmv2] [D] [thread 3198] [33.0] [cxt 0] Deparser 'deparser': start
[13:44:53.053] [bmv2] [D] [thread 3198] [33.0] [cxt 0] Deparsing header 'ethernet'
[13:44:53.053] [bmv2] [D] [thread 3198] [33.0] [cxt 0] Deparsing header 'srcRoutes[0]'
[13:44:53.053] [bmv2] [D] [thread 3198] [33.0] [cxt 0] Deparsing header 'srcRoutes[1]'
[13:44:53.053] [bmv2] [D] [thread 3198] [33.0] [cxt 0] Deparsing header 'srcRoutes[2]'
[13:44:53.053] [bmv2] [D] [thread 3198] [33.0] [cxt 0] Deparsing header 'ipv4'
[13:44:53.053] [bmv2] [D] [thread 3198] [33.0] [cxt 0] Deparser 'deparser': end
[13:44:53.053] [bmv2] [D] [thread 3201] [33.0] [cxt 0] Transmitting packet of size 48 out of port 1
